#
# A fatal error has been detected by the Java Runtime Environment:
#
#  SIGSEGV (0xb) at pc=0x00007f7f345327d6, pid=15183, tid=15214
#
# JRE version: OpenJDK Runtime Environment Temurin-17.0.7+7 (17.0.7+7) (build 17.0.7+7)
# Java VM: OpenJDK 64-Bit Server VM Temurin-17.0.7+7 (17.0.7+7, mixed mode, tiered, compressed oops, compressed class ptrs, g1 gc, linux-amd64)
# Problematic frame:
# C  [libnvwgf2umx.so+0x2c9e7d6]
#
# No core dump will be written. Core dumps have been disabled. To enable core dumping, try "ulimit -c unlimited" before starting Java again
#
# If you would like to submit a bug report, please visit:
#   https://github.com/adoptium/adoptium-support/issues
#

---------------  S U M M A R Y ------------

Command Line: -agentlib:jdwp=transport=dt_socket,server=n,suspend=y,address=localhost:40323 -XX:+ShowCodeDetailsInExceptionMessages mirage.App

Host: Intel(R) Core(TM) i9-9940X CPU @ 3.30GHz, 28 cores, 31G, Ubuntu 20.04.6 LTS
Time: Tue Jul  4 11:35:22 2023 EDT elapsed time: 2.569793 seconds (0d 0h 0m 2s)

---------------  T H R E A D  ---------------

Current thread is native thread

Stack: [0x00007f7f43801000,0x00007f7f44000000],  sp=0x00007f7f43ffee40,  free space=8183k
Native frames: (J=compiled Java code, j=interpreted, Vv=VM code, C=native code)
C  [libnvwgf2umx.so+0x2c9e7d6]


siginfo: si_signo: 11 (SIGSEGV), si_code: 1 (SEGV_MAPERR), si_addr: 0x00007f7f58740000

Registers:
RAX=0x0000000000000044, RBX=0x00007f7fc86dc880, RCX=0x00007f7fc86df401, RDX=0x00007f7f43ffee50
RSP=0x00007f7f43ffee40, RBP=0x0000000000000000, RSI=0x00007f7fc86dc880, RDI=0x00007f7fc865e980
R8 =0x00007f7fc865e980, R9 =0x00007fff32ac0080, R10=0x0000000002a6c7be, R11=0x0000000000000000
R12=0x00007f7f43ffeea7, R13=0x0000000000000000, R14=0x00007f7f58740000, R15=0x0000000000000000
RIP=0x00007f7f345327d6, EFLAGS=0x0000000000010246, CSGSFS=0x002b000000000033, ERR=0x0000000000000004
  TRAPNO=0x000000000000000e

Top of Stack: (sp=0x00007f7f43ffee40)
0x00007f7f43ffee40:   00007f7fc865e980 c86df4010004b36f
0x00007f7f43ffee50:   00007f7fc865ea88 00007f7f43ffee50
0x00007f7f43ffee60:   00007f7f43ffeea7 00007f7fc865e980
0x00007f7f43ffee70:   00007f7fc86dc880 00007f7f43ffeea7 

Instructions: (pc=0x00007f7f345327d6)
0x00007f7f345326d6:   8d 7c 24 30 e8 91 ed 8b fe 4c 89 ff e8 89 ed 8b
0x00007f7f345326e6:   fe 48 8b 44 24 38 48 81 c4 88 00 00 00 5b 41 5c
0x00007f7f345326f6:   41 5d 41 5e 41 5f 5d c3 eb 0a eb 37 eb 35 eb 44
0x00007f7f34532706:   eb 02 eb 2f 48 89 c3 48 8d 7c 24 30 e8 59 ed 8b
0x00007f7f34532716:   fe eb 23 eb 1e 48 89 c3 48 8d 7c 24 30 e8 48 ed
0x00007f7f34532726:   8b fe eb 03 48 89 c3 48 8d 7c 24 48 e8 39 ed 8b
0x00007f7f34532736:   fe eb 03 48 89 c3 48 8d 7c 24 40 e8 2a ed 8b fe
0x00007f7f34532746:   eb 05 eb 00 48 89 c3 48 8b 7c 24 38 e8 19 ed 8b
0x00007f7f34532756:   fe 48 89 df e8 11 22 75 fe cc 55 41 57 41 56 41
0x00007f7f34532766:   55 41 54 53 48 83 ec 28 f6 47 28 10 0f 84 53 01
0x00007f7f34532776:   00 00 48 89 f3 8b 46 10 85 c0 0f 84 45 01 00 00
0x00007f7f34532786:   49 89 d4 49 89 f8 4c 8b 73 28 b1 01 89 4c 24 0c
0x00007f7f34532796:   45 31 ff 48 8d 54 24 10 45 31 ed 4c 89 64 24 20
0x00007f7f345327a6:   48 89 3c 24 48 89 54 24 18 eb 25 90 90 90 90 90
0x00007f7f345327b6:   90 90 90 90 90 90 90 90 90 90 8b 43 10 49 83 c5
0x00007f7f345327c6:   01 89 c1 41 83 c7 01 49 39 cd 0f 83 f5 00 00 00
0x00007f7f345327d6:   43 8b 0c ae 0f b7 c9 42 3b 8c ab 4c 04 00 00 74
0x00007f7f345327e6:   dc 42 89 8c ab 4c 04 00 00 8b 4b 0c 85 c9 74 cd
0x00007f7f345327f6:   31 ed eb 1e 8b 73 04 4c 89 c7 44 89 ea 89 e9 e8
0x00007f7f34532806:   96 3b 03 00 4c 8b 04 24 83 c5 01 8b 4b 0c 39 cd
0x00007f7f34532816:   73 a8 41 0f af cf 01 e9 41 0f b6 84 0e 80 90 00
0x00007f7f34532826:   00 24 7f 8d 50 e0 80 fa 14 77 dd 48 8b 93 50 08
0x00007f7f34532836:   00 00 3a 04 0a 74 d1 88 04 0a 41 c6 04 24 01 41
0x00007f7f34532846:   80 78 2d 00 75 ae f6 44 24 0c 01 75 09 41 f6 40
0x00007f7f34532856:   28 20 75 b4 eb 33 4c 8d 64 24 10 4c 89 e7 4c 89
0x00007f7f34532866:   c6 48 89 da e8 01 2a 03 00 48 8b 3c 24 4c 89 e6
0x00007f7f34532876:   e8 75 e0 ff ff 4c 89 e7 e8 ed eb 8b fe c7 44 24
0x00007f7f34532886:   0c 00 00 00 00 4c 8b 04 24 8b 53 04 45 0f b6 48
0x00007f7f34532896:   2c 4c 8d 64 24 10 4c 89 e7 4c 89 c6 44 89 e9 41
0x00007f7f345328a6:   89 e8 e8 e3 29 03 00 48 8b 3c 24 4c 89 e6 e8 37
0x00007f7f345328b6:   e0 ff ff 4c 89 e7 e8 af eb 8b fe 4c 8b 64 24 20
0x00007f7f345328c6:   e9 3f ff ff ff 48 83 c4 28 5b 41 5c 41 5d 41 5e 



---------------  P R O C E S S  ---------------

VM state: at safepoint (shutting down)

VM Mutex/Monitor currently owned by a thread:  ([mutex/lock_event])
[0x00007f7fc8024120] Threads_lock - owner thread: 0x00007f7fc81cc1b0

Heap address: 0x000000060cc00000, size: 7988 MB, Compressed Oops mode: Zero based, Oop shift amount: 3

CDS archive(s) not mapped
Compressed class space mapped at: 0x0000000800000000-0x0000000840000000, reserved size: 1073741824
Narrow klass base: 0x0000000800000000, Narrow klass shift: 0, Narrow klass range: 0x40000000

GC Precious Log:
<Skipped>

Heap:
 garbage-first heap   total 512000K, used 8194K [0x000000060cc00000, 0x0000000800000000)
  region size 4096K, 3 young (12288K), 0 survivors (0K)
 Metaspace       used 8781K, committed 9024K, reserved 1114112K
  class space    used 736K, committed 832K, reserved 1048576K

Heap Regions: E=young(eden), S=young(survivor), O=old, HS=humongous(starts), HC=humongous(continues), CS=collection set, F=free, OA=open archive, CA=closed archive, TAMS=top-at-mark-start (previous, next)
|   0|0x000000060cc00000, 0x000000060cc00000, 0x000000060d000000|  0%| F|  |TAMS 0x000000060cc00000, 0x000000060cc00000| Untracked 
|   1|0x000000060d000000, 0x000000060d000000, 0x000000060d400000|  0%| F|  |TAMS 0x000000060d000000, 0x000000060d000000| Untracked 
|   2|0x000000060d400000, 0x000000060d400000, 0x000000060d800000|  0%| F|  |TAMS 0x000000060d400000, 0x000000060d400000| Untracked 
|   3|0x000000060d800000, 0x000000060d800000, 0x000000060dc00000|  0%| F|  |TAMS 0x000000060d800000, 0x000000060d800000| Untracked 
|   4|0x000000060dc00000, 0x000000060dc00000, 0x000000060e000000|  0%| F|  |TAMS 0x000000060dc00000, 0x000000060dc00000| Untracked 
|   5|0x000000060e000000, 0x000000060e000000, 0x000000060e400000|  0%| F|  |TAMS 0x000000060e000000, 0x000000060e000000| Untracked 
|   6|0x000000060e400000, 0x000000060e400000, 0x000000060e800000|  0%| F|  |TAMS 0x000000060e400000, 0x000000060e400000| Untracked 
|   7|0x000000060e800000, 0x000000060e800000, 0x000000060ec00000|  0%| F|  |TAMS 0x000000060e800000, 0x000000060e800000| Untracked 
|   8|0x000000060ec00000, 0x000000060ec00000, 0x000000060f000000|  0%| F|  |TAMS 0x000000060ec00000, 0x000000060ec00000| Untracked 
|   9|0x000000060f000000, 0x000000060f000000, 0x000000060f400000|  0%| F|  |TAMS 0x000000060f000000, 0x000000060f000000| Untracked 
|  10|0x000000060f400000, 0x000000060f400000, 0x000000060f800000|  0%| F|  |TAMS 0x000000060f400000, 0x000000060f400000| Untracked 
|  11|0x000000060f800000, 0x000000060f800000, 0x000000060fc00000|  0%| F|  |TAMS 0x000000060f800000, 0x000000060f800000| Untracked 
|  12|0x000000060fc00000, 0x000000060fc00000, 0x0000000610000000|  0%| F|  |TAMS 0x000000060fc00000, 0x000000060fc00000| Untracked 
|  13|0x0000000610000000, 0x0000000610000000, 0x0000000610400000|  0%| F|  |TAMS 0x0000000610000000, 0x0000000610000000| Untracked 
|  14|0x0000000610400000, 0x0000000610400000, 0x0000000610800000|  0%| F|  |TAMS 0x0000000610400000, 0x0000000610400000| Untracked 
|  15|0x0000000610800000, 0x0000000610800000, 0x0000000610c00000|  0%| F|  |TAMS 0x0000000610800000, 0x0000000610800000| Untracked 
|  16|0x0000000610c00000, 0x0000000610c00000, 0x0000000611000000|  0%| F|  |TAMS 0x0000000610c00000, 0x0000000610c00000| Untracked 
|  17|0x0000000611000000, 0x0000000611000000, 0x0000000611400000|  0%| F|  |TAMS 0x0000000611000000, 0x0000000611000000| Untracked 
|  18|0x0000000611400000, 0x0000000611400000, 0x0000000611800000|  0%| F|  |TAMS 0x0000000611400000, 0x0000000611400000| Untracked 
|  19|0x0000000611800000, 0x0000000611800000, 0x0000000611c00000|  0%| F|  |TAMS 0x0000000611800000, 0x0000000611800000| Untracked 
|  20|0x0000000611c00000, 0x0000000611c00000, 0x0000000612000000|  0%| F|  |TAMS 0x0000000611c00000, 0x0000000611c00000| Untracked 
|  21|0x0000000612000000, 0x0000000612000000, 0x0000000612400000|  0%| F|  |TAMS 0x0000000612000000, 0x0000000612000000| Untracked 
|  22|0x0000000612400000, 0x0000000612400000, 0x0000000612800000|  0%| F|  |TAMS 0x0000000612400000, 0x0000000612400000| Untracked 
|  23|0x0000000612800000, 0x0000000612800000, 0x0000000612c00000|  0%| F|  |TAMS 0x0000000612800000, 0x0000000612800000| Untracked 
|  24|0x0000000612c00000, 0x0000000612c00000, 0x0000000613000000|  0%| F|  |TAMS 0x0000000612c00000, 0x0000000612c00000| Untracked 
|  25|0x0000000613000000, 0x0000000613000000, 0x0000000613400000|  0%| F|  |TAMS 0x0000000613000000, 0x0000000613000000| Untracked 
|  26|0x0000000613400000, 0x0000000613400000, 0x0000000613800000|  0%| F|  |TAMS 0x0000000613400000, 0x0000000613400000| Untracked 
|  27|0x0000000613800000, 0x0000000613800000, 0x0000000613c00000|  0%| F|  |TAMS 0x0000000613800000, 0x0000000613800000| Untracked 
|  28|0x0000000613c00000, 0x0000000613c00000, 0x0000000614000000|  0%| F|  |TAMS 0x0000000613c00000, 0x0000000613c00000| Untracked 
|  29|0x0000000614000000, 0x0000000614000000, 0x0000000614400000|  0%| F|  |TAMS 0x0000000614000000, 0x0000000614000000| Untracked 
|  30|0x0000000614400000, 0x0000000614400000, 0x0000000614800000|  0%| F|  |TAMS 0x0000000614400000, 0x0000000614400000| Untracked 
|  31|0x0000000614800000, 0x0000000614800000, 0x0000000614c00000|  0%| F|  |TAMS 0x0000000614800000, 0x0000000614800000| Untracked 
|  32|0x0000000614c00000, 0x0000000614c00000, 0x0000000615000000|  0%| F|  |TAMS 0x0000000614c00000, 0x0000000614c00000| Untracked 
|  33|0x0000000615000000, 0x0000000615000000, 0x0000000615400000|  0%| F|  |TAMS 0x0000000615000000, 0x0000000615000000| Untracked 
|  34|0x0000000615400000, 0x0000000615400000, 0x0000000615800000|  0%| F|  |TAMS 0x0000000615400000, 0x0000000615400000| Untracked 
|  35|0x0000000615800000, 0x0000000615800000, 0x0000000615c00000|  0%| F|  |TAMS 0x0000000615800000, 0x0000000615800000| Untracked 
|  36|0x0000000615c00000, 0x0000000615c00000, 0x0000000616000000|  0%| F|  |TAMS 0x0000000615c00000, 0x0000000615c00000| Untracked 
|  37|0x0000000616000000, 0x0000000616000000, 0x0000000616400000|  0%| F|  |TAMS 0x0000000616000000, 0x0000000616000000| Untracked 
|  38|0x0000000616400000, 0x0000000616400000, 0x0000000616800000|  0%| F|  |TAMS 0x0000000616400000, 0x0000000616400000| Untracked 
|  39|0x0000000616800000, 0x0000000616800000, 0x0000000616c00000|  0%| F|  |TAMS 0x0000000616800000, 0x0000000616800000| Untracked 
|  40|0x0000000616c00000, 0x0000000616c00000, 0x0000000617000000|  0%| F|  |TAMS 0x0000000616c00000, 0x0000000616c00000| Untracked 
|  41|0x0000000617000000, 0x0000000617000000, 0x0000000617400000|  0%| F|  |TAMS 0x0000000617000000, 0x0000000617000000| Untracked 
|  42|0x0000000617400000, 0x0000000617400000, 0x0000000617800000|  0%| F|  |TAMS 0x0000000617400000, 0x0000000617400000| Untracked 
|  43|0x0000000617800000, 0x0000000617800000, 0x0000000617c00000|  0%| F|  |TAMS 0x0000000617800000, 0x0000000617800000| Untracked 
|  44|0x0000000617c00000, 0x0000000617c00000, 0x0000000618000000|  0%| F|  |TAMS 0x0000000617c00000, 0x0000000617c00000| Untracked 
|  45|0x0000000618000000, 0x0000000618000000, 0x0000000618400000|  0%| F|  |TAMS 0x0000000618000000, 0x0000000618000000| Untracked 
|  46|0x0000000618400000, 0x0000000618400000, 0x0000000618800000|  0%| F|  |TAMS 0x0000000618400000, 0x0000000618400000| Untracked 
|  47|0x0000000618800000, 0x0000000618800000, 0x0000000618c00000|  0%| F|  |TAMS 0x0000000618800000, 0x0000000618800000| Untracked 
|  48|0x0000000618c00000, 0x0000000618c00000, 0x0000000619000000|  0%| F|  |TAMS 0x0000000618c00000, 0x0000000618c00000| Untracked 
|  49|0x0000000619000000, 0x0000000619000000, 0x0000000619400000|  0%| F|  |TAMS 0x0000000619000000, 0x0000000619000000| Untracked 
|  50|0x0000000619400000, 0x0000000619400000, 0x0000000619800000|  0%| F|  |TAMS 0x0000000619400000, 0x0000000619400000| Untracked 
|  51|0x0000000619800000, 0x0000000619800000, 0x0000000619c00000|  0%| F|  |TAMS 0x0000000619800000, 0x0000000619800000| Untracked 
|  52|0x0000000619c00000, 0x0000000619c00000, 0x000000061a000000|  0%| F|  |TAMS 0x0000000619c00000, 0x0000000619c00000| Untracked 
|  53|0x000000061a000000, 0x000000061a000000, 0x000000061a400000|  0%| F|  |TAMS 0x000000061a000000, 0x000000061a000000| Untracked 
|  54|0x000000061a400000, 0x000000061a400000, 0x000000061a800000|  0%| F|  |TAMS 0x000000061a400000, 0x000000061a400000| Untracked 
|  55|0x000000061a800000, 0x000000061a800000, 0x000000061ac00000|  0%| F|  |TAMS 0x000000061a800000, 0x000000061a800000| Untracked 
|  56|0x000000061ac00000, 0x000000061ac00000, 0x000000061b000000|  0%| F|  |TAMS 0x000000061ac00000, 0x000000061ac00000| Untracked 
|  57|0x000000061b000000, 0x000000061b000000, 0x000000061b400000|  0%| F|  |TAMS 0x000000061b000000, 0x000000061b000000| Untracked 
|  58|0x000000061b400000, 0x000000061b400000, 0x000000061b800000|  0%| F|  |TAMS 0x000000061b400000, 0x000000061b400000| Untracked 
|  59|0x000000061b800000, 0x000000061b800000, 0x000000061bc00000|  0%| F|  |TAMS 0x000000061b800000, 0x000000061b800000| Untracked 
|  60|0x000000061bc00000, 0x000000061bc00000, 0x000000061c000000|  0%| F|  |TAMS 0x000000061bc00000, 0x000000061bc00000| Untracked 
|  61|0x000000061c000000, 0x000000061c000000, 0x000000061c400000|  0%| F|  |TAMS 0x000000061c000000, 0x000000061c000000| Untracked 
|  62|0x000000061c400000, 0x000000061c400000, 0x000000061c800000|  0%| F|  |TAMS 0x000000061c400000, 0x000000061c400000| Untracked 
|  63|0x000000061c800000, 0x000000061c800000, 0x000000061cc00000|  0%| F|  |TAMS 0x000000061c800000, 0x000000061c800000| Untracked 
|  64|0x000000061cc00000, 0x000000061cc00000, 0x000000061d000000|  0%| F|  |TAMS 0x000000061cc00000, 0x000000061cc00000| Untracked 
|  65|0x000000061d000000, 0x000000061d000000, 0x000000061d400000|  0%| F|  |TAMS 0x000000061d000000, 0x000000061d000000| Untracked 
|  66|0x000000061d400000, 0x000000061d400000, 0x000000061d800000|  0%| F|  |TAMS 0x000000061d400000, 0x000000061d400000| Untracked 
|  67|0x000000061d800000, 0x000000061d800000, 0x000000061dc00000|  0%| F|  |TAMS 0x000000061d800000, 0x000000061d800000| Untracked 
|  68|0x000000061dc00000, 0x000000061dc00000, 0x000000061e000000|  0%| F|  |TAMS 0x000000061dc00000, 0x000000061dc00000| Untracked 
|  69|0x000000061e000000, 0x000000061e000000, 0x000000061e400000|  0%| F|  |TAMS 0x000000061e000000, 0x000000061e000000| Untracked 
|  70|0x000000061e400000, 0x000000061e400000, 0x000000061e800000|  0%| F|  |TAMS 0x000000061e400000, 0x000000061e400000| Untracked 
|  71|0x000000061e800000, 0x000000061e800000, 0x000000061ec00000|  0%| F|  |TAMS 0x000000061e800000, 0x000000061e800000| Untracked 
|  72|0x000000061ec00000, 0x000000061ec00000, 0x000000061f000000|  0%| F|  |TAMS 0x000000061ec00000, 0x000000061ec00000| Untracked 
|  73|0x000000061f000000, 0x000000061f000000, 0x000000061f400000|  0%| F|  |TAMS 0x000000061f000000, 0x000000061f000000| Untracked 
|  74|0x000000061f400000, 0x000000061f400000, 0x000000061f800000|  0%| F|  |TAMS 0x000000061f400000, 0x000000061f400000| Untracked 
|  75|0x000000061f800000, 0x000000061f800000, 0x000000061fc00000|  0%| F|  |TAMS 0x000000061f800000, 0x000000061f800000| Untracked 
|  76|0x000000061fc00000, 0x000000061fc00000, 0x0000000620000000|  0%| F|  |TAMS 0x000000061fc00000, 0x000000061fc00000| Untracked 
|  77|0x0000000620000000, 0x0000000620000000, 0x0000000620400000|  0%| F|  |TAMS 0x0000000620000000, 0x0000000620000000| Untracked 
|  78|0x0000000620400000, 0x0000000620400000, 0x0000000620800000|  0%| F|  |TAMS 0x0000000620400000, 0x0000000620400000| Untracked 
|  79|0x0000000620800000, 0x0000000620800000, 0x0000000620c00000|  0%| F|  |TAMS 0x0000000620800000, 0x0000000620800000| Untracked 
|  80|0x0000000620c00000, 0x0000000620c00000, 0x0000000621000000|  0%| F|  |TAMS 0x0000000620c00000, 0x0000000620c00000| Untracked 
|  81|0x0000000621000000, 0x0000000621000000, 0x0000000621400000|  0%| F|  |TAMS 0x0000000621000000, 0x0000000621000000| Untracked 
|  82|0x0000000621400000, 0x0000000621400000, 0x0000000621800000|  0%| F|  |TAMS 0x0000000621400000, 0x0000000621400000| Untracked 
|  83|0x0000000621800000, 0x0000000621800000, 0x0000000621c00000|  0%| F|  |TAMS 0x0000000621800000, 0x0000000621800000| Untracked 
|  84|0x0000000621c00000, 0x0000000621c00000, 0x0000000622000000|  0%| F|  |TAMS 0x0000000621c00000, 0x0000000621c00000| Untracked 
|  85|0x0000000622000000, 0x0000000622000000, 0x0000000622400000|  0%| F|  |TAMS 0x0000000622000000, 0x0000000622000000| Untracked 
|  86|0x0000000622400000, 0x0000000622400000, 0x0000000622800000|  0%| F|  |TAMS 0x0000000622400000, 0x0000000622400000| Untracked 
|  87|0x0000000622800000, 0x0000000622800000, 0x0000000622c00000|  0%| F|  |TAMS 0x0000000622800000, 0x0000000622800000| Untracked 
|  88|0x0000000622c00000, 0x0000000622c00000, 0x0000000623000000|  0%| F|  |TAMS 0x0000000622c00000, 0x0000000622c00000| Untracked 
|  89|0x0000000623000000, 0x0000000623000000, 0x0000000623400000|  0%| F|  |TAMS 0x0000000623000000, 0x0000000623000000| Untracked 
|  90|0x0000000623400000, 0x0000000623400000, 0x0000000623800000|  0%| F|  |TAMS 0x0000000623400000, 0x0000000623400000| Untracked 
|  91|0x0000000623800000, 0x0000000623800000, 0x0000000623c00000|  0%| F|  |TAMS 0x0000000623800000, 0x0000000623800000| Untracked 
|  92|0x0000000623c00000, 0x0000000623c00000, 0x0000000624000000|  0%| F|  |TAMS 0x0000000623c00000, 0x0000000623c00000| Untracked 
|  93|0x0000000624000000, 0x0000000624000000, 0x0000000624400000|  0%| F|  |TAMS 0x0000000624000000, 0x0000000624000000| Untracked 
|  94|0x0000000624400000, 0x0000000624400000, 0x0000000624800000|  0%| F|  |TAMS 0x0000000624400000, 0x0000000624400000| Untracked 
|  95|0x0000000624800000, 0x0000000624800000, 0x0000000624c00000|  0%| F|  |TAMS 0x0000000624800000, 0x0000000624800000| Untracked 
|  96|0x0000000624c00000, 0x0000000624c00000, 0x0000000625000000|  0%| F|  |TAMS 0x0000000624c00000, 0x0000000624c00000| Untracked 
|  97|0x0000000625000000, 0x0000000625000000, 0x0000000625400000|  0%| F|  |TAMS 0x0000000625000000, 0x0000000625000000| Untracked 
|  98|0x0000000625400000, 0x0000000625400000, 0x0000000625800000|  0%| F|  |TAMS 0x0000000625400000, 0x0000000625400000| Untracked 
|  99|0x0000000625800000, 0x0000000625800000, 0x0000000625c00000|  0%| F|  |TAMS 0x0000000625800000, 0x0000000625800000| Untracked 
| 100|0x0000000625c00000, 0x0000000625c00000, 0x0000000626000000|  0%| F|  |TAMS 0x0000000625c00000, 0x0000000625c00000| Untracked 
| 101|0x0000000626000000, 0x0000000626000000, 0x0000000626400000|  0%| F|  |TAMS 0x0000000626000000, 0x0000000626000000| Untracked 
| 102|0x0000000626400000, 0x0000000626400000, 0x0000000626800000|  0%| F|  |TAMS 0x0000000626400000, 0x0000000626400000| Untracked 
| 103|0x0000000626800000, 0x0000000626800000, 0x0000000626c00000|  0%| F|  |TAMS 0x0000000626800000, 0x0000000626800000| Untracked 
| 104|0x0000000626c00000, 0x0000000626c00000, 0x0000000627000000|  0%| F|  |TAMS 0x0000000626c00000, 0x0000000626c00000| Untracked 
| 105|0x0000000627000000, 0x0000000627000000, 0x0000000627400000|  0%| F|  |TAMS 0x0000000627000000, 0x0000000627000000| Untracked 
| 106|0x0000000627400000, 0x0000000627400000, 0x0000000627800000|  0%| F|  |TAMS 0x0000000627400000, 0x0000000627400000| Untracked 
| 107|0x0000000627800000, 0x0000000627800000, 0x0000000627c00000|  0%| F|  |TAMS 0x0000000627800000, 0x0000000627800000| Untracked 
| 108|0x0000000627c00000, 0x0000000627c00000, 0x0000000628000000|  0%| F|  |TAMS 0x0000000627c00000, 0x0000000627c00000| Untracked 
| 109|0x0000000628000000, 0x0000000628000000, 0x0000000628400000|  0%| F|  |TAMS 0x0000000628000000, 0x0000000628000000| Untracked 
| 110|0x0000000628400000, 0x0000000628400000, 0x0000000628800000|  0%| F|  |TAMS 0x0000000628400000, 0x0000000628400000| Untracked 
| 111|0x0000000628800000, 0x0000000628800000, 0x0000000628c00000|  0%| F|  |TAMS 0x0000000628800000, 0x0000000628800000| Untracked 
| 112|0x0000000628c00000, 0x0000000628c00000, 0x0000000629000000|  0%| F|  |TAMS 0x0000000628c00000, 0x0000000628c00000| Untracked 
| 113|0x0000000629000000, 0x0000000629000000, 0x0000000629400000|  0%| F|  |TAMS 0x0000000629000000, 0x0000000629000000| Untracked 
| 114|0x0000000629400000, 0x0000000629400000, 0x0000000629800000|  0%| F|  |TAMS 0x0000000629400000, 0x0000000629400000| Untracked 
| 115|0x0000000629800000, 0x0000000629800000, 0x0000000629c00000|  0%| F|  |TAMS 0x0000000629800000, 0x0000000629800000| Untracked 
| 116|0x0000000629c00000, 0x0000000629c00000, 0x000000062a000000|  0%| F|  |TAMS 0x0000000629c00000, 0x0000000629c00000| Untracked 
| 117|0x000000062a000000, 0x000000062a000000, 0x000000062a400000|  0%| F|  |TAMS 0x000000062a000000, 0x000000062a000000| Untracked 
| 118|0x000000062a400000, 0x000000062a400000, 0x000000062a800000|  0%| F|  |TAMS 0x000000062a400000, 0x000000062a400000| Untracked 
| 119|0x000000062a800000, 0x000000062a800000, 0x000000062ac00000|  0%| F|  |TAMS 0x000000062a800000, 0x000000062a800000| Untracked 
| 120|0x000000062ac00000, 0x000000062ac00000, 0x000000062b000000|  0%| F|  |TAMS 0x000000062ac00000, 0x000000062ac00000| Untracked 
| 121|0x000000062b000000, 0x000000062b000000, 0x000000062b400000|  0%| F|  |TAMS 0x000000062b000000, 0x000000062b000000| Untracked 
| 122|0x000000062b400000, 0x000000062b400800, 0x000000062b800000|  0%| E|  |TAMS 0x000000062b400000, 0x000000062b400000| Complete 
| 123|0x000000062b800000, 0x000000062bc00000, 0x000000062bc00000|100%| E|CS|TAMS 0x000000062b800000, 0x000000062b800000| Complete 
| 124|0x000000062bc00000, 0x000000062c000000, 0x000000062c000000|100%| E|CS|TAMS 0x000000062bc00000, 0x000000062bc00000| Complete 

Card table byte_map: [0x00007f7fb5450000,0x00007f7fb63ea000] _byte_map_base: 0x00007f7fb23ea000

Marking Bits (Prev, Next): (CMBitMap*) 0x00007f7fc8057de0, (CMBitMap*) 0x00007f7fc8057e20
 Prev Bits: [0x00007f7fac7e6000, 0x00007f7fb44b6000)
 Next Bits: [0x00007f7fa4b16000, 0x00007f7fac7e6000)

Polling page: 0x00007f7fcfeca000

Metaspace:

Usage:
  Non-class:      7.86 MB used.
      Class:    736.83 KB used.
       Both:      8.58 MB used.

Virtual space:
  Non-class space:       64.00 MB reserved,       8.00 MB ( 12%) committed,  1 nodes.
      Class space:        1.00 GB reserved,     832.00 KB ( <1%) committed,  1 nodes.
             Both:        1.06 GB reserved,       8.81 MB ( <1%) committed. 

Chunk freelists:
   Non-Class:  7.67 MB
       Class:  15.17 MB
        Both:  22.84 MB

MaxMetaspaceSize: unlimited
CompressedClassSpaceSize: 1.00 GB
Initial GC threshold: 21.00 MB
Current GC threshold: 21.00 MB
CDS: off
MetaspaceReclaimPolicy: balanced
 - commit_granule_bytes: 65536.
 - commit_granule_words: 8192.
 - virtual_space_node_default_size: 8388608.
 - enlarge_chunks_in_place: 1.
 - new_chunks_are_fully_committed: 0.
 - uncommit_free_chunks: 1.
 - use_allocation_guard: 0.
 - handle_deallocations: 1.


Internal statistics:

num_allocs_failed_limit: 0.
num_arena_births: 64.
num_arena_deaths: 0.
num_vsnodes_births: 2.
num_vsnodes_deaths: 0.
num_space_committed: 139.
num_space_uncommitted: 0.
num_chunks_returned_to_freelist: 0.
num_chunks_taken_from_freelist: 153.
num_chunk_merges: 0.
num_chunk_splits: 96.
num_chunks_enlarged: 61.
num_inconsistent_stats: 0.

CodeHeap 'non-profiled nmethods': size=119168Kb used=182Kb max_used=182Kb free=118986Kb
 bounds [0x00007f7fbdf8a000, 0x00007f7fbe1fa000, 0x00007f7fc53ea000]
CodeHeap 'profiled nmethods': size=119164Kb used=1031Kb max_used=1031Kb free=118132Kb
 bounds [0x00007f7fb63ea000, 0x00007f7fb665a000, 0x00007f7fbd849000]
CodeHeap 'non-nmethods': size=7428Kb used=2191Kb max_used=2193Kb free=5236Kb
 bounds [0x00007f7fbd849000, 0x00007f7fbdab9000, 0x00007f7fbdf8a000]
 total_blobs=1645 nmethods=644 adapters=914
 compilation: enabled
              stopped_count=0, restarted_count=0
 full_count=0

Compilation events (20 events):
Event: 0.693 Thread 0x00007f7fc82089e0  631       3       java.util.HashMap::containsKey (14 bytes)
Event: 0.694 Thread 0x00007f7f64084fb0 nmethod 630 0x00007f7fb64e9f10 code [0x00007f7fb64ea0c0, 0x00007f7fb64ea360]
Event: 0.694 Thread 0x00007f7fc82089e0 nmethod 631 0x00007f7fb64ea490 code [0x00007f7fb64ea640, 0x00007f7fb64ea7e0]
Event: 0.696 Thread 0x00007f7fc82074b0 nmethod 629 0x00007f7fbdfb5610 code [0x00007f7fbdfb57a0, 0x00007f7fbdfb59b8]
Event: 0.696 Thread 0x00007f7fc82074b0  632       4       org.lwjgl.system.MemoryStack::pop (22 bytes)
Event: 0.696 Thread 0x00007f7fc82074b0 nmethod 632 0x00007f7fbdfb5b90 code [0x00007f7fbdfb5d20, 0x00007f7fbdfb5df8]
Event: 0.708 Thread 0x00007f7fc82089e0  633       1       org.lwjgl.system.CustomBuffer::limit (5 bytes)
Event: 0.708 Thread 0x00007f7fc82074b0  634       4       org.lwjgl.PointerBuffer::get (22 bytes)
Event: 0.708 Thread 0x00007f7fc82089e0 nmethod 633 0x00007f7fbdfb5e90 code [0x00007f7fbdfb6020, 0x00007f7fbdfb60f0]
Event: 0.709 Thread 0x00007f7fc82074b0 nmethod 634 0x00007f7fbdfb6190 code [0x00007f7fbdfb6320, 0x00007f7fbdfb6418]
Event: 0.932 Thread 0x00007f7fc82089e0  636       3       org.lwjgl.opengl.GL11::glClearColor (8 bytes)
Event: 0.932 Thread 0x00007f7fc82089e0 nmethod 636 0x00007f7fb64ea890 code [0x00007f7fb64eaa40, 0x00007f7fb64eab80]
Event: 0.933 Thread 0x00007f7fc82089e0  639       3       org.lwjgl.glfw.GLFW::glfwWindowShouldClose (29 bytes)
Event: 0.933 Thread 0x00007f7f64084fb0  641       3       org.lwjgl.opengl.GL11::glClear (5 bytes)
Event: 0.933 Thread 0x00007f7f64084fb0 nmethod 641 0x00007f7fb64eac10 code [0x00007f7fb64eadc0, 0x00007f7fb64eaee0]
Event: 0.933 Thread 0x00007f7fc82089e0 nmethod 639 0x00007f7fb64eaf90 code [0x00007f7fb64eb160, 0x00007f7fb64eb450]
Event: 0.933 Thread 0x00007f7f64084fb0  643       3       org.lwjgl.glfw.GLFW::glfwSwapBuffers (21 bytes)
Event: 0.933 Thread 0x00007f7f64084fb0 nmethod 643 0x00007f7fb64eb590 code [0x00007f7fb64eb760, 0x00007f7fb64eb9f0]
Event: 0.934 Thread 0x00007f7f64084fb0  644       3       org.lwjgl.glfw.GLFW::glfwPollEvents (9 bytes)
Event: 0.934 Thread 0x00007f7f64084fb0 nmethod 644 0x00007f7fb64ebb90 code [0x00007f7fb64ebd40, 0x00007f7fb64ebe60]

GC Heap History (0 events):
No events

Dll operation events (7 events):
Event: 0.002 Loaded shared library /root/.vscode-server/extensions/redhat.java-1.20.0-linux-x64/jre/17.0.7-linux-x86_64/lib/libjava.so
Event: 0.188 Loaded shared library /root/.vscode-server/extensions/redhat.java-1.20.0-linux-x64/jre/17.0.7-linux-x86_64/lib/libnio.so
Event: 0.197 Loaded shared library /root/.vscode-server/extensions/redhat.java-1.20.0-linux-x64/jre/17.0.7-linux-x86_64/lib/libzip.so
Event: 0.258 Loaded shared library /root/.vscode-server/extensions/redhat.java-1.20.0-linux-x64/jre/17.0.7-linux-x86_64/lib/libjimage.so
Event: 0.266 Loaded shared library /root/.vscode-server/extensions/redhat.java-1.20.0-linux-x64/jre/17.0.7-linux-x86_64/lib/libnet.so
Event: 0.273 Loaded shared library /tmp/lwjgl_root/3.3.2+13/x64/liblwjgl.so
Event: 0.656 Loaded shared library /tmp/lwjgl_root/3.3.2+13/x64/liblwjgl_opengl.so

Deoptimization events (20 events):
Event: 0.661 Thread 0x00007f7fc80279e0 DEOPT PACKING pc=0x00007f7fb646f19a sp=0x00007f7fce7d1b10
Event: 0.661 Thread 0x00007f7fc80279e0 DEOPT UNPACKING pc=0x00007f7fbd89fe2f sp=0x00007f7fce7d0fb8 mode 0
Event: 0.661 Thread 0x00007f7fc80279e0 DEOPT PACKING pc=0x00007f7fb646f19a sp=0x00007f7fce7d1b10
Event: 0.661 Thread 0x00007f7fc80279e0 DEOPT UNPACKING pc=0x00007f7fbd89fe2f sp=0x00007f7fce7d0fb8 mode 0
Event: 0.661 Thread 0x00007f7fc80279e0 DEOPT PACKING pc=0x00007f7fb646f19a sp=0x00007f7fce7d1b10
Event: 0.661 Thread 0x00007f7fc80279e0 DEOPT UNPACKING pc=0x00007f7fbd89fe2f sp=0x00007f7fce7d0fb8 mode 0
Event: 0.661 Thread 0x00007f7fc80279e0 DEOPT PACKING pc=0x00007f7fb646f2a9 sp=0x00007f7fce7d1b10
Event: 0.661 Thread 0x00007f7fc80279e0 DEOPT UNPACKING pc=0x00007f7fbd89fe2f sp=0x00007f7fce7d0fb8 mode 0
Event: 0.661 Thread 0x00007f7fc80279e0 DEOPT PACKING pc=0x00007f7fb646f2a9 sp=0x00007f7fce7d1b10
Event: 0.661 Thread 0x00007f7fc80279e0 DEOPT UNPACKING pc=0x00007f7fbd89fe2f sp=0x00007f7fce7d0fb8 mode 0
Event: 0.661 Thread 0x00007f7fc80279e0 DEOPT PACKING pc=0x00007f7fb646f19a sp=0x00007f7fce7d1b10
Event: 0.661 Thread 0x00007f7fc80279e0 DEOPT UNPACKING pc=0x00007f7fbd89fe2f sp=0x00007f7fce7d0fb8 mode 0
Event: 0.661 Thread 0x00007f7fc80279e0 DEOPT PACKING pc=0x00007f7fb646f19a sp=0x00007f7fce7d1b10
Event: 0.661 Thread 0x00007f7fc80279e0 DEOPT UNPACKING pc=0x00007f7fbd89fe2f sp=0x00007f7fce7d0fb8 mode 0
Event: 0.661 Thread 0x00007f7fc80279e0 DEOPT PACKING pc=0x00007f7fb646f19a sp=0x00007f7fce7d1b10
Event: 0.661 Thread 0x00007f7fc80279e0 DEOPT UNPACKING pc=0x00007f7fbd89fe2f sp=0x00007f7fce7d0fb8 mode 0
Event: 0.661 Thread 0x00007f7fc80279e0 DEOPT PACKING pc=0x00007f7fb646f19a sp=0x00007f7fce7d1b10
Event: 0.661 Thread 0x00007f7fc80279e0 DEOPT UNPACKING pc=0x00007f7fbd89fe2f sp=0x00007f7fce7d0fb8 mode 0
Event: 0.661 Thread 0x00007f7fc80279e0 DEOPT PACKING pc=0x00007f7fb646f2a9 sp=0x00007f7fce7d1b10
Event: 0.661 Thread 0x00007f7fc80279e0 DEOPT UNPACKING pc=0x00007f7fbd89fe2f sp=0x00007f7fce7d0fb8 mode 0

Classes unloaded (0 events):
No events

Classes redefined (0 events):
No events

Internal exceptions (16 events):
Event: 0.234 Thread 0x00007f7fc80279e0 Exception <a 'java/lang/NoSuchMethodError'{0x000000062bf428e8}: 'java.lang.Object java.lang.invoke.DirectMethodHandle$Holder.invokeStaticInit(java.lang.Object)'> (0x000000062bf428e8) 
thrown [src/hotspot/share/interpreter/linkResolver.cpp, line 758]
Event: 0.245 Thread 0x00007f7fc80279e0 Exception <a 'java/lang/NoSuchMethodError'{0x000000062bf8f668}: 'void java.lang.invoke.DirectMethodHandle$Holder.invokeStatic(java.lang.Object, java.lang.Object)'> (0x000000062bf8f668) 
thrown [src/hotspot/share/interpreter/linkResolver.cpp, line 758]
Event: 0.247 Thread 0x00007f7fc80279e0 Exception <a 'java/lang/NoSuchMethodError'{0x000000062bf94eb0}: 'void java.lang.invoke.DirectMethodHandle$Holder.invokeSpecial(java.lang.Object, java.lang.Object, java.lang.Object)'> (0x000000062bf94eb0) 
thrown [src/hotspot/share/interpreter/linkResolver.cpp, line 758]
Event: 0.249 Thread 0x00007f7fc80279e0 Exception <a 'java/lang/NoSuchMethodError'{0x000000062bfa8210}: 'java.lang.Object java.lang.invoke.DirectMethodHandle$Holder.invokeStatic(java.lang.Object, java.lang.Object, int)'> (0x000000062bfa8210) 
thrown [src/hotspot/share/interpreter/linkResolver.cpp, line 758]
Event: 0.250 Thread 0x00007f7fc80279e0 Exception <a 'java/lang/NoSuchMethodError'{0x000000062bfb3f80}: 'void java.lang.invoke.DelegatingMethodHandle$Holder.delegate(java.lang.Object, java.lang.Object, int, java.lang.Object)'> (0x000000062bfb3f80) 
thrown [src/hotspot/share/interpreter/linkResolver.cpp, line 758]
Event: 0.251 Thread 0x00007f7fc80279e0 Exception <a 'java/lang/NoSuchMethodError'{0x000000062bfb81c0}: 'int java.lang.invoke.DirectMethodHandle$Holder.invokeSpecial(java.lang.Object, java.lang.Object, java.lang.Object)'> (0x000000062bfb81c0) 
thrown [src/hotspot/share/interpreter/linkResolver.cpp, line 758]
Event: 0.273 Thread 0x00007f7fc80279e0 Exception <a 'sun/nio/fs/UnixException'{0x000000062b83d9f8}> (0x000000062b83d9f8) 
thrown [src/hotspot/share/prims/jni.cpp, line 516]
Event: 0.317 Thread 0x00007f7fc80279e0 Exception <a 'java/lang/NoSuchMethodError'{0x000000062b910f70}: 'int java.lang.invoke.DirectMethodHandle$Holder.invokeStaticInit(java.lang.Object, java.lang.Object, int, long)'> (0x000000062b910f70) 
thrown [src/hotspot/share/interpreter/linkResolver.cpp, line 758]
Event: 0.317 Thread 0x00007f7fc80279e0 Exception <a 'java/lang/NoSuchMethodError'{0x000000062b916838}: 'java.lang.Object java.lang.invoke.DirectMethodHandle$Holder.newInvokeSpecial(java.lang.Object, java.lang.Object, int)'> (0x000000062b916838) 
thrown [src/hotspot/share/interpreter/linkResolver.cpp, line 758]
Event: 0.319 Thread 0x00007f7fc80279e0 Exception <a 'java/lang/NoSuchMethodError'{0x000000062b925350}: 'int java.lang.invoke.DirectMethodHandle$Holder.invokeStaticInit(java.lang.Object, java.lang.Object, long, long)'> (0x000000062b925350) 
thrown [src/hotspot/share/interpreter/linkResolver.cpp, line 758]
Event: 0.319 Thread 0x00007f7fc80279e0 Exception <a 'java/lang/NoSuchMethodError'{0x000000062b92b460}: 'java.lang.Object java.lang.invoke.DirectMethodHandle$Holder.newInvokeSpecial(java.lang.Object, java.lang.Object, long)'> (0x000000062b92b460) 
thrown [src/hotspot/share/interpreter/linkResolver.cpp, line 758]
Event: 0.320 Thread 0x00007f7fc80279e0 Exception <a 'java/lang/NoSuchMethodError'{0x000000062b92f4a8}: 'java.lang.Object java.lang.invoke.Invokers$Holder.linkToTargetMethod(java.lang.Object, long, java.lang.Object)'> (0x000000062b92f4a8) 
thrown [src/hotspot/share/interpreter/linkResolver.cpp, line 758]
Event: 0.321 Thread 0x00007f7fc80279e0 Exception <a 'java/lang/NoSuchMethodError'{0x000000062b936bc0}: 'int java.lang.invoke.DirectMethodHandle$Holder.invokeStaticInit(java.lang.Object, java.lang.Object, java.lang.Object, long)'> (0x000000062b936bc0) 
thrown [src/hotspot/share/interpreter/linkResolver.cpp, line 758]
Event: 0.337 Thread 0x00007f7fc80279e0 Exception <a 'sun/nio/fs/UnixException'{0x000000062b9db1d0}> (0x000000062b9db1d0) 
thrown [src/hotspot/share/prims/jni.cpp, line 516]
Event: 0.656 Thread 0x00007f7fc80279e0 Exception <a 'sun/nio/fs/UnixException'{0x000000062ba635f0}> (0x000000062ba635f0) 
thrown [src/hotspot/share/prims/jni.cpp, line 516]
Event: 0.662 Thread 0x00007f7fc80279e0 Exception <a 'sun/nio/fs/UnixException'{0x000000062ba6c388}> (0x000000062ba6c388) 
thrown [src/hotspot/share/prims/jni.cpp, line 516]

VM Operations (6 events):
Event: 0.061 Executing VM operation: ChangeBreakpoints
Event: 0.061 Executing VM operation: ChangeBreakpoints done
Event: 0.198 Executing VM operation: HandshakeAllThreads
Event: 0.198 Executing VM operation: HandshakeAllThreads done
Event: 1.198 Executing VM operation: Cleanup
Event: 1.198 Executing VM operation: Cleanup done

Events (20 events):
Event: 0.337 loading class java/lang/NoSuchFieldError done
Event: 0.345 loading class jdk/internal/reflect/UnsafeQualifiedStaticIntegerFieldAccessorImpl
Event: 0.345 loading class jdk/internal/reflect/UnsafeQualifiedStaticIntegerFieldAccessorImpl done
Event: 0.646 Thread 0x00007f7f5c1779d0 Thread exited: 0x00007f7f5c1779d0
Event: 0.655 loading class jdk/internal/misc/ScopedMemoryAccess$Scope
Event: 0.655 loading class jdk/internal/misc/ScopedMemoryAccess$Scope done
Event: 0.684 loading class java/util/function/IntFunction
Event: 0.684 loading class java/util/function/IntFunction done
Event: 2.235 loading class java/util/IdentityHashMap$KeyIterator
Event: 2.235 loading class java/util/IdentityHashMap$IdentityHashMapIterator
Event: 2.235 loading class java/util/IdentityHashMap$IdentityHashMapIterator done
Event: 2.235 loading class java/util/IdentityHashMap$KeyIterator done
Event: 2.236 Thread 0x00007f7fc80279e0 Thread exited: 0x00007f7fc80279e0
Event: 2.236 Protecting memory [0x00007f7fce6d3000,0x00007f7fce6d7000] with protection modes 0
Event: 2.236 Thread 0x00007f7fc80279e0 Thread added: 0x00007f7fc80279e0
Event: 2.236 loading class java/lang/Shutdown
Event: 2.236 loading class java/lang/Shutdown done
Event: 2.236 loading class java/lang/Shutdown$Lock
Event: 2.236 loading class java/lang/Shutdown$Lock done
Event: 2.237 Thread 0x00007f7fc80279e0 Thread exited: 0x00007f7fc80279e0


Dynamic libraries:
60cc00000-62c000000 rw-p 00000000 00:00 0 
62c000000-800000000 ---p 00000000 00:00 0 
800000000-800020000 rw-p 00000000 00:00 0 
800020000-800040000 rw-p 00000000 00:00 0 
800040000-8000b0000 rw-p 00000000 00:00 0 
8000b0000-8000c0000 ---p 00000000 00:00 0 
8000c0000-8000e0000 rw-p 00000000 00:00 0 
8000e0000-840000000 ---p 00000000 00:00 0 
55eef6206000-55eef6207000 r--p 00000000 08:20 32241                      /root/.vscode-server/extensions/redhat.java-1.20.0-linux-x64/jre/17.0.7-linux-x86_64/bin/java
55eef6207000-55eef6208000 r-xp 00001000 08:20 32241                      /root/.vscode-server/extensions/redhat.java-1.20.0-linux-x64/jre/17.0.7-linux-x86_64/bin/java
55eef6208000-55eef6209000 r--p 00002000 08:20 32241                      /root/.vscode-server/extensions/redhat.java-1.20.0-linux-x64/jre/17.0.7-linux-x86_64/bin/java
55eef6209000-55eef620a000 r--p 00002000 08:20 32241                      /root/.vscode-server/extensions/redhat.java-1.20.0-linux-x64/jre/17.0.7-linux-x86_64/bin/java
55eef620a000-55eef620b000 rw-p 00003000 08:20 32241                      /root/.vscode-server/extensions/redhat.java-1.20.0-linux-x64/jre/17.0.7-linux-x86_64/bin/java
55eef7528000-55eef7570000 rw-p 00000000 00:00 0                          [heap]
7f7f24000000-7f7f24021000 rw-p 00000000 00:00 0 
7f7f24021000-7f7f28000000 ---p 00000000 00:00 0 
7f7f2c000000-7f7f2c02a000 rw-p 00000000 00:00 0 
7f7f2c02a000-7f7f30000000 ---p 00000000 00:00 0 
7f7f31894000-7f7f32c83000 r--p 00000000 00:1c 116812115335129235         /usr/lib/wsl/drivers/nv_dispi.inf_amd64_675be35f1ba2315e/libnvwgf2umx.so
7f7f32c83000-7f7f348c6000 r-xp 013ef000 00:1c 116812115335129235         /usr/lib/wsl/drivers/nv_dispi.inf_amd64_675be35f1ba2315e/libnvwgf2umx.so
7f7f348c6000-7f7f349d0000 r--p 03032000 00:1c 116812115335129235         /usr/lib/wsl/drivers/nv_dispi.inf_amd64_675be35f1ba2315e/libnvwgf2umx.so
7f7f349d0000-7f7f367f9000 rw-p 0313c000 00:1c 116812115335129235         /usr/lib/wsl/drivers/nv_dispi.inf_amd64_675be35f1ba2315e/libnvwgf2umx.so
7f7f367f9000-7f7f3684a000 rw-p 00000000 00:00 0 
7f7f3684a000-7f7f3ba6b000 r-xp 00000000 08:20 7268                       /usr/lib/x86_64-linux-gnu/libLLVM-12.so.1
7f7f3ba6b000-7f7f3bf84000 r--p 05220000 08:20 7268                       /usr/lib/x86_64-linux-gnu/libLLVM-12.so.1
7f7f3bf84000-7f7f3bf8b000 rw-p 05739000 08:20 7268                       /usr/lib/x86_64-linux-gnu/libLLVM-12.so.1
7f7f3bf8b000-7f7f3c000000 rw-p 00000000 00:00 0 
7f7f3c000000-7f7f3c02f000 rw-p 00000000 00:00 0 
7f7f3c02f000-7f7f40000000 ---p 00000000 00:00 0 
7f7f40661000-7f7f406a4000 r--p 00000000 08:20 3647                       /usr/lib/x86_64-linux-gnu/libGL.so.1.7.0
7f7f406a4000-7f7f406c4000 r-xp 00043000 08:20 3647                       /usr/lib/x86_64-linux-gnu/libGL.so.1.7.0
7f7f406c4000-7f7f406d9000 r--p 00063000 08:20 3647                       /usr/lib/x86_64-linux-gnu/libGL.so.1.7.0
7f7f406d9000-7f7f406e7000 r--p 00077000 08:20 3647                       /usr/lib/x86_64-linux-gnu/libGL.so.1.7.0
7f7f406e7000-7f7f406e8000 rw-p 00085000 08:20 3647                       /usr/lib/x86_64-linux-gnu/libGL.so.1.7.0
7f7f406e8000-7f7f406e9000 rw-p 00000000 00:00 0 
7f7f406f5000-7f7f40728000 r--p 00000000 08:20 444491                     /tmp/lwjgl_root/3.3.2+13/x64/liblwjgl_opengl.so
7f7f40728000-7f7f4073c000 r-xp 00033000 08:20 444491                     /tmp/lwjgl_root/3.3.2+13/x64/liblwjgl_opengl.so
7f7f4073c000-7f7f4074c000 r--p 00047000 08:20 444491                     /tmp/lwjgl_root/3.3.2+13/x64/liblwjgl_opengl.so
7f7f4074c000-7f7f4074d000 r--p 00056000 08:20 444491                     /tmp/lwjgl_root/3.3.2+13/x64/liblwjgl_opengl.so
7f7f4074d000-7f7f4074e000 rw-p 00057000 08:20 444491                     /tmp/lwjgl_root/3.3.2+13/x64/liblwjgl_opengl.so
7f7f408d0000-7f7f4092a000 rw-s 00000000 00:01 9                          /SYSV00000000 (deleted)
7f7f4092a000-7f7f4092b000 rwxp 00000000 00:00 0 
7f7f417fb000-7f7f417fc000 ---p 00000000 00:00 0 
7f7f417fc000-7f7f41ffc000 rw-p 00000000 00:00 0 
7f7f41ffc000-7f7f41ffd000 ---p 00000000 00:00 0 
7f7f41ffd000-7f7f427fd000 rw-p 00000000 00:00 0 
7f7f427fd000-7f7f427fe000 ---p 00000000 00:00 0 
7f7f427fe000-7f7f42ffe000 rw-p 00000000 00:00 0 
7f7f42ffe000-7f7f42fff000 ---p 00000000 00:00 0 
7f7f42fff000-7f7f437ff000 rw-p 00000000 00:00 0 
7f7f437ff000-7f7f43800000 ---p 00000000 00:00 0 
7f7f43800000-7f7f44000000 rw-p 00000000 00:00 0 
7f7f44000000-7f7f44021000 rw-p 00000000 00:00 0 
7f7f44021000-7f7f48000000 ---p 00000000 00:00 0 
7f7f48000000-7f7f48021000 rw-p 00000000 00:00 0 
7f7f48021000-7f7f4c000000 ---p 00000000 00:00 0 
7f7f4c000000-7f7f4c021000 rw-p 00000000 00:00 0 
7f7f4c021000-7f7f50000000 ---p 00000000 00:00 0 
7f7f50000000-7f7f50021000 rw-p 00000000 00:00 0 
7f7f50021000-7f7f54000000 ---p 00000000 00:00 0 
7f7f54000000-7f7f54021000 rw-p 00000000 00:00 0 
7f7f54021000-7f7f58000000 ---p 00000000 00:00 0 
7f7f58f8b000-7f7f58fcf000 r--p 00000000 00:1e 20266198323535243          /usr/lib/wsl/lib/libd3d12.so
7f7f58fcf000-7f7f59048000 r-xp 00043000 00:1e 20266198323535243          /usr/lib/wsl/lib/libd3d12.so
7f7f59048000-7f7f59050000 r--p 000bb000 00:1e 20266198323535243          /usr/lib/wsl/lib/libd3d12.so
7f7f59050000-7f7f59052000 rw-p 000c2000 00:1e 20266198323535243          /usr/lib/wsl/lib/libd3d12.so
7f7f59052000-7f7f59055000 rw-p 00000000 00:00 0 
7f7f59055000-7f7f59098000 r--p 00000000 00:1e 20266198323394879          /usr/lib/wsl/lib/libdxcore.so
7f7f59098000-7f7f59119000 r-xp 00042000 00:1e 20266198323394879          /usr/lib/wsl/lib/libdxcore.so
7f7f59119000-7f7f59121000 r--p 000c2000 00:1e 20266198323394879          /usr/lib/wsl/lib/libdxcore.so
7f7f59121000-7f7f59123000 rw-p 000c9000 00:1e 20266198323394879          /usr/lib/wsl/lib/libdxcore.so
7f7f59123000-7f7f59126000 rw-p 00000000 00:00 0 
7f7f59126000-7f7f59134000 r--p 00000000 08:20 11777                      /usr/lib/x86_64-linux-gnu/libtinfo.so.6.2
7f7f59134000-7f7f59143000 r-xp 0000e000 08:20 11777                      /usr/lib/x86_64-linux-gnu/libtinfo.so.6.2
7f7f59143000-7f7f59151000 r--p 0001d000 08:20 11777                      /usr/lib/x86_64-linux-gnu/libtinfo.so.6.2
7f7f59151000-7f7f59155000 r--p 0002a000 08:20 11777                      /usr/lib/x86_64-linux-gnu/libtinfo.so.6.2
7f7f59155000-7f7f59156000 rw-p 0002e000 08:20 11777                      /usr/lib/x86_64-linux-gnu/libtinfo.so.6.2
7f7f59156000-7f7f5915e000 r--p 00000000 08:20 11177                      /usr/lib/x86_64-linux-gnu/libedit.so.2.0.63
7f7f5915e000-7f7f59179000 r-xp 00008000 08:20 11177                      /usr/lib/x86_64-linux-gnu/libedit.so.2.0.63
7f7f59179000-7f7f59187000 r--p 00023000 08:20 11177                      /usr/lib/x86_64-linux-gnu/libedit.so.2.0.63
7f7f59187000-7f7f59189000 r--p 00030000 08:20 11177                      /usr/lib/x86_64-linux-gnu/libedit.so.2.0.63
7f7f59189000-7f7f5918a000 rw-p 00032000 08:20 11177                      /usr/lib/x86_64-linux-gnu/libedit.so.2.0.63
7f7f5918a000-7f7f5918e000 rw-p 00000000 00:00 0 
7f7f5918e000-7f7f59190000 r--p 00000000 08:20 11201                      /usr/lib/x86_64-linux-gnu/libffi.so.7.1.0
7f7f59190000-7f7f59196000 r-xp 00002000 08:20 11201                      /usr/lib/x86_64-linux-gnu/libffi.so.7.1.0
7f7f59196000-7f7f59197000 r--p 00008000 08:20 11201                      /usr/lib/x86_64-linux-gnu/libffi.so.7.1.0
7f7f59197000-7f7f59198000 ---p 00009000 08:20 11201                      /usr/lib/x86_64-linux-gnu/libffi.so.7.1.0
7f7f59198000-7f7f59199000 r--p 00009000 08:20 11201                      /usr/lib/x86_64-linux-gnu/libffi.so.7.1.0
7f7f59199000-7f7f5919a000 rw-p 0000a000 08:20 11201                      /usr/lib/x86_64-linux-gnu/libffi.so.7.1.0
7f7f5919a000-7f7f5919d000 r--p 00000000 08:20 15714                      /usr/lib/x86_64-linux-gnu/libgcc_s.so.1
7f7f5919d000-7f7f591af000 r-xp 00003000 08:20 15714                      /usr/lib/x86_64-linux-gnu/libgcc_s.so.1
7f7f591af000-7f7f591b3000 r--p 00015000 08:20 15714                      /usr/lib/x86_64-linux-gnu/libgcc_s.so.1
7f7f591b3000-7f7f591b4000 r--p 00018000 08:20 15714                      /usr/lib/x86_64-linux-gnu/libgcc_s.so.1
7f7f591b4000-7f7f591b5000 rw-p 00019000 08:20 15714                      /usr/lib/x86_64-linux-gnu/libgcc_s.so.1
7f7f591b5000-7f7f5924b000 r--p 00000000 08:20 16268                      /usr/lib/x86_64-linux-gnu/libstdc++.so.6.0.28
7f7f5924b000-7f7f5933c000 r-xp 00096000 08:20 16268                      /usr/lib/x86_64-linux-gnu/libstdc++.so.6.0.28
7f7f5933c000-7f7f59385000 r--p 00187000 08:20 16268                      /usr/lib/x86_64-linux-gnu/libstdc++.so.6.0.28
7f7f59385000-7f7f59386000 ---p 001d0000 08:20 16268                      /usr/lib/x86_64-linux-gnu/libstdc++.so.6.0.28
7f7f59386000-7f7f59391000 r--p 001d0000 08:20 16268                      /usr/lib/x86_64-linux-gnu/libstdc++.so.6.0.28
7f7f59391000-7f7f59394000 rw-p 001db000 08:20 16268                      /usr/lib/x86_64-linux-gnu/libstdc++.so.6.0.28
7f7f59394000-7f7f59397000 rw-p 00000000 00:00 0 
7f7f59397000-7f7f593a6000 r--p 00000000 08:20 11603                      /usr/lib/x86_64-linux-gnu/libvulkan.so.1.2.131
7f7f593a6000-7f7f593d8000 r-xp 0000f000 08:20 11603                      /usr/lib/x86_64-linux-gnu/libvulkan.so.1.2.131
7f7f593d8000-7f7f593eb000 r--p 00041000 08:20 11603                      /usr/lib/x86_64-linux-gnu/libvulkan.so.1.2.131
7f7f593eb000-7f7f593ec000 r--p 00053000 08:20 11603                      /usr/lib/x86_64-linux-gnu/libvulkan.so.1.2.131
7f7f593ec000-7f7f593ed000 rw-p 00054000 08:20 11603                      /usr/lib/x86_64-linux-gnu/libvulkan.so.1.2.131
7f7f593ed000-7f7f593ef000 r--p 00000000 08:20 6884                       /usr/lib/x86_64-linux-gnu/libdrm_nouveau.so.2.0.0
7f7f593ef000-7f7f593f4000 r-xp 00002000 08:20 6884                       /usr/lib/x86_64-linux-gnu/libdrm_nouveau.so.2.0.0
7f7f593f4000-7f7f593f6000 r--p 00007000 08:20 6884                       /usr/lib/x86_64-linux-gnu/libdrm_nouveau.so.2.0.0
7f7f593f6000-7f7f593f7000 r--p 00008000 08:20 6884                       /usr/lib/x86_64-linux-gnu/libdrm_nouveau.so.2.0.0
7f7f593f7000-7f7f593f8000 rw-p 00009000 08:20 6884                       /usr/lib/x86_64-linux-gnu/libdrm_nouveau.so.2.0.0
7f7f593f8000-7f7f593fb000 r--p 00000000 08:20 6837                       /usr/lib/x86_64-linux-gnu/libdrm_amdgpu.so.1.0.0
7f7f593fb000-7f7f59400000 r-xp 00003000 08:20 6837                       /usr/lib/x86_64-linux-gnu/libdrm_amdgpu.so.1.0.0
7f7f59400000-7f7f59402000 r--p 00008000 08:20 6837                       /usr/lib/x86_64-linux-gnu/libdrm_amdgpu.so.1.0.0
7f7f59402000-7f7f59403000 r--p 00009000 08:20 6837                       /usr/lib/x86_64-linux-gnu/libdrm_amdgpu.so.1.0.0
7f7f59403000-7f7f59404000 rw-p 0000a000 08:20 6837                       /usr/lib/x86_64-linux-gnu/libdrm_amdgpu.so.1.0.0
7f7f59404000-7f7f59407000 r--p 00000000 08:20 11182                      /usr/lib/x86_64-linux-gnu/libelf-0.176.so
7f7f59407000-7f7f59419000 r-xp 00003000 08:20 11182                      /usr/lib/x86_64-linux-gnu/libelf-0.176.so
7f7f59419000-7f7f5941e000 r--p 00015000 08:20 11182                      /usr/lib/x86_64-linux-gnu/libelf-0.176.so
7f7f5941e000-7f7f5941f000 r--p 00019000 08:20 11182                      /usr/lib/x86_64-linux-gnu/libelf-0.176.so
7f7f5941f000-7f7f59420000 rw-p 0001a000 08:20 11182                      /usr/lib/x86_64-linux-gnu/libelf-0.176.so
7f7f59420000-7f7f59422000 r--p 00000000 08:20 6917                       /usr/lib/x86_64-linux-gnu/libdrm_radeon.so.1.0.1
7f7f59422000-7f7f59429000 r-xp 00002000 08:20 6917                       /usr/lib/x86_64-linux-gnu/libdrm_radeon.so.1.0.1
7f7f59429000-7f7f5942d000 r--p 00009000 08:20 6917                       /usr/lib/x86_64-linux-gnu/libdrm_radeon.so.1.0.1
7f7f5942d000-7f7f5942e000 r--p 0000c000 08:20 6917                       /usr/lib/x86_64-linux-gnu/libdrm_radeon.so.1.0.1
7f7f5942e000-7f7f5942f000 rw-p 0000d000 08:20 6917                       /usr/lib/x86_64-linux-gnu/libdrm_radeon.so.1.0.1
7f7f5942f000-7f7f59432000 r--p 00000000 08:20 7300                       /usr/lib/x86_64-linux-gnu/libsensors.so.5.0.0
7f7f59432000-7f7f59439000 r-xp 00003000 08:20 7300                       /usr/lib/x86_64-linux-gnu/libsensors.so.5.0.0
7f7f59439000-7f7f5943e000 r--p 0000a000 08:20 7300                       /usr/lib/x86_64-linux-gnu/libsensors.so.5.0.0
7f7f5943e000-7f7f5943f000 r--p 0000e000 08:20 7300                       /usr/lib/x86_64-linux-gnu/libsensors.so.5.0.0
7f7f5943f000-7f7f59440000 rw-p 0000f000 08:20 7300                       /usr/lib/x86_64-linux-gnu/libsensors.so.5.0.0
7f7f59440000-7f7f59444000 r--p 00000000 08:20 10564                      /usr/lib/x86_64-linux-gnu/libzstd.so.1.4.4
7f7f59444000-7f7f594d6000 r-xp 00004000 08:20 10564                      /usr/lib/x86_64-linux-gnu/libzstd.so.1.4.4
7f7f594d6000-7f7f594e7000 r--p 00096000 08:20 10564                      /usr/lib/x86_64-linux-gnu/libzstd.so.1.4.4
7f7f594e7000-7f7f594e8000 r--p 000a6000 08:20 10564                      /usr/lib/x86_64-linux-gnu/libzstd.so.1.4.4
7f7f594e8000-7f7f594e9000 rw-p 000a7000 08:20 10564                      /usr/lib/x86_64-linux-gnu/libzstd.so.1.4.4
7f7f594e9000-7f7f5967f000 r--p 00000000 08:20 7165                       /usr/lib/x86_64-linux-gnu/dri/swrast_dri.so
7f7f5967f000-7f7f5a72a000 r-xp 00196000 08:20 7165                       /usr/lib/x86_64-linux-gnu/dri/swrast_dri.so
7f7f5a72a000-7f7f5abf0000 r--p 01241000 08:20 7165                       /usr/lib/x86_64-linux-gnu/dri/swrast_dri.so
7f7f5abf0000-7f7f5ad1e000 r--p 01706000 08:20 7165                       /usr/lib/x86_64-linux-gnu/dri/swrast_dri.so
7f7f5ad1e000-7f7f5ae56000 rw-p 01834000 08:20 7165                       /usr/lib/x86_64-linux-gnu/dri/swrast_dri.so
7f7f5ae56000-7f7f5b074000 rw-p 00000000 00:00 0 
7f7f5b074000-7f7f5b077000 r--p 00000000 08:20 7075                       /usr/lib/x86_64-linux-gnu/libxcb-xfixes.so.0.0.0
7f7f5b077000-7f7f5b07a000 r-xp 00003000 08:20 7075                       /usr/lib/x86_64-linux-gnu/libxcb-xfixes.so.0.0.0
7f7f5b07a000-7f7f5b07b000 r--p 00006000 08:20 7075                       /usr/lib/x86_64-linux-gnu/libxcb-xfixes.so.0.0.0
7f7f5b07b000-7f7f5b07c000 ---p 00007000 08:20 7075                       /usr/lib/x86_64-linux-gnu/libxcb-xfixes.so.0.0.0
7f7f5b07c000-7f7f5b07d000 r--p 00007000 08:20 7075                       /usr/lib/x86_64-linux-gnu/libxcb-xfixes.so.0.0.0
7f7f5b07d000-7f7f5b07e000 rw-p 00008000 08:20 7075                       /usr/lib/x86_64-linux-gnu/libxcb-xfixes.so.0.0.0
7f7f5b07e000-7f7f5b07f000 r-xp 00000000 08:20 11639                      /usr/lib/x86_64-linux-gnu/libxshmfence.so.1.0.0
7f7f5b07f000-7f7f5b27e000 ---p 00001000 08:20 11639                      /usr/lib/x86_64-linux-gnu/libxshmfence.so.1.0.0
7f7f5b27e000-7f7f5b27f000 r--p 00000000 08:20 11639                      /usr/lib/x86_64-linux-gnu/libxshmfence.so.1.0.0
7f7f5b27f000-7f7f5b280000 rw-p 00001000 08:20 11639                      /usr/lib/x86_64-linux-gnu/libxshmfence.so.1.0.0
7f7f5b280000-7f7f5b283000 r--p 00000000 08:20 11625                      /usr/lib/x86_64-linux-gnu/libxcb-sync.so.1.0.0
7f7f5b283000-7f7f5b286000 r-xp 00003000 08:20 11625                      /usr/lib/x86_64-linux-gnu/libxcb-sync.so.1.0.0
7f7f5b286000-7f7f5b287000 r--p 00006000 08:20 11625                      /usr/lib/x86_64-linux-gnu/libxcb-sync.so.1.0.0
7f7f5b287000-7f7f5b288000 ---p 00007000 08:20 11625                      /usr/lib/x86_64-linux-gnu/libxcb-sync.so.1.0.0
7f7f5b288000-7f7f5b289000 r--p 00007000 08:20 11625                      /usr/lib/x86_64-linux-gnu/libxcb-sync.so.1.0.0
7f7f5b289000-7f7f5b28a000 rw-p 00008000 08:20 11625                      /usr/lib/x86_64-linux-gnu/libxcb-sync.so.1.0.0
7f7f5b28a000-7f7f5b28b000 r--p 00000000 08:20 11619                      /usr/lib/x86_64-linux-gnu/libxcb-present.so.0.0.0
7f7f5b28b000-7f7f5b28c000 r-xp 00001000 08:20 11619                      /usr/lib/x86_64-linux-gnu/libxcb-present.so.0.0.0
7f7f5b28c000-7f7f5b28d000 r--p 00002000 08:20 11619                      /usr/lib/x86_64-linux-gnu/libxcb-present.so.0.0.0
7f7f5b28d000-7f7f5b28e000 r--p 00002000 08:20 11619                      /usr/lib/x86_64-linux-gnu/libxcb-present.so.0.0.0
7f7f5b28e000-7f7f5b28f000 rw-p 00003000 08:20 11619                      /usr/lib/x86_64-linux-gnu/libxcb-present.so.0.0.0
7f7f5b28f000-7f7f5b291000 r--p 00000000 08:20 11615                      /usr/lib/x86_64-linux-gnu/libxcb-dri3.so.0.0.0
7f7f5b291000-7f7f5b292000 r-xp 00002000 08:20 11615                      /usr/lib/x86_64-linux-gnu/libxcb-dri3.so.0.0.0
7f7f5b292000-7f7f5b293000 r--p 00003000 08:20 11615                      /usr/lib/x86_64-linux-gnu/libxcb-dri3.so.0.0.0
7f7f5b293000-7f7f5b294000 r--p 00003000 08:20 11615                      /usr/lib/x86_64-linux-gnu/libxcb-dri3.so.0.0.0
7f7f5b294000-7f7f5b295000 rw-p 00004000 08:20 11615                      /usr/lib/x86_64-linux-gnu/libxcb-dri3.so.0.0.0
7f7f5b295000-7f7f5b299000 r--p 00000000 08:20 18253                      /usr/lib/x86_64-linux-gnu/libexpat.so.1.6.11
7f7f5b299000-7f7f5b2b5000 r-xp 00004000 08:20 18253                      /usr/lib/x86_64-linux-gnu/libexpat.so.1.6.11
7f7f5b2b5000-7f7f5b2bf000 r--p 00020000 08:20 18253                      /usr/lib/x86_64-linux-gnu/libexpat.so.1.6.11
7f7f5b2bf000-7f7f5b2c0000 ---p 0002a000 08:20 18253                      /usr/lib/x86_64-linux-gnu/libexpat.so.1.6.11
7f7f5b2c0000-7f7f5b2c2000 r--p 0002a000 08:20 18253                      /usr/lib/x86_64-linux-gnu/libexpat.so.1.6.11
7f7f5b2c2000-7f7f5b2c3000 rw-p 0002c000 08:20 18253                      /usr/lib/x86_64-linux-gnu/libexpat.so.1.6.11
7f7f5b2c3000-7f7f5b2c4000 r--p 00000000 08:20 7050                       /usr/lib/x86_64-linux-gnu/libxcb-shm.so.0.0.0
7f7f5b2c4000-7f7f5b2c5000 r-xp 00001000 08:20 7050                       /usr/lib/x86_64-linux-gnu/libxcb-shm.so.0.0.0
7f7f5b2c5000-7f7f5b2c6000 r--p 00002000 08:20 7050                       /usr/lib/x86_64-linux-gnu/libxcb-shm.so.0.0.0
7f7f5b2c6000-7f7f5b2c7000 r--p 00002000 08:20 7050                       /usr/lib/x86_64-linux-gnu/libxcb-shm.so.0.0.0
7f7f5b2c7000-7f7f5b2c8000 rw-p 00003000 08:20 7050                       /usr/lib/x86_64-linux-gnu/libxcb-shm.so.0.0.0
7f7f5b2c8000-7f7f5b2ca000 r--p 00000000 08:20 11613                      /usr/lib/x86_64-linux-gnu/libxcb-dri2.so.0.0.0
7f7f5b2ca000-7f7f5b2cc000 r-xp 00002000 08:20 11613                      /usr/lib/x86_64-linux-gnu/libxcb-dri2.so.0.0.0
7f7f5b2cc000-7f7f5b2cd000 r--p 00004000 08:20 11613                      /usr/lib/x86_64-linux-gnu/libxcb-dri2.so.0.0.0
7f7f5b2cd000-7f7f5b2ce000 r--p 00004000 08:20 11613                      /usr/lib/x86_64-linux-gnu/libxcb-dri2.so.0.0.0
7f7f5b2ce000-7f7f5b2cf000 rw-p 00005000 08:20 11613                      /usr/lib/x86_64-linux-gnu/libxcb-dri2.so.0.0.0
7f7f5b2cf000-7f7f5b2da000 r--p 00000000 08:20 11617                      /usr/lib/x86_64-linux-gnu/libxcb-glx.so.0.0.0
7f7f5b2da000-7f7f5b2e3000 r-xp 0000b000 08:20 11617                      /usr/lib/x86_64-linux-gnu/libxcb-glx.so.0.0.0
7f7f5b2e3000-7f7f5b2e8000 r--p 00014000 08:20 11617                      /usr/lib/x86_64-linux-gnu/libxcb-glx.so.0.0.0
7f7f5b2e8000-7f7f5b2e9000 ---p 00019000 08:20 11617                      /usr/lib/x86_64-linux-gnu/libxcb-glx.so.0.0.0
7f7f5b2e9000-7f7f5b2eb000 r--p 00019000 08:20 11617                      /usr/lib/x86_64-linux-gnu/libxcb-glx.so.0.0.0
7f7f5b2eb000-7f7f5b2ec000 rw-p 0001b000 08:20 11617                      /usr/lib/x86_64-linux-gnu/libxcb-glx.so.0.0.0
7f7f5b2ec000-7f7f5b2f1000 r--p 00000000 08:20 19124                      /usr/lib/x86_64-linux-gnu/libdrm.so.2.4.0
7f7f5b2f1000-7f7f5b2fc000 r-xp 00005000 08:20 19124                      /usr/lib/x86_64-linux-gnu/libdrm.so.2.4.0
7f7f5b2fc000-7f7f5b300000 r--p 00010000 08:20 19124                      /usr/lib/x86_64-linux-gnu/libdrm.so.2.4.0
7f7f5b300000-7f7f5b301000 r--p 00013000 08:20 19124                      /usr/lib/x86_64-linux-gnu/libdrm.so.2.4.0
7f7f5b301000-7f7f5b302000 rw-p 00014000 08:20 19124                      /usr/lib/x86_64-linux-gnu/libdrm.so.2.4.0
7f7f5b302000-7f7f5b30f000 r--p 00000000 08:20 7199                       /usr/lib/x86_64-linux-gnu/libglapi.so.0.0.0
7f7f5b30f000-7f7f5b31d000 r-xp 0000d000 08:20 7199                       /usr/lib/x86_64-linux-gnu/libglapi.so.0.0.0
7f7f5b31d000-7f7f5b336000 r--p 0001b000 08:20 7199                       /usr/lib/x86_64-linux-gnu/libglapi.so.0.0.0
7f7f5b336000-7f7f5b337000 ---p 00034000 08:20 7199                       /usr/lib/x86_64-linux-gnu/libglapi.so.0.0.0
7f7f5b337000-7f7f5b33b000 r--p 00034000 08:20 7199                       /usr/lib/x86_64-linux-gnu/libglapi.so.0.0.0
7f7f5b33b000-7f7f5b33c000 rw-p 00038000 08:20 7199                       /usr/lib/x86_64-linux-gnu/libglapi.so.0.0.0
7f7f5b33c000-7f7f5b33d000 rw-p 00000000 00:00 0 
7f7f5b33d000-7f7f5b356000 r--p 00000000 08:20 7111                       /usr/lib/x86_64-linux-gnu/libGLX_mesa.so.0.0.0
7f7f5b356000-7f7f5b39a000 r-xp 00019000 08:20 7111                       /usr/lib/x86_64-linux-gnu/libGLX_mesa.so.0.0.0
7f7f5b39a000-7f7f5b3b1000 r--p 0005d000 08:20 7111                       /usr/lib/x86_64-linux-gnu/libGLX_mesa.so.0.0.0
7f7f5b3b1000-7f7f5b3b4000 r--p 00073000 08:20 7111                       /usr/lib/x86_64-linux-gnu/libGLX_mesa.so.0.0.0
7f7f5b3b4000-7f7f5b3b5000 rw-p 00076000 08:20 7111                       /usr/lib/x86_64-linux-gnu/libGLX_mesa.so.0.0.0
7f7f5b3b5000-7f7f5b3b6000 rw-p 00000000 00:00 0 
7f7f5b3b6000-7f7f5b3f6000 r--p 00000000 08:20 3793                       /usr/lib/x86_64-linux-gnu/libGLdispatch.so.0.0.0
7f7f5b3f6000-7f7f5b435000 r-xp 00040000 08:20 3793                       /usr/lib/x86_64-linux-gnu/libGLdispatch.so.0.0.0
7f7f5b435000-7f7f5b449000 r--p 0007f000 08:20 3793                       /usr/lib/x86_64-linux-gnu/libGLdispatch.so.0.0.0
7f7f5b449000-7f7f5b465000 r--p 00092000 08:20 3793                       /usr/lib/x86_64-linux-gnu/libGLdispatch.so.0.0.0
7f7f5b465000-7f7f5b466000 rw-p 000ae000 08:20 3793                       /usr/lib/x86_64-linux-gnu/libGLdispatch.so.0.0.0
7f7f5b466000-7f7f5b46e000 rw-p 00000000 00:00 0 
7f7f5b46e000-7f7f5b471000 r--p 00000000 08:20 3717                       /usr/lib/x86_64-linux-gnu/libGLX.so.0.0.0
7f7f5b471000-7f7f5b48c000 r-xp 00003000 08:20 3717                       /usr/lib/x86_64-linux-gnu/libGLX.so.0.0.0
7f7f5b48c000-7f7f5b490000 r--p 0001e000 08:20 3717                       /usr/lib/x86_64-linux-gnu/libGLX.so.0.0.0
7f7f5b490000-7f7f5b491000 r--p 00021000 08:20 3717                       /usr/lib/x86_64-linux-gnu/libGLX.so.0.0.0
7f7f5b491000-7f7f5b492000 rw-p 00022000 08:20 3717                       /usr/lib/x86_64-linux-gnu/libGLX.so.0.0.0
7f7f5b492000-7f7f5b4a2000 rw-p 00000000 00:00 0 
7f7f5b4a2000-7f7f5b4a3000 r--p 00000000 08:20 21227                      /usr/lib/x86_64-linux-gnu/libX11-xcb.so.1.0.0
7f7f5b4a3000-7f7f5b4a4000 r-xp 00001000 08:20 21227                      /usr/lib/x86_64-linux-gnu/libX11-xcb.so.1.0.0
7f7f5b4a4000-7f7f5b4a5000 r--p 00002000 08:20 21227                      /usr/lib/x86_64-linux-gnu/libX11-xcb.so.1.0.0
7f7f5b4a5000-7f7f5b4a6000 r--p 00002000 08:20 21227                      /usr/lib/x86_64-linux-gnu/libX11-xcb.so.1.0.0
7f7f5b4a6000-7f7f5b4a7000 rw-p 00003000 08:20 21227                      /usr/lib/x86_64-linux-gnu/libX11-xcb.so.1.0.0
7f7f5b4a7000-7f7f5b4a8000 r--p 00000000 08:20 11047                      /usr/lib/x86_64-linux-gnu/libXinerama.so.1.0.0
7f7f5b4a8000-7f7f5b4a9000 r-xp 00001000 08:20 11047                      /usr/lib/x86_64-linux-gnu/libXinerama.so.1.0.0
7f7f5b4a9000-7f7f5b4aa000 r--p 00002000 08:20 11047                      /usr/lib/x86_64-linux-gnu/libXinerama.so.1.0.0
7f7f5b4aa000-7f7f5b4ab000 r--p 00002000 08:20 11047                      /usr/lib/x86_64-linux-gnu/libXinerama.so.1.0.0
7f7f5b4ab000-7f7f5b4ac000 rw-p 00003000 08:20 11047                      /usr/lib/x86_64-linux-gnu/libXinerama.so.1.0.0
7f7f5b4ac000-7f7f5b4ae000 r--p 00000000 08:20 11041                      /usr/lib/x86_64-linux-gnu/libXfixes.so.3.1.0
7f7f5b4ae000-7f7f5b4b1000 r-xp 00002000 08:20 11041                      /usr/lib/x86_64-linux-gnu/libXfixes.so.3.1.0
7f7f5b4b1000-7f7f5b4b2000 r--p 00005000 08:20 11041                      /usr/lib/x86_64-linux-gnu/libXfixes.so.3.1.0
7f7f5b4b2000-7f7f5b4b3000 r--p 00005000 08:20 11041                      /usr/lib/x86_64-linux-gnu/libXfixes.so.3.1.0
7f7f5b4b3000-7f7f5b4b4000 rw-p 00006000 08:20 11041                      /usr/lib/x86_64-linux-gnu/libXfixes.so.3.1.0
7f7f5b4b4000-7f7f5b4b7000 r--p 00000000 08:20 377593                     /usr/lib/x86_64-linux-gnu/libXcursor.so.1.0.2
7f7f5b4b7000-7f7f5b4bd000 r-xp 00003000 08:20 377593                     /usr/lib/x86_64-linux-gnu/libXcursor.so.1.0.2
7f7f5b4bd000-7f7f5b4bf000 r--p 00009000 08:20 377593                     /usr/lib/x86_64-linux-gnu/libXcursor.so.1.0.2
7f7f5b4bf000-7f7f5b4c0000 r--p 0000a000 08:20 377593                     /usr/lib/x86_64-linux-gnu/libXcursor.so.1.0.2
7f7f5b4c0000-7f7f5b4c1000 rw-p 0000b000 08:20 377593                     /usr/lib/x86_64-linux-gnu/libXcursor.so.1.0.2
7f7f5b4c1000-7f7f5b4ca000 r-xp 00000000 08:20 11057                      /usr/lib/x86_64-linux-gnu/libXrender.so.1.3.0
7f7f5b4ca000-7f7f5b6c9000 ---p 00009000 08:20 11057                      /usr/lib/x86_64-linux-gnu/libXrender.so.1.3.0
7f7f5b6c9000-7f7f5b6ca000 r--p 00008000 08:20 11057                      /usr/lib/x86_64-linux-gnu/libXrender.so.1.3.0
7f7f5b6ca000-7f7f5b6cb000 rw-p 00009000 08:20 11057                      /usr/lib/x86_64-linux-gnu/libXrender.so.1.3.0
7f7f5b6cb000-7f7f5b6cd000 r--p 00000000 08:20 11055                      /usr/lib/x86_64-linux-gnu/libXrandr.so.2.2.0
7f7f5b6cd000-7f7f5b6d4000 r-xp 00002000 08:20 11055                      /usr/lib/x86_64-linux-gnu/libXrandr.so.2.2.0
7f7f5b6d4000-7f7f5b6d6000 r--p 00009000 08:20 11055                      /usr/lib/x86_64-linux-gnu/libXrandr.so.2.2.0
7f7f5b6d6000-7f7f5b6d7000 r--p 0000a000 08:20 11055                      /usr/lib/x86_64-linux-gnu/libXrandr.so.2.2.0
7f7f5b6d7000-7f7f5b6d8000 rw-p 0000b000 08:20 11055                      /usr/lib/x86_64-linux-gnu/libXrandr.so.2.2.0
7f7f5b6d8000-7f7f5b6dc000 r--p 00000000 08:20 11039                      /usr/lib/x86_64-linux-gnu/libXext.so.6.4.0
7f7f5b6dc000-7f7f5b6e7000 r-xp 00004000 08:20 11039                      /usr/lib/x86_64-linux-gnu/libXext.so.6.4.0
7f7f5b6e7000-7f7f5b6eb000 r--p 0000f000 08:20 11039                      /usr/lib/x86_64-linux-gnu/libXext.so.6.4.0
7f7f5b6eb000-7f7f5b6ec000 r--p 00012000 08:20 11039                      /usr/lib/x86_64-linux-gnu/libXext.so.6.4.0
7f7f5b6ec000-7f7f5b6ed000 rw-p 00013000 08:20 11039                      /usr/lib/x86_64-linux-gnu/libXext.so.6.4.0
7f7f5b6ed000-7f7f5b6f1000 r--p 00000000 08:20 11112                      /usr/lib/x86_64-linux-gnu/libbsd.so.0.10.0
7f7f5b6f1000-7f7f5b700000 r-xp 00004000 08:20 11112                      /usr/lib/x86_64-linux-gnu/libbsd.so.0.10.0
7f7f5b700000-7f7f5b703000 r--p 00013000 08:20 11112                      /usr/lib/x86_64-linux-gnu/libbsd.so.0.10.0
7f7f5b703000-7f7f5b704000 ---p 00016000 08:20 11112                      /usr/lib/x86_64-linux-gnu/libbsd.so.0.10.0
7f7f5b704000-7f7f5b705000 r--p 00016000 08:20 11112                      /usr/lib/x86_64-linux-gnu/libbsd.so.0.10.0
7f7f5b705000-7f7f5b706000 rw-p 00017000 08:20 11112                      /usr/lib/x86_64-linux-gnu/libbsd.so.0.10.0
7f7f5b706000-7f7f5b707000 rw-p 00000000 00:00 0 
7f7f5b707000-7f7f5b71f000 r--p 00000000 08:20 9650                       /usr/lib/x86_64-linux-gnu/libX11.so.6.3.0
7f7f5b71f000-7f7f5b7aa000 r-xp 00018000 08:20 9650                       /usr/lib/x86_64-linux-gnu/libX11.so.6.3.0
7f7f5b7aa000-7f7f5b83e000 r--p 000a3000 08:20 9650                       /usr/lib/x86_64-linux-gnu/libX11.so.6.3.0
7f7f5b83e000-7f7f5b83f000 ---p 00137000 08:20 9650                       /usr/lib/x86_64-linux-gnu/libX11.so.6.3.0
7f7f5b83f000-7f7f5b840000 r--p 00137000 08:20 9650                       /usr/lib/x86_64-linux-gnu/libX11.so.6.3.0
7f7f5b840000-7f7f5b844000 rw-p 00138000 08:20 9650                       /usr/lib/x86_64-linux-gnu/libX11.so.6.3.0
7f7f5b844000-7f7f5b852000 r--p 00000000 08:20 444490                     /tmp/lwjgl_root/3.3.2+13/x64/libglfw.so
7f7f5b852000-7f7f5b870000 r-xp 0000e000 08:20 444490                     /tmp/lwjgl_root/3.3.2+13/x64/libglfw.so
7f7f5b870000-7f7f5b8a3000 r--p 0002c000 08:20 444490                     /tmp/lwjgl_root/3.3.2+13/x64/libglfw.so
7f7f5b8a3000-7f7f5b8a4000 ---p 0005f000 08:20 444490                     /tmp/lwjgl_root/3.3.2+13/x64/libglfw.so
7f7f5b8a4000-7f7f5b8a7000 r--p 0005f000 08:20 444490                     /tmp/lwjgl_root/3.3.2+13/x64/libglfw.so
7f7f5b8a7000-7f7f5b8aa000 rw-p 00062000 08:20 444490                     /tmp/lwjgl_root/3.3.2+13/x64/libglfw.so
7f7f5b8aa000-7f7f5b8cd000 rw-p 00000000 00:00 0 
7f7f5b8cd000-7f7f5b8d1000 ---p 00000000 00:00 0 
7f7f5b8d1000-7f7f5b9ce000 rw-p 00000000 00:00 0 
7f7f5b9ce000-7f7f5b9d0000 r--p 00000000 08:20 11045                      /usr/lib/x86_64-linux-gnu/libXi.so.6.1.0
7f7f5b9d0000-7f7f5b9db000 r-xp 00002000 08:20 11045                      /usr/lib/x86_64-linux-gnu/libXi.so.6.1.0
7f7f5b9db000-7f7f5b9de000 r--p 0000d000 08:20 11045                      /usr/lib/x86_64-linux-gnu/libXi.so.6.1.0
7f7f5b9de000-7f7f5b9df000 r--p 0000f000 08:20 11045                      /usr/lib/x86_64-linux-gnu/libXi.so.6.1.0
7f7f5b9df000-7f7f5b9e0000 rw-p 00010000 08:20 11045                      /usr/lib/x86_64-linux-gnu/libXi.so.6.1.0
7f7f5b9e0000-7f7f5b9e1000 r--p 00000000 08:20 11067                      /usr/lib/x86_64-linux-gnu/libXxf86vm.so.1.0.0
7f7f5b9e1000-7f7f5b9e4000 r-xp 00001000 08:20 11067                      /usr/lib/x86_64-linux-gnu/libXxf86vm.so.1.0.0
7f7f5b9e4000-7f7f5b9e5000 r--p 00004000 08:20 11067                      /usr/lib/x86_64-linux-gnu/libXxf86vm.so.1.0.0
7f7f5b9e5000-7f7f5b9e6000 r--p 00004000 08:20 11067                      /usr/lib/x86_64-linux-gnu/libXxf86vm.so.1.0.0
7f7f5b9e6000-7f7f5b9e7000 rw-p 00005000 08:20 11067                      /usr/lib/x86_64-linux-gnu/libXxf86vm.so.1.0.0
7f7f5b9e7000-7f7f5b9e9000 r--p 00000000 08:20 11037                      /usr/lib/x86_64-linux-gnu/libXdmcp.so.6.0.0
7f7f5b9e9000-7f7f5b9eb000 r-xp 00002000 08:20 11037                      /usr/lib/x86_64-linux-gnu/libXdmcp.so.6.0.0
7f7f5b9eb000-7f7f5b9ed000 r--p 00004000 08:20 11037                      /usr/lib/x86_64-linux-gnu/libXdmcp.so.6.0.0
7f7f5b9ed000-7f7f5b9ee000 r--p 00005000 08:20 11037                      /usr/lib/x86_64-linux-gnu/libXdmcp.so.6.0.0
7f7f5b9ee000-7f7f5b9ef000 rw-p 00006000 08:20 11037                      /usr/lib/x86_64-linux-gnu/libXdmcp.so.6.0.0
7f7f5b9ef000-7f7f5b9fa000 r--p 00000000 08:20 11627                      /usr/lib/x86_64-linux-gnu/libxcb.so.1.1.0
7f7f5b9fa000-7f7f5ba0e000 r-xp 0000b000 08:20 11627                      /usr/lib/x86_64-linux-gnu/libxcb.so.1.1.0
7f7f5ba0e000-7f7f5ba17000 r--p 0001f000 08:20 11627                      /usr/lib/x86_64-linux-gnu/libxcb.so.1.1.0
7f7f5ba17000-7f7f5ba18000 r--p 00027000 08:20 11627                      /usr/lib/x86_64-linux-gnu/libxcb.so.1.1.0
7f7f5ba18000-7f7f5ba19000 rw-p 00028000 08:20 11627                      /usr/lib/x86_64-linux-gnu/libxcb.so.1.1.0
7f7f5ba25000-7f7f5ba4e000 r--p 00000000 08:20 444488                     /tmp/lwjgl_root/3.3.2+13/x64/liblwjgl.so
7f7f5ba4e000-7f7f5ba7f000 r-xp 00029000 08:20 444488                     /tmp/lwjgl_root/3.3.2+13/x64/liblwjgl.so
7f7f5ba7f000-7f7f5ba98000 r--p 0005a000 08:20 444488                     /tmp/lwjgl_root/3.3.2+13/x64/liblwjgl.so
7f7f5ba98000-7f7f5ba99000 r--p 00072000 08:20 444488                     /tmp/lwjgl_root/3.3.2+13/x64/liblwjgl.so
7f7f5ba99000-7f7f5ba9a000 rw-p 00073000 08:20 444488                     /tmp/lwjgl_root/3.3.2+13/x64/liblwjgl.so
7f7f5ba9a000-7f7f5bacb000 rw-p 00000000 00:00 0 
7f7f5bacb000-7f7f5bacf000 r--p 00000000 08:20 39212                      /root/.vscode-server/extensions/redhat.java-1.20.0-linux-x64/jre/17.0.7-linux-x86_64/lib/libnet.so
7f7f5bacf000-7f7f5badd000 r-xp 00004000 08:20 39212                      /root/.vscode-server/extensions/redhat.java-1.20.0-linux-x64/jre/17.0.7-linux-x86_64/lib/libnet.so
7f7f5badd000-7f7f5bae1000 r--p 00012000 08:20 39212                      /root/.vscode-server/extensions/redhat.java-1.20.0-linux-x64/jre/17.0.7-linux-x86_64/lib/libnet.so
7f7f5bae1000-7f7f5bae2000 r--p 00015000 08:20 39212                      /root/.vscode-server/extensions/redhat.java-1.20.0-linux-x64/jre/17.0.7-linux-x86_64/lib/libnet.so
7f7f5bae2000-7f7f5bae3000 rw-p 00016000 08:20 39212                      /root/.vscode-server/extensions/redhat.java-1.20.0-linux-x64/jre/17.0.7-linux-x86_64/lib/libnet.so
7f7f5bae3000-7f7f5baea000 r--p 00000000 08:20 39218                      /root/.vscode-server/extensions/redhat.java-1.20.0-linux-x64/jre/17.0.7-linux-x86_64/lib/libnio.so
7f7f5baea000-7f7f5baf3000 r-xp 00007000 08:20 39218                      /root/.vscode-server/extensions/redhat.java-1.20.0-linux-x64/jre/17.0.7-linux-x86_64/lib/libnio.so
7f7f5baf3000-7f7f5baf7000 r--p 00010000 08:20 39218                      /root/.vscode-server/extensions/redhat.java-1.20.0-linux-x64/jre/17.0.7-linux-x86_64/lib/libnio.so
7f7f5baf7000-7f7f5baf8000 ---p 00014000 08:20 39218                      /root/.vscode-server/extensions/redhat.java-1.20.0-linux-x64/jre/17.0.7-linux-x86_64/lib/libnio.so
7f7f5baf8000-7f7f5baf9000 r--p 00014000 08:20 39218                      /root/.vscode-server/extensions/redhat.java-1.20.0-linux-x64/jre/17.0.7-linux-x86_64/lib/libnio.so
7f7f5baf9000-7f7f5bafa000 rw-p 00015000 08:20 39218                      /root/.vscode-server/extensions/redhat.java-1.20.0-linux-x64/jre/17.0.7-linux-x86_64/lib/libnio.so
7f7f5bafa000-7f7f5bafe000 ---p 00000000 00:00 0 
7f7f5bafe000-7f7f5bbfb000 rw-p 00000000 00:00 0 
7f7f5bbfb000-7f7f5bbfc000 ---p 00000000 00:00 0 
7f7f5bbfc000-7f7f5bcfd000 rw-p 00000000 00:00 0 
7f7f5bcfd000-7f7f5bd01000 ---p 00000000 00:00 0 
7f7f5bd01000-7f7f5bdfe000 rw-p 00000000 00:00 0 
7f7f5bdfe000-7f7f5be02000 ---p 00000000 00:00 0 
7f7f5be02000-7f7f5beff000 rw-p 00000000 00:00 0 
7f7f5beff000-7f7f5bf03000 ---p 00000000 00:00 0 
7f7f5bf03000-7f7f5c000000 rw-p 00000000 00:00 0 
7f7f5c000000-7f7f5c21a000 rw-p 00000000 00:00 0 
7f7f5c21a000-7f7f60000000 ---p 00000000 00:00 0 
7f7f60000000-7f7f60021000 rw-p 00000000 00:00 0 
7f7f60021000-7f7f64000000 ---p 00000000 00:00 0 
7f7f64000000-7f7f641a9000 rw-p 00000000 00:00 0 
7f7f641a9000-7f7f68000000 ---p 00000000 00:00 0 
7f7f68000000-7f7f68021000 rw-p 00000000 00:00 0 
7f7f68021000-7f7f6c000000 ---p 00000000 00:00 0 
7f7f6c000000-7f7f6c021000 rw-p 00000000 00:00 0 
7f7f6c021000-7f7f70000000 ---p 00000000 00:00 0 
7f7f70000000-7f7f702a3000 rw-p 00000000 00:00 0 
7f7f702a3000-7f7f74000000 ---p 00000000 00:00 0 
7f7f74000000-7f7f74021000 rw-p 00000000 00:00 0 
7f7f74021000-7f7f78000000 ---p 00000000 00:00 0 
7f7f78000000-7f7f78021000 rw-p 00000000 00:00 0 
7f7f78021000-7f7f7c000000 ---p 00000000 00:00 0 
7f7f7c000000-7f7f7c021000 rw-p 00000000 00:00 0 
7f7f7c021000-7f7f80000000 ---p 00000000 00:00 0 
7f7f80000000-7f7f80021000 rw-p 00000000 00:00 0 
7f7f80021000-7f7f84000000 ---p 00000000 00:00 0 
7f7f84000000-7f7f84021000 rw-p 00000000 00:00 0 
7f7f84021000-7f7f88000000 ---p 00000000 00:00 0 
7f7f88000000-7f7f88021000 rw-p 00000000 00:00 0 
7f7f88021000-7f7f8c000000 ---p 00000000 00:00 0 
7f7f8c000000-7f7f8c400000 rw-p 00000000 00:00 0 
7f7f8c400000-7f7f8c480000 rw-p 00000000 00:00 0 
7f7f8c480000-7f7f8c500000 rw-p 00000000 00:00 0 
7f7f8c500000-7f7f8c6a0000 rw-p 00000000 00:00 0 
7f7f8c6a0000-7f7f8c700000 ---p 00000000 00:00 0 
7f7f8c700000-7f7f8c7c0000 rw-p 00000000 00:00 0 
7f7f8c7c0000-7f7f8c800000 rw-p 00000000 00:00 0 
7f7f8c800000-7f7f8c860000 rw-p 00000000 00:00 0 
7f7f8c860000-7f7f90000000 ---p 00000000 00:00 0 
7f7f90000000-7f7f90021000 rw-p 00000000 00:00 0 
7f7f90021000-7f7f94000000 ---p 00000000 00:00 0 
7f7f94002000-7f7f94003000 r--p 00000000 08:20 11028                      /usr/lib/x86_64-linux-gnu/libXau.so.6.0.0
7f7f94003000-7f7f94005000 r-xp 00001000 08:20 11028                      /usr/lib/x86_64-linux-gnu/libXau.so.6.0.0
7f7f94005000-7f7f94006000 r--p 00003000 08:20 11028                      /usr/lib/x86_64-linux-gnu/libXau.so.6.0.0
7f7f94006000-7f7f94007000 r--p 00003000 08:20 11028                      /usr/lib/x86_64-linux-gnu/libXau.so.6.0.0
7f7f94007000-7f7f94008000 rw-p 00004000 08:20 11028                      /usr/lib/x86_64-linux-gnu/libXau.so.6.0.0
7f7f94008000-7f7f9400c000 ---p 00000000 00:00 0 
7f7f9400c000-7f7f94109000 rw-p 00000000 00:00 0 
7f7f94109000-7f7f9410d000 ---p 00000000 00:00 0 
7f7f9410d000-7f7f9420a000 rw-p 00000000 00:00 0 
7f7f9420a000-7f7f9420e000 ---p 00000000 00:00 0 
7f7f9420e000-7f7f9430b000 rw-p 00000000 00:00 0 
7f7f9430b000-7f7f9430f000 ---p 00000000 00:00 0 
7f7f9430f000-7f7f9440c000 rw-p 00000000 00:00 0 
7f7f9440c000-7f7f94410000 ---p 00000000 00:00 0 
7f7f94410000-7f7f9450d000 rw-p 00000000 00:00 0 
7f7f9450d000-7f7f94511000 ---p 00000000 00:00 0 
7f7f94511000-7f7f9460e000 rw-p 00000000 00:00 0 
7f7f9460e000-7f7f94612000 ---p 00000000 00:00 0 
7f7f94612000-7f7f9470f000 rw-p 00000000 00:00 0 
7f7f9470f000-7f7f94713000 ---p 00000000 00:00 0 
7f7f94713000-7f7f94810000 rw-p 00000000 00:00 0 
7f7f94810000-7f7f94983000 r--p 00000000 08:20 20355                      /usr/lib/locale/C.UTF-8/LC_COLLATE
7f7f94983000-7f7f94c69000 r--p 00000000 08:20 4069                       /usr/lib/locale/locale-archive
7f7f94c69000-7f7f94c6d000 ---p 00000000 00:00 0 
7f7f94c6d000-7f7f94d6a000 rw-p 00000000 00:00 0 
7f7f94d6a000-7f7f94d6e000 ---p 00000000 00:00 0 
7f7f94d6e000-7f7f94e6b000 rw-p 00000000 00:00 0 
7f7f94e6b000-7f7f94e6c000 ---p 00000000 00:00 0 
7f7f94e6c000-7f7f94fee000 rw-p 00000000 00:00 0 
7f7f94fee000-7f7f94fef000 ---p 00000000 00:00 0 
7f7f94fef000-7f7f950f0000 rw-p 00000000 00:00 0 
7f7f950f0000-7f7f950f1000 ---p 00000000 00:00 0 
7f7f950f1000-7f7f98000000 rw-p 00000000 00:00 0 
7f7f98000000-7f7f98021000 rw-p 00000000 00:00 0 
7f7f98021000-7f7f9c000000 ---p 00000000 00:00 0 
7f7f9c000000-7f7f9c021000 rw-p 00000000 00:00 0 
7f7f9c021000-7f7fa0000000 ---p 00000000 00:00 0 
7f7fa0000000-7f7fa0021000 rw-p 00000000 00:00 0 
7f7fa0021000-7f7fa4000000 ---p 00000000 00:00 0 
7f7fa4000000-7f7fa4032000 r--p 00000000 08:20 20356                      /usr/lib/locale/C.UTF-8/LC_CTYPE
7f7fa4032000-7f7fa46d4000 rw-p 00000000 00:00 0 
7f7fa46d4000-7f7fa46d5000 ---p 00000000 00:00 0 
7f7fa46d5000-7f7fa47d6000 rw-p 00000000 00:00 0 
7f7fa47d6000-7f7fa47d7000 ---p 00000000 00:00 0 
7f7fa47d7000-7f7fa48d8000 rw-p 00000000 00:00 0 
7f7fa48d8000-7f7fa48d9000 ---p 00000000 00:00 0 
7f7fa48d9000-7f7fa52e6000 rw-p 00000000 00:00 0 
7f7fa52e6000-7f7fac7e6000 ---p 00000000 00:00 0 
7f7fac7e6000-7f7facfb6000 rw-p 00000000 00:00 0 
7f7facfb6000-7f7fb44b6000 ---p 00000000 00:00 0 
7f7fb44b6000-7f7fb45b0000 rw-p 00000000 00:00 0 
7f7fb45b0000-7f7fb5450000 ---p 00000000 00:00 0 
7f7fb5450000-7f7fb554a000 rw-p 00000000 00:00 0 
7f7fb554a000-7f7fb63ea000 ---p 00000000 00:00 0 
7f7fb63ea000-7f7fb665a000 rwxp 00000000 00:00 0 
7f7fb665a000-7f7fbd849000 ---p 00000000 00:00 0 
7f7fbd849000-7f7fbdab9000 rwxp 00000000 00:00 0 
7f7fbdab9000-7f7fbdf8a000 ---p 00000000 00:00 0 
7f7fbdf8a000-7f7fbe1fa000 rwxp 00000000 00:00 0 
7f7fbe1fa000-7f7fc53ea000 ---p 00000000 00:00 0 
7f7fc53ea000-7f7fc8000000 r--s 00000000 08:20 39595                      /root/.vscode-server/extensions/redhat.java-1.20.0-linux-x64/jre/17.0.7-linux-x86_64/lib/modules
7f7fc8000000-7f7fc8c0d000 rw-p 00000000 00:00 0 
7f7fc8c0d000-7f7fcc000000 ---p 00000000 00:00 0 
7f7fcc003000-7f7fcc004000 rw-p 00000000 00:00 0 
7f7fcc004000-7f7fcc005000 r-xp 00058000 08:20 444488                     /tmp/lwjgl_root/3.3.2+13/x64/liblwjgl.so
7f7fcc005000-7f7fcc006000 rw-p 00000000 00:00 0 
7f7fcc006000-7f7fcc008000 r--p 00000000 08:20 34648                      /root/.vscode-server/extensions/redhat.java-1.20.0-linux-x64/jre/17.0.7-linux-x86_64/lib/libdt_socket.so
7f7fcc008000-7f7fcc00b000 r-xp 00002000 08:20 34648                      /root/.vscode-server/extensions/redhat.java-1.20.0-linux-x64/jre/17.0.7-linux-x86_64/lib/libdt_socket.so
7f7fcc00b000-7f7fcc00c000 r--p 00005000 08:20 34648                      /root/.vscode-server/extensions/redhat.java-1.20.0-linux-x64/jre/17.0.7-linux-x86_64/lib/libdt_socket.so
7f7fcc00c000-7f7fcc00d000 ---p 00006000 08:20 34648                      /root/.vscode-server/extensions/redhat.java-1.20.0-linux-x64/jre/17.0.7-linux-x86_64/lib/libdt_socket.so
7f7fcc00d000-7f7fcc00e000 r--p 00006000 08:20 34648                      /root/.vscode-server/extensions/redhat.java-1.20.0-linux-x64/jre/17.0.7-linux-x86_64/lib/libdt_socket.so
7f7fcc00e000-7f7fcc00f000 rw-p 00007000 08:20 34648                      /root/.vscode-server/extensions/redhat.java-1.20.0-linux-x64/jre/17.0.7-linux-x86_64/lib/libdt_socket.so
7f7fcc00f000-7f7fcc010000 r--p 00000000 08:20 20362                      /usr/lib/locale/C.UTF-8/LC_NUMERIC
7f7fcc010000-7f7fcc011000 r--p 00000000 08:20 20365                      /usr/lib/locale/C.UTF-8/LC_TIME
7f7fcc011000-7f7fcc012000 r--p 00000000 08:20 20360                      /usr/lib/locale/C.UTF-8/LC_MONETARY
7f7fcc012000-7f7fcc013000 r--p 00000000 08:20 20359                      /usr/lib/locale/C.UTF-8/LC_MESSAGES/SYS_LC_MESSAGES
7f7fcc013000-7f7fcc014000 r--p 00000000 08:20 20363                      /usr/lib/locale/C.UTF-8/LC_PAPER
7f7fcc014000-7f7fcc015000 r--p 00000000 08:20 20361                      /usr/lib/locale/C.UTF-8/LC_NAME
7f7fcc015000-7f7fcc01c000 r--s 00000000 08:20 40715                      /usr/lib/x86_64-linux-gnu/gconv/gconv-modules.cache
7f7fcc01c000-7f7fcc155000 rw-p 00000000 00:00 0 
7f7fcc155000-7f7fccff5000 ---p 00000000 00:00 0 
7f7fccff5000-7f7fce44d000 rw-p 00000000 00:00 0 
7f7fce44d000-7f7fce531000 ---p 00000000 00:00 0 
7f7fce531000-7f7fce536000 rw-p 00000000 00:00 0 
7f7fce536000-7f7fce61a000 ---p 00000000 00:00 0 
7f7fce61a000-7f7fce61f000 rw-p 00000000 00:00 0 
7f7fce61f000-7f7fce629000 ---p 00000000 00:00 0 
7f7fce629000-7f7fce62c000 r--p 00000000 08:20 37895                      /usr/lib/x86_64-linux-gnu/libnss_files-2.31.so
7f7fce62c000-7f7fce633000 r-xp 00003000 08:20 37895                      /usr/lib/x86_64-linux-gnu/libnss_files-2.31.so
7f7fce633000-7f7fce635000 r--p 0000a000 08:20 37895                      /usr/lib/x86_64-linux-gnu/libnss_files-2.31.so
7f7fce635000-7f7fce636000 r--p 0000b000 08:20 37895                      /usr/lib/x86_64-linux-gnu/libnss_files-2.31.so
7f7fce636000-7f7fce637000 rw-p 0000c000 08:20 37895                      /usr/lib/x86_64-linux-gnu/libnss_files-2.31.so
7f7fce637000-7f7fce63d000 rw-p 00000000 00:00 0 
7f7fce63d000-7f7fce63e000 r--p 00000000 08:20 20354                      /usr/lib/locale/C.UTF-8/LC_ADDRESS
7f7fce63e000-7f7fce63f000 r--p 00000000 08:20 20364                      /usr/lib/locale/C.UTF-8/LC_TELEPHONE
7f7fce63f000-7f7fce641000 r--p 00000000 08:20 39581                      /root/.vscode-server/extensions/redhat.java-1.20.0-linux-x64/jre/17.0.7-linux-x86_64/lib/libzip.so
7f7fce641000-7f7fce645000 r-xp 00002000 08:20 39581                      /root/.vscode-server/extensions/redhat.java-1.20.0-linux-x64/jre/17.0.7-linux-x86_64/lib/libzip.so
7f7fce645000-7f7fce647000 r--p 00006000 08:20 39581                      /root/.vscode-server/extensions/redhat.java-1.20.0-linux-x64/jre/17.0.7-linux-x86_64/lib/libzip.so
7f7fce647000-7f7fce648000 r--p 00007000 08:20 39581                      /root/.vscode-server/extensions/redhat.java-1.20.0-linux-x64/jre/17.0.7-linux-x86_64/lib/libzip.so
7f7fce648000-7f7fce649000 rw-p 00008000 08:20 39581                      /root/.vscode-server/extensions/redhat.java-1.20.0-linux-x64/jre/17.0.7-linux-x86_64/lib/libzip.so
7f7fce649000-7f7fce656000 r--p 00000000 08:20 36265                      /root/.vscode-server/extensions/redhat.java-1.20.0-linux-x64/jre/17.0.7-linux-x86_64/lib/libjava.so
7f7fce656000-7f7fce668000 r-xp 0000d000 08:20 36265                      /root/.vscode-server/extensions/redhat.java-1.20.0-linux-x64/jre/17.0.7-linux-x86_64/lib/libjava.so
7f7fce668000-7f7fce66e000 r--p 0001f000 08:20 36265                      /root/.vscode-server/extensions/redhat.java-1.20.0-linux-x64/jre/17.0.7-linux-x86_64/lib/libjava.so
7f7fce66e000-7f7fce66f000 ---p 00025000 08:20 36265                      /root/.vscode-server/extensions/redhat.java-1.20.0-linux-x64/jre/17.0.7-linux-x86_64/lib/libjava.so
7f7fce66f000-7f7fce670000 r--p 00025000 08:20 36265                      /root/.vscode-server/extensions/redhat.java-1.20.0-linux-x64/jre/17.0.7-linux-x86_64/lib/libjava.so
7f7fce670000-7f7fce671000 rw-p 00026000 08:20 36265                      /root/.vscode-server/extensions/redhat.java-1.20.0-linux-x64/jre/17.0.7-linux-x86_64/lib/libjava.so
7f7fce671000-7f7fce672000 rw-p 00000000 00:00 0 
7f7fce672000-7f7fce675000 r--p 00000000 08:20 38860                      /root/.vscode-server/extensions/redhat.java-1.20.0-linux-x64/jre/17.0.7-linux-x86_64/lib/libjdwp.so
7f7fce675000-7f7fce6a2000 r-xp 00003000 08:20 38860                      /root/.vscode-server/extensions/redhat.java-1.20.0-linux-x64/jre/17.0.7-linux-x86_64/lib/libjdwp.so
7f7fce6a2000-7f7fce6b0000 r--p 00030000 08:20 38860                      /root/.vscode-server/extensions/redhat.java-1.20.0-linux-x64/jre/17.0.7-linux-x86_64/lib/libjdwp.so
7f7fce6b0000-7f7fce6b1000 r--p 0003d000 08:20 38860                      /root/.vscode-server/extensions/redhat.java-1.20.0-linux-x64/jre/17.0.7-linux-x86_64/lib/libjdwp.so
7f7fce6b1000-7f7fce6b2000 rw-p 0003e000 08:20 38860                      /root/.vscode-server/extensions/redhat.java-1.20.0-linux-x64/jre/17.0.7-linux-x86_64/lib/libjdwp.so
7f7fce6b2000-7f7fce6b3000 rw-p 00000000 00:00 0 
7f7fce6b3000-7f7fce6b7000 r--p 00000000 08:20 38935                      /root/.vscode-server/extensions/redhat.java-1.20.0-linux-x64/jre/17.0.7-linux-x86_64/lib/libjimage.so
7f7fce6b7000-7f7fce6ca000 r-xp 00004000 08:20 38935                      /root/.vscode-server/extensions/redhat.java-1.20.0-linux-x64/jre/17.0.7-linux-x86_64/lib/libjimage.so
7f7fce6ca000-7f7fce6d0000 r--p 00017000 08:20 38935                      /root/.vscode-server/extensions/redhat.java-1.20.0-linux-x64/jre/17.0.7-linux-x86_64/lib/libjimage.so
7f7fce6d0000-7f7fce6d2000 r--p 0001c000 08:20 38935                      /root/.vscode-server/extensions/redhat.java-1.20.0-linux-x64/jre/17.0.7-linux-x86_64/lib/libjimage.so
7f7fce6d2000-7f7fce6d3000 rw-p 0001e000 08:20 38935                      /root/.vscode-server/extensions/redhat.java-1.20.0-linux-x64/jre/17.0.7-linux-x86_64/lib/libjimage.so
7f7fce6d3000-7f7fce6d7000 ---p 00000000 00:00 0 
7f7fce6d7000-7f7fce7d4000 rw-p 00000000 00:00 0 
7f7fce7d4000-7f7fce7e1000 r--p 00000000 08:20 37094                      /usr/lib/x86_64-linux-gnu/libm-2.31.so
7f7fce7e1000-7f7fce888000 r-xp 0000d000 08:20 37094                      /usr/lib/x86_64-linux-gnu/libm-2.31.so
7f7fce888000-7f7fce921000 r--p 000b4000 08:20 37094                      /usr/lib/x86_64-linux-gnu/libm-2.31.so
7f7fce921000-7f7fce922000 r--p 0014c000 08:20 37094                      /usr/lib/x86_64-linux-gnu/libm-2.31.so
7f7fce922000-7f7fce923000 rw-p 0014d000 08:20 37094                      /usr/lib/x86_64-linux-gnu/libm-2.31.so
7f7fce923000-7f7fce925000 r--p 00000000 08:20 38548                      /usr/lib/x86_64-linux-gnu/librt-2.31.so
7f7fce925000-7f7fce929000 r-xp 00002000 08:20 38548                      /usr/lib/x86_64-linux-gnu/librt-2.31.so
7f7fce929000-7f7fce92b000 r--p 00006000 08:20 38548                      /usr/lib/x86_64-linux-gnu/librt-2.31.so
7f7fce92b000-7f7fce92c000 r--p 00007000 08:20 38548                      /usr/lib/x86_64-linux-gnu/librt-2.31.so
7f7fce92c000-7f7fce92d000 rw-p 00008000 08:20 38548                      /usr/lib/x86_64-linux-gnu/librt-2.31.so
7f7fce92d000-7f7fceb7f000 r--p 00000000 08:20 371620                     /root/.vscode-server/extensions/redhat.java-1.20.0-linux-x64/jre/17.0.7-linux-x86_64/lib/server/libjvm.so
7f7fceb7f000-7f7fcf89f000 r-xp 00252000 08:20 371620                     /root/.vscode-server/extensions/redhat.java-1.20.0-linux-x64/jre/17.0.7-linux-x86_64/lib/server/libjvm.so
7f7fcf89f000-7f7fcfb2b000 r--p 00f72000 08:20 371620                     /root/.vscode-server/extensions/redhat.java-1.20.0-linux-x64/jre/17.0.7-linux-x86_64/lib/server/libjvm.so
7f7fcfb2b000-7f7fcfb2c000 ---p 011fe000 08:20 371620                     /root/.vscode-server/extensions/redhat.java-1.20.0-linux-x64/jre/17.0.7-linux-x86_64/lib/server/libjvm.so
7f7fcfb2c000-7f7fcfbe5000 r--p 011fe000 08:20 371620                     /root/.vscode-server/extensions/redhat.java-1.20.0-linux-x64/jre/17.0.7-linux-x86_64/lib/server/libjvm.so
7f7fcfbe5000-7f7fcfc1a000 rw-p 012b7000 08:20 371620                     /root/.vscode-server/extensions/redhat.java-1.20.0-linux-x64/jre/17.0.7-linux-x86_64/lib/server/libjvm.so
7f7fcfc1a000-7f7fcfc76000 rw-p 00000000 00:00 0 
7f7fcfc76000-7f7fcfc98000 r--p 00000000 08:20 37092                      /usr/lib/x86_64-linux-gnu/libc-2.31.so
7f7fcfc98000-7f7fcfe10000 r-xp 00022000 08:20 37092                      /usr/lib/x86_64-linux-gnu/libc-2.31.so
7f7fcfe10000-7f7fcfe5e000 r--p 0019a000 08:20 37092                      /usr/lib/x86_64-linux-gnu/libc-2.31.so
7f7fcfe5e000-7f7fcfe62000 r--p 001e7000 08:20 37092                      /usr/lib/x86_64-linux-gnu/libc-2.31.so
7f7fcfe62000-7f7fcfe64000 rw-p 001eb000 08:20 37092                      /usr/lib/x86_64-linux-gnu/libc-2.31.so
7f7fcfe64000-7f7fcfe68000 rw-p 00000000 00:00 0 
7f7fcfe68000-7f7fcfe69000 r--p 00000000 08:20 37093                      /usr/lib/x86_64-linux-gnu/libdl-2.31.so
7f7fcfe69000-7f7fcfe6b000 r-xp 00001000 08:20 37093                      /usr/lib/x86_64-linux-gnu/libdl-2.31.so
7f7fcfe6b000-7f7fcfe6c000 r--p 00003000 08:20 37093                      /usr/lib/x86_64-linux-gnu/libdl-2.31.so
7f7fcfe6c000-7f7fcfe6d000 r--p 00003000 08:20 37093                      /usr/lib/x86_64-linux-gnu/libdl-2.31.so
7f7fcfe6d000-7f7fcfe6e000 rw-p 00004000 08:20 37093                      /usr/lib/x86_64-linux-gnu/libdl-2.31.so
7f7fcfe6e000-7f7fcfe74000 r--p 00000000 08:20 38546                      /usr/lib/x86_64-linux-gnu/libpthread-2.31.so
7f7fcfe74000-7f7fcfe85000 r-xp 00006000 08:20 38546                      /usr/lib/x86_64-linux-gnu/libpthread-2.31.so
7f7fcfe85000-7f7fcfe8b000 r--p 00017000 08:20 38546                      /usr/lib/x86_64-linux-gnu/libpthread-2.31.so
7f7fcfe8b000-7f7fcfe8c000 r--p 0001c000 08:20 38546                      /usr/lib/x86_64-linux-gnu/libpthread-2.31.so
7f7fcfe8c000-7f7fcfe8d000 rw-p 0001d000 08:20 38546                      /usr/lib/x86_64-linux-gnu/libpthread-2.31.so
7f7fcfe8d000-7f7fcfe91000 rw-p 00000000 00:00 0 
7f7fcfe91000-7f7fcfe94000 r--p 00000000 08:20 38992                      /root/.vscode-server/extensions/redhat.java-1.20.0-linux-x64/jre/17.0.7-linux-x86_64/lib/libjli.so
7f7fcfe94000-7f7fcfe9e000 r-xp 00003000 08:20 38992                      /root/.vscode-server/extensions/redhat.java-1.20.0-linux-x64/jre/17.0.7-linux-x86_64/lib/libjli.so
7f7fcfe9e000-7f7fcfea1000 r--p 0000d000 08:20 38992                      /root/.vscode-server/extensions/redhat.java-1.20.0-linux-x64/jre/17.0.7-linux-x86_64/lib/libjli.so
7f7fcfea1000-7f7fcfea2000 ---p 00010000 08:20 38992                      /root/.vscode-server/extensions/redhat.java-1.20.0-linux-x64/jre/17.0.7-linux-x86_64/lib/libjli.so
7f7fcfea2000-7f7fcfea3000 r--p 00010000 08:20 38992                      /root/.vscode-server/extensions/redhat.java-1.20.0-linux-x64/jre/17.0.7-linux-x86_64/lib/libjli.so
7f7fcfea3000-7f7fcfea4000 rw-p 00011000 08:20 38992                      /root/.vscode-server/extensions/redhat.java-1.20.0-linux-x64/jre/17.0.7-linux-x86_64/lib/libjli.so
7f7fcfea4000-7f7fcfea6000 r--p 00000000 08:20 24278                      /usr/lib/x86_64-linux-gnu/libz.so.1.2.11
7f7fcfea6000-7f7fcfeb7000 r-xp 00002000 08:20 24278                      /usr/lib/x86_64-linux-gnu/libz.so.1.2.11
7f7fcfeb7000-7f7fcfebd000 r--p 00013000 08:20 24278                      /usr/lib/x86_64-linux-gnu/libz.so.1.2.11
7f7fcfebd000-7f7fcfebe000 ---p 00019000 08:20 24278                      /usr/lib/x86_64-linux-gnu/libz.so.1.2.11
7f7fcfebe000-7f7fcfebf000 r--p 00019000 08:20 24278                      /usr/lib/x86_64-linux-gnu/libz.so.1.2.11
7f7fcfebf000-7f7fcfec0000 rw-p 0001a000 08:20 24278                      /usr/lib/x86_64-linux-gnu/libz.so.1.2.11
7f7fcfec0000-7f7fcfec1000 r--p 00000000 08:20 20358                      /usr/lib/locale/C.UTF-8/LC_MEASUREMENT
7f7fcfec1000-7f7fcfec2000 r--p 00000000 08:20 20357                      /usr/lib/locale/C.UTF-8/LC_IDENTIFICATION
7f7fcfec2000-7f7fcfeca000 rw-s 00000000 08:20 444720                     /tmp/hsperfdata_root/15183 (deleted)
7f7fcfeca000-7f7fcfecb000 ---p 00000000 00:00 0 
7f7fcfecb000-7f7fcfecc000 r--p 00000000 00:00 0 
7f7fcfecc000-7f7fcfece000 rw-p 00000000 00:00 0 
7f7fcfece000-7f7fcfecf000 r--p 00000000 08:20 21193                      /usr/lib/x86_64-linux-gnu/ld-2.31.so
7f7fcfecf000-7f7fcfef2000 r-xp 00001000 08:20 21193                      /usr/lib/x86_64-linux-gnu/ld-2.31.so
7f7fcfef2000-7f7fcfefa000 r--p 00024000 08:20 21193                      /usr/lib/x86_64-linux-gnu/ld-2.31.so
7f7fcfefa000-7f7fcfefb000 ---p 00000000 00:00 0 
7f7fcfefb000-7f7fcfefc000 r--p 0002c000 08:20 21193                      /usr/lib/x86_64-linux-gnu/ld-2.31.so
7f7fcfefc000-7f7fcfefd000 rw-p 0002d000 08:20 21193                      /usr/lib/x86_64-linux-gnu/ld-2.31.so
7f7fcfefd000-7f7fcfefe000 rw-p 00000000 00:00 0 
7fff32a80000-7fff32aa2000 rw-p 00000000 00:00 0                          [stack]
7fff32ac0000-7fff32ac4000 r--p 00000000 00:00 0                          [vvar]
7fff32ac4000-7fff32ac6000 r-xp 00000000 00:00 0                          [vdso]


VM Arguments:
jvm_args: -agentlib:jdwp=transport=dt_socket,server=n,suspend=y,address=localhost:40323 -XX:+ShowCodeDetailsInExceptionMessages 
java_command: mirage.App
java_class_path (initial): /root/dev/java/mirage/engine/target/classes:/root/.m2/repository/org/lwjgl/lwjgl/3.3.2/lwjgl-3.3.2.jar:/root/.m2/repository/org/lwjgl/lwjgl-glfw/3.3.2/lwjgl-glfw-3.3.2.jar:/root/.m2/repository/org/lwjgl/lwjgl-openal/3.3.2/lwjgl-openal-3.3.2.jar:/root/.m2/repository/org/lwjgl/lwjgl-opengl/3.3.2/lwjgl-opengl-3.3.2.jar:/root/.m2/repository/org/lwjgl/lwjgl-stb/3.3.2/lwjgl-stb-3.3.2.jar:/root/.m2/repository/org/lwjgl/lwjgl/3.3.2/lwjgl-3.3.2-natives-linux.jar:/root/.m2/repository/org/lwjgl/lwjgl-glfw/3.3.2/lwjgl-glfw-3.3.2-natives-linux.jar:/root/.m2/repository/org/lwjgl/lwjgl-openal/3.3.2/lwjgl-openal-3.3.2-natives-linux.jar:/root/.m2/repository/org/lwjgl/lwjgl-opengl/3.3.2/lwjgl-opengl-3.3.2-natives-linux.jar:/root/.m2/repository/org/lwjgl/lwjgl-stb/3.3.2/lwjgl-stb-3.3.2-natives-linux.jar
Launcher Type: SUN_STANDARD

[Global flags]
     intx CICompilerCount                          = 12                                        {product} {ergonomic}
     uint ConcGCThreads                            = 5                                         {product} {ergonomic}
     uint G1ConcRefinementThreads                  = 20                                        {product} {ergonomic}
   size_t G1HeapRegionSize                         = 4194304                                   {product} {ergonomic}
    uintx GCDrainStackTargetSize                   = 64                                        {product} {ergonomic}
   size_t InitialHeapSize                          = 524288000                                 {product} {ergonomic}
   size_t MarkStackSize                            = 4194304                                   {product} {ergonomic}
   size_t MaxHeapSize                              = 8376025088                                {product} {ergonomic}
   size_t MaxNewSize                               = 5024776192                                {product} {ergonomic}
   size_t MinHeapDeltaBytes                        = 4194304                                   {product} {ergonomic}
   size_t MinHeapSize                              = 8388608                                   {product} {ergonomic}
    uintx NonNMethodCodeHeapSize                   = 7602480                                {pd product} {ergonomic}
    uintx NonProfiledCodeHeapSize                  = 122027880                              {pd product} {ergonomic}
    uintx ProfiledCodeHeapSize                     = 122027880                              {pd product} {ergonomic}
    uintx ReservedCodeCacheSize                    = 251658240                              {pd product} {ergonomic}
     bool SegmentedCodeCache                       = true                                      {product} {ergonomic}
     bool ShowCodeDetailsInExceptionMessages       = true                                   {manageable} {command line}
   size_t SoftMaxHeapSize                          = 8376025088                             {manageable} {ergonomic}
     bool UseCompressedClassPointers               = true                           {product lp64_product} {ergonomic}
     bool UseCompressedOops                        = true                           {product lp64_product} {ergonomic}
     bool UseG1GC                                  = true                                      {product} {ergonomic}

Logging:
Log output configuration:
 #0: stdout all=off uptime,level,tags
 #1: stderr all=off uptime,level,tags

Environment Variables:
JAVA_HOME=/root/.sdkman/candidates/java/current
PATH=/root/.vscode-server/bin/695af097c7bd098fbf017ce3ac85e09bbc5dda06/bin/remote-cli:/root/.sdkman/candidates/maven/current/bin:/root/.sdkman/candidates/java/current/bin:/root/.nvm/versions/node/v18.3.0/bin:/root/.cargo/bin:/usr/local/sbin:/usr/local/bin:/usr/sbin:/usr/bin:/sbin:/bin:/usr/games:/usr/local/games:/usr/lib/wsl/lib:/mnt/d/Oculus/Support/oculus-runtime:/mnt/c/Program Files/Common Files/Oracle/Java/javapath:/mnt/c/Windows/system32:/mnt/c/Windows:/mnt/c/Windows/System32/Wbem:/mnt/c/Windows/System32/WindowsPowerShell/v1.0/:/mnt/c/Windows/System32/OpenSSH/:/mnt/c/Program Files/Microsoft VS Code/bin:/mnt/c/Program Files (x86)/NVIDIA Corporation/PhysX/Common:/mnt/c/Program Files/NVIDIA Corporation/NVIDIA NvDLISR:/mnt/c/Program Files/Go/bin:/mnt/c/Program Files/WIDCOMM/Bluetooth Software/:/mnt/c/Program Files/WIDCOMM/Bluetooth Software/syswow64:/mnt/c/Program Files/dotnet/:/mnt/f/Program Files/Git/cmd:/mnt/d/msys64/mingw64/bin:/mnt/d/Program Files/CMake/bin:/mnt/c/Users/jaree/AppData/Local/Microsoft/WindowsApps:/mnt/c/Users/jaree/go/bin:/mnt/c/Users/jaree/AppData/Local/GitHubDesktop/bin:/usr/local/go/bin
SHELL=/usr/bin/zsh
DISPLAY=:0
HOSTTYPE=x86_64
LANG=C.UTF-8
TERM=xterm-256color

Active Locale:
LC_ALL=C.UTF-8
LC_COLLATE=C.UTF-8
LC_CTYPE=C.UTF-8
LC_MESSAGES=C.UTF-8
LC_MONETARY=C.UTF-8
LC_NUMERIC=C.UTF-8
LC_TIME=C.UTF-8

Signal Handlers:
   SIGSEGV: crash_handler in libjvm.so, mask=11100100010111111101111111111110, flags=SA_RESTART|SA_SIGINFO, unblocked
    SIGBUS: crash_handler in libjvm.so, mask=11100100010111111101111111111110, flags=SA_RESTART|SA_SIGINFO, unblocked
    SIGFPE: 