#
# A fatal error has been detected by the Java Runtime Environment:
#
#  SIGSEGV (0xb) at pc=0x00007ff8a85327d6, pid=10551, tid=10650
#
# JRE version: OpenJDK Runtime Environment Temurin-17.0.7+7 (17.0.7+7) (build 17.0.7+7)
# Java VM: OpenJDK 64-Bit Server VM Temurin-17.0.7+7 (17.0.7+7, mixed mode, tiered, compressed oops, compressed class ptrs, g1 gc, linux-amd64)
# Problematic frame:
# C  [libnvwgf2umx.so+0x2c9e7d6]
#
# No core dump will be written. Core dumps have been disabled. To enable core dumping, try "ulimit -c unlimited" before starting Java again
#
# If you would like to submit a bug report, please visit:
#   https://github.com/adoptium/adoptium-support/issues
#

---------------  S U M M A R Y ------------

Command Line: -XX:+ShowCodeDetailsInExceptionMessages mirage.App

Host: Intel(R) Core(TM) i9-9940X CPU @ 3.30GHz, 28 cores, 31G, Ubuntu 20.04.6 LTS
Time: Sat Jul  1 21:14:13 2023 EDT elapsed time: 59.099740 seconds (0d 0h 0m 59s)

---------------  T H R E A D  ---------------

Current thread is native thread

Stack: [0x00007ff8b49f2000,0x00007ff8b51f1000],  sp=0x00007ff8b51efe40,  free space=8183k
Native frames: (J=compiled Java code, j=interpreted, Vv=VM code, C=native code)
C  [libnvwgf2umx.so+0x2c9e7d6]


siginfo: si_signo: 11 (SIGSEGV), si_code: 1 (SEGV_MAPERR), si_addr: 0x00007ff8b51f1000

Registers:
RAX=0x0000000000000044, RBX=0x00007ff92c6ce010, RCX=0x00007ff92c6d0b01, RDX=0x00007ff8b51efe50
RSP=0x00007ff8b51efe40, RBP=0x0000000000000000, RSI=0x00007ff92c6ce010, RDI=0x00007ff92c650340
R8 =0x00007ff92c650340, R9 =0x00007ffc041d7080, R10=0x00000000001fe792, R11=0x0000000000000000
R12=0x00007ff8b51efea7, R13=0x0000000000000000, R14=0x00007ff8b51f1000, R15=0x0000000000000000
RIP=0x00007ff8a85327d6, EFLAGS=0x0000000000010246, CSGSFS=0x002b000000000033, ERR=0x0000000000000004
  TRAPNO=0x000000000000000e

Top of Stack: (sp=0x00007ff8b51efe40)
0x00007ff8b51efe40:   00007ff92c650340 2c6d0b0100017d05
0x00007ff8b51efe50:   00007ff92c650448 00007ff8b51efe50
0x00007ff8b51efe60:   00007ff8b51efea7 00007ff92c650340
0x00007ff8b51efe70:   00007ff92c6ce010 00007ff8b51efea7 

Instructions: (pc=0x00007ff8a85327d6)
0x00007ff8a85326d6:   8d 7c 24 30 e8 91 ed 8b fe 4c 89 ff e8 89 ed 8b
0x00007ff8a85326e6:   fe 48 8b 44 24 38 48 81 c4 88 00 00 00 5b 41 5c
0x00007ff8a85326f6:   41 5d 41 5e 41 5f 5d c3 eb 0a eb 37 eb 35 eb 44
0x00007ff8a8532706:   eb 02 eb 2f 48 89 c3 48 8d 7c 24 30 e8 59 ed 8b
0x00007ff8a8532716:   fe eb 23 eb 1e 48 89 c3 48 8d 7c 24 30 e8 48 ed
0x00007ff8a8532726:   8b fe eb 03 48 89 c3 48 8d 7c 24 48 e8 39 ed 8b
0x00007ff8a8532736:   fe eb 03 48 89 c3 48 8d 7c 24 40 e8 2a ed 8b fe
0x00007ff8a8532746:   eb 05 eb 00 48 89 c3 48 8b 7c 24 38 e8 19 ed 8b
0x00007ff8a8532756:   fe 48 89 df e8 11 22 75 fe cc 55 41 57 41 56 41
0x00007ff8a8532766:   55 41 54 53 48 83 ec 28 f6 47 28 10 0f 84 53 01
0x00007ff8a8532776:   00 00 48 89 f3 8b 46 10 85 c0 0f 84 45 01 00 00
0x00007ff8a8532786:   49 89 d4 49 89 f8 4c 8b 73 28 b1 01 89 4c 24 0c
0x00007ff8a8532796:   45 31 ff 48 8d 54 24 10 45 31 ed 4c 89 64 24 20
0x00007ff8a85327a6:   48 89 3c 24 48 89 54 24 18 eb 25 90 90 90 90 90
0x00007ff8a85327b6:   90 90 90 90 90 90 90 90 90 90 8b 43 10 49 83 c5
0x00007ff8a85327c6:   01 89 c1 41 83 c7 01 49 39 cd 0f 83 f5 00 00 00
0x00007ff8a85327d6:   43 8b 0c ae 0f b7 c9 42 3b 8c ab 4c 04 00 00 74
0x00007ff8a85327e6:   dc 42 89 8c ab 4c 04 00 00 8b 4b 0c 85 c9 74 cd
0x00007ff8a85327f6:   31 ed eb 1e 8b 73 04 4c 89 c7 44 89 ea 89 e9 e8
0x00007ff8a8532806:   96 3b 03 00 4c 8b 04 24 83 c5 01 8b 4b 0c 39 cd
0x00007ff8a8532816:   73 a8 41 0f af cf 01 e9 41 0f b6 84 0e 80 90 00
0x00007ff8a8532826:   00 24 7f 8d 50 e0 80 fa 14 77 dd 48 8b 93 50 08
0x00007ff8a8532836:   00 00 3a 04 0a 74 d1 88 04 0a 41 c6 04 24 01 41
0x00007ff8a8532846:   80 78 2d 00 75 ae f6 44 24 0c 01 75 09 41 f6 40
0x00007ff8a8532856:   28 20 75 b4 eb 33 4c 8d 64 24 10 4c 89 e7 4c 89
0x00007ff8a8532866:   c6 48 89 da e8 01 2a 03 00 48 8b 3c 24 4c 89 e6
0x00007ff8a8532876:   e8 75 e0 ff ff 4c 89 e7 e8 ed eb 8b fe c7 44 24
0x00007ff8a8532886:   0c 00 00 00 00 4c 8b 04 24 8b 53 04 45 0f b6 48
0x00007ff8a8532896:   2c 4c 8d 64 24 10 4c 89 e7 4c 89 c6 44 89 e9 41
0x00007ff8a85328a6:   89 e8 e8 e3 29 03 00 48 8b 3c 24 4c 89 e6 e8 37
0x00007ff8a85328b6:   e0 ff ff 4c 89 e7 e8 af eb 8b fe 4c 8b 64 24 20
0x00007ff8a85328c6:   e9 3f ff ff ff 48 83 c4 28 5b 41 5c 41 5d 41 5e 



---------------  P R O C E S S  ---------------

VM state: at safepoint (shutting down)

VM Mutex/Monitor currently owned by a thread:  ([mutex/lock_event])
[0x00007ff92c022c80] Threads_lock - owner thread: 0x00007ff92c1caf20

Heap address: 0x000000060cc00000, size: 7988 MB, Compressed Oops mode: Zero based, Oop shift amount: 3

CDS archive(s) not mapped
Compressed class space mapped at: 0x0000000800000000-0x0000000840000000, reserved size: 1073741824
Narrow klass base: 0x0000000800000000, Narrow klass shift: 0, Narrow klass range: 0x40000000

GC Precious Log:
<Skipped>

Heap:
 garbage-first heap   total 512000K, used 7874K [0x000000060cc00000, 0x0000000800000000)
  region size 4096K, 2 young (8192K), 0 survivors (0K)
 Metaspace       used 8711K, committed 8896K, reserved 1114112K
  class space    used 738K, committed 832K, reserved 1048576K

Heap Regions: E=young(eden), S=young(survivor), O=old, HS=humongous(starts), HC=humongous(continues), CS=collection set, F=free, OA=open archive, CA=closed archive, TAMS=top-at-mark-start (previous, next)
|   0|0x000000060cc00000, 0x000000060cc00000, 0x000000060d000000|  0%| F|  |TAMS 0x000000060cc00000, 0x000000060cc00000| Untracked 
|   1|0x000000060d000000, 0x000000060d000000, 0x000000060d400000|  0%| F|  |TAMS 0x000000060d000000, 0x000000060d000000| Untracked 
|   2|0x000000060d400000, 0x000000060d400000, 0x000000060d800000|  0%| F|  |TAMS 0x000000060d400000, 0x000000060d400000| Untracked 
|   3|0x000000060d800000, 0x000000060d800000, 0x000000060dc00000|  0%| F|  |TAMS 0x000000060d800000, 0x000000060d800000| Untracked 
|   4|0x000000060dc00000, 0x000000060dc00000, 0x000000060e000000|  0%| F|  |TAMS 0x000000060dc00000, 0x000000060dc00000| Untracked 
|   5|0x000000060e000000, 0x000000060e000000, 0x000000060e400000|  0%| F|  |TAMS 0x000000060e000000, 0x000000060e000000| Untracked 
|   6|0x000000060e400000, 0x000000060e400000, 0x000000060e800000|  0%| F|  |TAMS 0x000000060e400000, 0x000000060e400000| Untracked 
|   7|0x000000060e800000, 0x000000060e800000, 0x000000060ec00000|  0%| F|  |TAMS 0x000000060e800000, 0x000000060e800000| Untracked 
|   8|0x000000060ec00000, 0x000000060ec00000, 0x000000060f000000|  0%| F|  |TAMS 0x000000060ec00000, 0x000000060ec00000| Untracked 
|   9|0x000000060f000000, 0x000000060f000000, 0x000000060f400000|  0%| F|  |TAMS 0x000000060f000000, 0x000000060f000000| Untracked 
|  10|0x000000060f400000, 0x000000060f400000, 0x000000060f800000|  0%| F|  |TAMS 0x000000060f400000, 0x000000060f400000| Untracked 
|  11|0x000000060f800000, 0x000000060f800000, 0x000000060fc00000|  0%| F|  |TAMS 0x000000060f800000, 0x000000060f800000| Untracked 
|  12|0x000000060fc00000, 0x000000060fc00000, 0x0000000610000000|  0%| F|  |TAMS 0x000000060fc00000, 0x000000060fc00000| Untracked 
|  13|0x0000000610000000, 0x0000000610000000, 0x0000000610400000|  0%| F|  |TAMS 0x0000000610000000, 0x0000000610000000| Untracked 
|  14|0x0000000610400000, 0x0000000610400000, 0x0000000610800000|  0%| F|  |TAMS 0x0000000610400000, 0x0000000610400000| Untracked 
|  15|0x0000000610800000, 0x0000000610800000, 0x0000000610c00000|  0%| F|  |TAMS 0x0000000610800000, 0x0000000610800000| Untracked 
|  16|0x0000000610c00000, 0x0000000610c00000, 0x0000000611000000|  0%| F|  |TAMS 0x0000000610c00000, 0x0000000610c00000| Untracked 
|  17|0x0000000611000000, 0x0000000611000000, 0x0000000611400000|  0%| F|  |TAMS 0x0000000611000000, 0x0000000611000000| Untracked 
|  18|0x0000000611400000, 0x0000000611400000, 0x0000000611800000|  0%| F|  |TAMS 0x0000000611400000, 0x0000000611400000| Untracked 
|  19|0x0000000611800000, 0x0000000611800000, 0x0000000611c00000|  0%| F|  |TAMS 0x0000000611800000, 0x0000000611800000| Untracked 
|  20|0x0000000611c00000, 0x0000000611c00000, 0x0000000612000000|  0%| F|  |TAMS 0x0000000611c00000, 0x0000000611c00000| Untracked 
|  21|0x0000000612000000, 0x0000000612000000, 0x0000000612400000|  0%| F|  |TAMS 0x0000000612000000, 0x0000000612000000| Untracked 
|  22|0x0000000612400000, 0x0000000612400000, 0x0000000612800000|  0%| F|  |TAMS 0x0000000612400000, 0x0000000612400000| Untracked 
|  23|0x0000000612800000, 0x0000000612800000, 0x0000000612c00000|  0%| F|  |TAMS 0x0000000612800000, 0x0000000612800000| Untracked 
|  24|0x0000000612c00000, 0x0000000612c00000, 0x0000000613000000|  0%| F|  |TAMS 0x0000000612c00000, 0x0000000612c00000| Untracked 
|  25|0x0000000613000000, 0x0000000613000000, 0x0000000613400000|  0%| F|  |TAMS 0x0000000613000000, 0x0000000613000000| Untracked 
|  26|0x0000000613400000, 0x0000000613400000, 0x0000000613800000|  0%| F|  |TAMS 0x0000000613400000, 0x0000000613400000| Untracked 
|  27|0x0000000613800000, 0x0000000613800000, 0x0000000613c00000|  0%| F|  |TAMS 0x0000000613800000, 0x0000000613800000| Untracked 
|  28|0x0000000613c00000, 0x0000000613c00000, 0x0000000614000000|  0%| F|  |TAMS 0x0000000613c00000, 0x0000000613c00000| Untracked 
|  29|0x0000000614000000, 0x0000000614000000, 0x0000000614400000|  0%| F|  |TAMS 0x0000000614000000, 0x0000000614000000| Untracked 
|  30|0x0000000614400000, 0x0000000614400000, 0x0000000614800000|  0%| F|  |TAMS 0x0000000614400000, 0x0000000614400000| Untracked 
|  31|0x0000000614800000, 0x0000000614800000, 0x0000000614c00000|  0%| F|  |TAMS 0x0000000614800000, 0x0000000614800000| Untracked 
|  32|0x0000000614c00000, 0x0000000614c00000, 0x0000000615000000|  0%| F|  |TAMS 0x0000000614c00000, 0x0000000614c00000| Untracked 
|  33|0x0000000615000000, 0x0000000615000000, 0x0000000615400000|  0%| F|  |TAMS 0x0000000615000000, 0x0000000615000000| Untracked 
|  34|0x0000000615400000, 0x0000000615400000, 0x0000000615800000|  0%| F|  |TAMS 0x0000000615400000, 0x0000000615400000| Untracked 
|  35|0x0000000615800000, 0x0000000615800000, 0x0000000615c00000|  0%| F|  |TAMS 0x0000000615800000, 0x0000000615800000| Untracked 
|  36|0x0000000615c00000, 0x0000000615c00000, 0x0000000616000000|  0%| F|  |TAMS 0x0000000615c00000, 0x0000000615c00000| Untracked 
|  37|0x0000000616000000, 0x0000000616000000, 0x0000000616400000|  0%| F|  |TAMS 0x0000000616000000, 0x0000000616000000| Untracked 
|  38|0x0000000616400000, 0x0000000616400000, 0x0000000616800000|  0%| F|  |TAMS 0x0000000616400000, 0x0000000616400000| Untracked 
|  39|0x0000000616800000, 0x0000000616800000, 0x0000000616c00000|  0%| F|  |TAMS 0x0000000616800000, 0x0000000616800000| Untracked 
|  40|0x0000000616c00000, 0x0000000616c00000, 0x0000000617000000|  0%| F|  |TAMS 0x0000000616c00000, 0x0000000616c00000| Untracked 
|  41|0x0000000617000000, 0x0000000617000000, 0x0000000617400000|  0%| F|  |TAMS 0x0000000617000000, 0x0000000617000000| Untracked 
|  42|0x0000000617400000, 0x0000000617400000, 0x0000000617800000|  0%| F|  |TAMS 0x0000000617400000, 0x0000000617400000| Untracked 
|  43|0x0000000617800000, 0x0000000617800000, 0x0000000617c00000|  0%| F|  |TAMS 0x0000000617800000, 0x0000000617800000| Untracked 
|  44|0x0000000617c00000, 0x0000000617c00000, 0x0000000618000000|  0%| F|  |TAMS 0x0000000617c00000, 0x0000000617c00000| Untracked 
|  45|0x0000000618000000, 0x0000000618000000, 0x0000000618400000|  0%| F|  |TAMS 0x0000000618000000, 0x0000000618000000| Untracked 
|  46|0x0000000618400000, 0x0000000618400000, 0x0000000618800000|  0%| F|  |TAMS 0x0000000618400000, 0x0000000618400000| Untracked 
|  47|0x0000000618800000, 0x0000000618800000, 0x0000000618c00000|  0%| F|  |TAMS 0x0000000618800000, 0x0000000618800000| Untracked 
|  48|0x0000000618c00000, 0x0000000618c00000, 0x0000000619000000|  0%| F|  |TAMS 0x0000000618c00000, 0x0000000618c00000| Untracked 
|  49|0x0000000619000000, 0x0000000619000000, 0x0000000619400000|  0%| F|  |TAMS 0x0000000619000000, 0x0000000619000000| Untracked 
|  50|0x0000000619400000, 0x0000000619400000, 0x0000000619800000|  0%| F|  |TAMS 0x0000000619400000, 0x0000000619400000| Untracked 
|  51|0x0000000619800000, 0x0000000619800000, 0x0000000619c00000|  0%| F|  |TAMS 0x0000000619800000, 0x0000000619800000| Untracked 
|  52|0x0000000619c00000, 0x0000000619c00000, 0x000000061a000000|  0%| F|  |TAMS 0x0000000619c00000, 0x0000000619c00000| Untracked 
|  53|0x000000061a000000, 0x000000061a000000, 0x000000061a400000|  0%| F|  |TAMS 0x000000061a000000, 0x000000061a000000| Untracked 
|  54|0x000000061a400000, 0x000000061a400000, 0x000000061a800000|  0%| F|  |TAMS 0x000000061a400000, 0x000000061a400000| Untracked 
|  55|0x000000061a800000, 0x000000061a800000, 0x000000061ac00000|  0%| F|  |TAMS 0x000000061a800000, 0x000000061a800000| Untracked 
|  56|0x000000061ac00000, 0x000000061ac00000, 0x000000061b000000|  0%| F|  |TAMS 0x000000061ac00000, 0x000000061ac00000| Untracked 
|  57|0x000000061b000000, 0x000000061b000000, 0x000000061b400000|  0%| F|  |TAMS 0x000000061b000000, 0x000000061b000000| Untracked 
|  58|0x000000061b400000, 0x000000061b400000, 0x000000061b800000|  0%| F|  |TAMS 0x000000061b400000, 0x000000061b400000| Untracked 
|  59|0x000000061b800000, 0x000000061b800000, 0x000000061bc00000|  0%| F|  |TAMS 0x000000061b800000, 0x000000061b800000| Untracked 
|  60|0x000000061bc00000, 0x000000061bc00000, 0x000000061c000000|  0%| F|  |TAMS 0x000000061bc00000, 0x000000061bc00000| Untracked 
|  61|0x000000061c000000, 0x000000061c000000, 0x000000061c400000|  0%| F|  |TAMS 0x000000061c000000, 0x000000061c000000| Untracked 
|  62|0x000000061c400000, 0x000000061c400000, 0x000000061c800000|  0%| F|  |TAMS 0x000000061c400000, 0x000000061c400000| Untracked 
|  63|0x000000061c800000, 0x000000061c800000, 0x000000061cc00000|  0%| F|  |TAMS 0x000000061c800000, 0x000000061c800000| Untracked 
|  64|0x000000061cc00000, 0x000000061cc00000, 0x000000061d000000|  0%| F|  |TAMS 0x000000061cc00000, 0x000000061cc00000| Untracked 
|  65|0x000000061d000000, 0x000000061d000000, 0x000000061d400000|  0%| F|  |TAMS 0x000000061d000000, 0x000000061d000000| Untracked 
|  66|0x000000061d400000, 0x000000061d400000, 0x000000061d800000|  0%| F|  |TAMS 0x000000061d400000, 0x000000061d400000| Untracked 
|  67|0x000000061d800000, 0x000000061d800000, 0x000000061dc00000|  0%| F|  |TAMS 0x000000061d800000, 0x000000061d800000| Untracked 
|  68|0x000000061dc00000, 0x000000061dc00000, 0x000000061e000000|  0%| F|  |TAMS 0x000000061dc00000, 0x000000061dc00000| Untracked 
|  69|0x000000061e000000, 0x000000061e000000, 0x000000061e400000|  0%| F|  |TAMS 0x000000061e000000, 0x000000061e000000| Untracked 
|  70|0x000000061e400000, 0x000000061e400000, 0x000000061e800000|  0%| F|  |TAMS 0x000000061e400000, 0x000000061e400000| Untracked 
|  71|0x000000061e800000, 0x000000061e800000, 0x000000061ec00000|  0%| F|  |TAMS 0x000000061e800000, 0x000000061e800000| Untracked 
|  72|0x000000061ec00000, 0x000000061ec00000, 0x000000061f000000|  0%| F|  |TAMS 0x000000061ec00000, 0x000000061ec00000| Untracked 
|  73|0x000000061f000000, 0x000000061f000000, 0x000000061f400000|  0%| F|  |TAMS 0x000000061f000000, 0x000000061f000000| Untracked 
|  74|0x000000061f400000, 0x000000061f400000, 0x000000061f800000|  0%| F|  |TAMS 0x000000061f400000, 0x000000061f400000| Untracked 
|  75|0x000000061f800000, 0x000000061f800000, 0x000000061fc00000|  0%| F|  |TAMS 0x000000061f800000, 0x000000061f800000| Untracked 
|  76|0x000000061fc00000, 0x000000061fc00000, 0x0000000620000000|  0%| F|  |TAMS 0x000000061fc00000, 0x000000061fc00000| Untracked 
|  77|0x0000000620000000, 0x0000000620000000, 0x0000000620400000|  0%| F|  |TAMS 0x0000000620000000, 0x0000000620000000| Untracked 
|  78|0x0000000620400000, 0x0000000620400000, 0x0000000620800000|  0%| F|  |TAMS 0x0000000620400000, 0x0000000620400000| Untracked 
|  79|0x0000000620800000, 0x0000000620800000, 0x0000000620c00000|  0%| F|  |TAMS 0x0000000620800000, 0x0000000620800000| Untracked 
|  80|0x0000000620c00000, 0x0000000620c00000, 0x0000000621000000|  0%| F|  |TAMS 0x0000000620c00000, 0x0000000620c00000| Untracked 
|  81|0x0000000621000000, 0x0000000621000000, 0x0000000621400000|  0%| F|  |TAMS 0x0000000621000000, 0x0000000621000000| Untracked 
|  82|0x0000000621400000, 0x0000000621400000, 0x0000000621800000|  0%| F|  |TAMS 0x0000000621400000, 0x0000000621400000| Untracked 
|  83|0x0000000621800000, 0x0000000621800000, 0x0000000621c00000|  0%| F|  |TAMS 0x0000000621800000, 0x0000000621800000| Untracked 
|  84|0x0000000621c00000, 0x0000000621c00000, 0x0000000622000000|  0%| F|  |TAMS 0x0000000621c00000, 0x0000000621c00000| Untracked 
|  85|0x0000000622000000, 0x0000000622000000, 0x0000000622400000|  0%| F|  |TAMS 0x0000000622000000, 0x0000000622000000| Untracked 
|  86|0x0000000622400000, 0x0000000622400000, 0x0000000622800000|  0%| F|  |TAMS 0x0000000622400000, 0x0000000622400000| Untracked 
|  87|0x0000000622800000, 0x0000000622800000, 0x0000000622c00000|  0%| F|  |TAMS 0x0000000622800000, 0x0000000622800000| Untracked 
|  88|0x0000000622c00000, 0x0000000622c00000, 0x0000000623000000|  0%| F|  |TAMS 0x0000000622c00000, 0x0000000622c00000| Untracked 
|  89|0x0000000623000000, 0x0000000623000000, 0x0000000623400000|  0%| F|  |TAMS 0x0000000623000000, 0x0000000623000000| Untracked 
|  90|0x0000000623400000, 0x0000000623400000, 0x0000000623800000|  0%| F|  |TAMS 0x0000000623400000, 0x0000000623400000| Untracked 
|  91|0x0000000623800000, 0x0000000623800000, 0x0000000623c00000|  0%| F|  |TAMS 0x0000000623800000, 0x0000000623800000| Untracked 
|  92|0x0000000623c00000, 0x0000000623c00000, 0x0000000624000000|  0%| F|  |TAMS 0x0000000623c00000, 0x0000000623c00000| Untracked 
|  93|0x0000000624000000, 0x0000000624000000, 0x0000000624400000|  0%| F|  |TAMS 0x0000000624000000, 0x0000000624000000| Untracked 
|  94|0x0000000624400000, 0x0000000624400000, 0x0000000624800000|  0%| F|  |TAMS 0x0000000624400000, 0x0000000624400000| Untracked 
|  95|0x0000000624800000, 0x0000000624800000, 0x0000000624c00000|  0%| F|  |TAMS 0x0000000624800000, 0x0000000624800000| Untracked 
|  96|0x0000000624c00000, 0x0000000624c00000, 0x0000000625000000|  0%| F|  |TAMS 0x0000000624c00000, 0x0000000624c00000| Untracked 
|  97|0x0000000625000000, 0x0000000625000000, 0x0000000625400000|  0%| F|  |TAMS 0x0000000625000000, 0x0000000625000000| Untracked 
|  98|0x0000000625400000, 0x0000000625400000, 0x0000000625800000|  0%| F|  |TAMS 0x0000000625400000, 0x0000000625400000| Untracked 
|  99|0x0000000625800000, 0x0000000625800000, 0x0000000625c00000|  0%| F|  |TAMS 0x0000000625800000, 0x0000000625800000| Untracked 
| 100|0x0000000625c00000, 0x0000000625c00000, 0x0000000626000000|  0%| F|  |TAMS 0x0000000625c00000, 0x0000000625c00000| Untracked 
| 101|0x0000000626000000, 0x0000000626000000, 0x0000000626400000|  0%| F|  |TAMS 0x0000000626000000, 0x0000000626000000| Untracked 
| 102|0x0000000626400000, 0x0000000626400000, 0x0000000626800000|  0%| F|  |TAMS 0x0000000626400000, 0x0000000626400000| Untracked 
| 103|0x0000000626800000, 0x0000000626800000, 0x0000000626c00000|  0%| F|  |TAMS 0x0000000626800000, 0x0000000626800000| Untracked 
| 104|0x0000000626c00000, 0x0000000626c00000, 0x0000000627000000|  0%| F|  |TAMS 0x0000000626c00000, 0x0000000626c00000| Untracked 
| 105|0x0000000627000000, 0x0000000627000000, 0x0000000627400000|  0%| F|  |TAMS 0x0000000627000000, 0x0000000627000000| Untracked 
| 106|0x0000000627400000, 0x0000000627400000, 0x0000000627800000|  0%| F|  |TAMS 0x0000000627400000, 0x0000000627400000| Untracked 
| 107|0x0000000627800000, 0x0000000627800000, 0x0000000627c00000|  0%| F|  |TAMS 0x0000000627800000, 0x0000000627800000| Untracked 
| 108|0x0000000627c00000, 0x0000000627c00000, 0x0000000628000000|  0%| F|  |TAMS 0x0000000627c00000, 0x0000000627c00000| Untracked 
| 109|0x0000000628000000, 0x0000000628000000, 0x0000000628400000|  0%| F|  |TAMS 0x0000000628000000, 0x0000000628000000| Untracked 
| 110|0x0000000628400000, 0x0000000628400000, 0x0000000628800000|  0%| F|  |TAMS 0x0000000628400000, 0x0000000628400000| Untracked 
| 111|0x0000000628800000, 0x0000000628800000, 0x0000000628c00000|  0%| F|  |TAMS 0x0000000628800000, 0x0000000628800000| Untracked 
| 112|0x0000000628c00000, 0x0000000628c00000, 0x0000000629000000|  0%| F|  |TAMS 0x0000000628c00000, 0x0000000628c00000| Untracked 
| 113|0x0000000629000000, 0x0000000629000000, 0x0000000629400000|  0%| F|  |TAMS 0x0000000629000000, 0x0000000629000000| Untracked 
| 114|0x0000000629400000, 0x0000000629400000, 0x0000000629800000|  0%| F|  |TAMS 0x0000000629400000, 0x0000000629400000| Untracked 
| 115|0x0000000629800000, 0x0000000629800000, 0x0000000629c00000|  0%| F|  |TAMS 0x0000000629800000, 0x0000000629800000| Untracked 
| 116|0x0000000629c00000, 0x0000000629c00000, 0x000000062a000000|  0%| F|  |TAMS 0x0000000629c00000, 0x0000000629c00000| Untracked 
| 117|0x000000062a000000, 0x000000062a000000, 0x000000062a400000|  0%| F|  |TAMS 0x000000062a000000, 0x000000062a000000| Untracked 
| 118|0x000000062a400000, 0x000000062a400000, 0x000000062a800000|  0%| F|  |TAMS 0x000000062a400000, 0x000000062a400000| Untracked 
| 119|0x000000062a800000, 0x000000062a800000, 0x000000062ac00000|  0%| F|  |TAMS 0x000000062a800000, 0x000000062a800000| Untracked 
| 120|0x000000062ac00000, 0x000000062ac00000, 0x000000062b000000|  0%| F|  |TAMS 0x000000062ac00000, 0x000000062ac00000| Untracked 
| 121|0x000000062b000000, 0x000000062b000000, 0x000000062b400000|  0%| F|  |TAMS 0x000000062b000000, 0x000000062b000000| Untracked 
| 122|0x000000062b400000, 0x000000062b400000, 0x000000062b800000|  0%| F|  |TAMS 0x000000062b400000, 0x000000062b400000| Untracked 
| 123|0x000000062b800000, 0x000000062bbb09a8, 0x000000062bc00000| 92%| E|  |TAMS 0x000000062b800000, 0x000000062b800000| Complete 
| 124|0x000000062bc00000, 0x000000062c000000, 0x000000062c000000|100%| E|CS|TAMS 0x000000062bc00000, 0x000000062bc00000| Complete 

Card table byte_map: [0x00007ff919bcf000,0x00007ff91ab69000] _byte_map_base: 0x00007ff916b69000

Marking Bits (Prev, Next): (CMBitMap*) 0x00007ff92c056a40, (CMBitMap*) 0x00007ff92c056a80
 Prev Bits: [0x00007ff910f65000, 0x00007ff918c35000)
 Next Bits: [0x00007ff909295000, 0x00007ff910f65000)

Polling page: 0x00007ff93462e000

Metaspace:

Usage:
  Non-class:      7.79 MB used.
      Class:    738.58 KB used.
       Both:      8.51 MB used.

Virtual space:
  Non-class space:       64.00 MB reserved,       7.88 MB ( 12%) committed,  1 nodes.
      Class space:        1.00 GB reserved,     832.00 KB ( <1%) committed,  1 nodes.
             Both:        1.06 GB reserved,       8.69 MB ( <1%) committed. 

Chunk freelists:
   Non-Class:  7.69 MB
       Class:  15.17 MB
        Both:  22.86 MB

MaxMetaspaceSize: unlimited
CompressedClassSpaceSize: 1.00 GB
Initial GC threshold: 21.00 MB
Current GC threshold: 21.00 MB
CDS: off
MetaspaceReclaimPolicy: balanced
 - commit_granule_bytes: 65536.
 - commit_granule_words: 8192.
 - virtual_space_node_default_size: 8388608.
 - enlarge_chunks_in_place: 1.
 - new_chunks_are_fully_committed: 0.
 - uncommit_free_chunks: 1.
 - use_allocation_guard: 0.
 - handle_deallocations: 1.


Internal statistics:

num_allocs_failed_limit: 0.
num_arena_births: 64.
num_arena_deaths: 0.
num_vsnodes_births: 2.
num_vsnodes_deaths: 0.
num_space_committed: 137.
num_space_uncommitted: 0.
num_chunks_returned_to_freelist: 0.
num_chunks_taken_from_freelist: 151.
num_chunk_merges: 0.
num_chunk_splits: 94.
num_chunks_enlarged: 62.
num_inconsistent_stats: 0.

CodeHeap 'non-profiled nmethods': size=119168Kb used=185Kb max_used=185Kb free=118982Kb
 bounds [0x00007ff924ba0000, 0x00007ff924e10000, 0x00007ff92c000000]
CodeHeap 'profiled nmethods': size=119164Kb used=1004Kb max_used=1004Kb free=118159Kb
 bounds [0x00007ff91d000000, 0x00007ff91d270000, 0x00007ff92445f000]
CodeHeap 'non-nmethods': size=7428Kb used=1572Kb max_used=2136Kb free=5856Kb
 bounds [0x00007ff92445f000, 0x00007ff9246cf000, 0x00007ff924ba0000]
 total_blobs=1655 nmethods=655 adapters=914
 compilation: enabled
              stopped_count=0, restarted_count=0
 full_count=0

Compilation events (20 events):
Event: 0.919 Thread 0x00007ff8c8064c10  644       3       org.lwjgl.glfw.GLFW::glfwWindowShouldClose (29 bytes)
Event: 0.919 Thread 0x00007ff92c207750  646       3       org.lwjgl.opengl.GL11::glClear (5 bytes)
Event: 0.919 Thread 0x00007ff92c207750 nmethod 646 0x00007ff91d0f8c10 code [0x00007ff91d0f8dc0, 0x00007ff91d0f8ec0]
Event: 0.919 Thread 0x00007ff8c8064c10 nmethod 644 0x00007ff91d0f8f90 code [0x00007ff91d0f9160, 0x00007ff91d0f9450]
Event: 0.919 Thread 0x00007ff92c207750  648       3       org.lwjgl.glfw.GLFW::glfwSwapBuffers (21 bytes)
Event: 0.919 Thread 0x00007ff92c207750 nmethod 648 0x00007ff91d0f9590 code [0x00007ff91d0f9760, 0x00007ff91d0f99f0]
Event: 0.920 Thread 0x00007ff92c207750  649       3       org.lwjgl.glfw.GLFW::glfwPollEvents (9 bytes)
Event: 0.920 Thread 0x00007ff92c207750 nmethod 649 0x00007ff91d0f9b10 code [0x00007ff91d0f9cc0, 0x00007ff91d0f9de0]
Event: 6.128 Thread 0x00007ff92c206220  650       4       org.lwjgl.glfw.GLFW::glfwWindowShouldClose (29 bytes)
Event: 6.129 Thread 0x00007ff92c206220 nmethod 650 0x00007ff924bcd990 code [0x00007ff924bcdb20, 0x00007ff924bcdbe8]
Event: 6.129 Thread 0x00007ff92c206220  651       4       org.lwjgl.glfw.GLFW::glfwSwapBuffers (21 bytes)
Event: 6.129 Thread 0x00007ff92c206220 nmethod 651 0x00007ff924bcdd10 code [0x00007ff924bcdea0, 0x00007ff924bcdf48]
Event: 6.935 Thread 0x00007ff92c206220  652       4       org.lwjgl.opengl.GL11::glClear (5 bytes)
Event: 6.935 Thread 0x00007ff92c206220 nmethod 652 0x00007ff924bce010 code [0x00007ff924bce1a0, 0x00007ff924bce228]
Event: 6.935 Thread 0x00007ff92c206220  653       4       org.lwjgl.glfw.GLFW::glfwPollEvents (9 bytes)
Event: 6.936 Thread 0x00007ff92c206220 nmethod 653 0x00007ff924bce310 code [0x00007ff924bce4a0, 0x00007ff924bce528]
Event: 56.489 Thread 0x00007ff92c207750  654 %     3       mirage.App::loop @ 14 (41 bytes)
Event: 56.489 Thread 0x00007ff92c207750 nmethod 654% 0x00007ff91d0f9e90 code [0x00007ff91d0fa0e0, 0x00007ff91d0fa610]
Event: 57.586 Thread 0x00007ff92c207750  655       3       mirage.App::loop (41 bytes)
Event: 57.587 Thread 0x00007ff92c207750 nmethod 655 0x00007ff91d0fa890 code [0x00007ff91d0faae0, 0x00007ff91d0fafd0]

GC Heap History (0 events):
No events

Dll operation events (7 events):
Event: 0.001 Loaded shared library /root/.vscode-server/extensions/redhat.java-1.20.0-linux-x64/jre/17.0.7-linux-x86_64/lib/libjava.so
Event: 0.063 Loaded shared library /root/.vscode-server/extensions/redhat.java-1.20.0-linux-x64/jre/17.0.7-linux-x86_64/lib/libnio.so
Event: 0.071 Loaded shared library /root/.vscode-server/extensions/redhat.java-1.20.0-linux-x64/jre/17.0.7-linux-x86_64/lib/libzip.so
Event: 0.129 Loaded shared library /root/.vscode-server/extensions/redhat.java-1.20.0-linux-x64/jre/17.0.7-linux-x86_64/lib/libjimage.so
Event: 0.137 Loaded shared library /root/.vscode-server/extensions/redhat.java-1.20.0-linux-x64/jre/17.0.7-linux-x86_64/lib/libnet.so
Event: 0.146 Loaded shared library /tmp/lwjgl_root/3.3.2+13/x64/liblwjgl.so
Event: 0.663 Loaded shared library /tmp/lwjgl_root/3.3.2+13/x64/liblwjgl_opengl.so

Deoptimization events (20 events):
Event: 0.668 Thread 0x00007ff92c0260d0 DEOPT PACKING pc=0x00007ff91d08430f sp=0x00007ff932f35b20
Event: 0.668 Thread 0x00007ff92c0260d0 DEOPT UNPACKING pc=0x00007ff9244b5e2f sp=0x00007ff932f34fb8 mode 0
Event: 0.668 Thread 0x00007ff92c0260d0 DEOPT PACKING pc=0x00007ff91d084381 sp=0x00007ff932f35b20
Event: 0.668 Thread 0x00007ff92c0260d0 DEOPT UNPACKING pc=0x00007ff9244b5e2f sp=0x00007ff932f34fb8 mode 0
Event: 0.668 Thread 0x00007ff92c0260d0 DEOPT PACKING pc=0x00007ff91d08430f sp=0x00007ff932f35b20
Event: 0.668 Thread 0x00007ff92c0260d0 DEOPT UNPACKING pc=0x00007ff9244b5e2f sp=0x00007ff932f34fb8 mode 0
Event: 0.668 Thread 0x00007ff92c0260d0 DEOPT PACKING pc=0x00007ff91d08430f sp=0x00007ff932f35b20
Event: 0.668 Thread 0x00007ff92c0260d0 DEOPT UNPACKING pc=0x00007ff9244b5e2f sp=0x00007ff932f34fb8 mode 0
Event: 0.668 Thread 0x00007ff92c0260d0 DEOPT PACKING pc=0x00007ff91d084381 sp=0x00007ff932f35b20
Event: 0.668 Thread 0x00007ff92c0260d0 DEOPT UNPACKING pc=0x00007ff9244b5e2f sp=0x00007ff932f34fb8 mode 0
Event: 0.668 Thread 0x00007ff92c0260d0 DEOPT PACKING pc=0x00007ff91d08430f sp=0x00007ff932f35b20
Event: 0.668 Thread 0x00007ff92c0260d0 DEOPT UNPACKING pc=0x00007ff9244b5e2f sp=0x00007ff932f34fb8 mode 0
Event: 0.697 Thread 0x00007ff92c0260d0 Uncommon trap: trap_request=0xffffff54 fr.pc=0x00007ff924bca200 relative=0x0000000000000060
Event: 0.697 Thread 0x00007ff92c0260d0 Uncommon trap: reason=speculate_null_assert action=make_not_entrant pc=0x00007ff924bca200 method=sun.misc.Unsafe.putLong(Ljava/lang/Object;JJ)V @ 7 c2
Event: 0.697 Thread 0x00007ff92c0260d0 DEOPT PACKING pc=0x00007ff924bca200 sp=0x00007ff932f36480
Event: 0.697 Thread 0x00007ff92c0260d0 DEOPT UNPACKING pc=0x00007ff9244b5699 sp=0x00007ff932f36418 mode 2
Event: 59.081 Thread 0x00007ff92c0260d0 Uncommon trap: trap_request=0xffffff45 fr.pc=0x00007ff924bcdb8c relative=0x000000000000006c
Event: 59.081 Thread 0x00007ff92c0260d0 Uncommon trap: reason=unstable_if action=reinterpret pc=0x00007ff924bcdb8c method=org.lwjgl.glfw.GLFW.glfwWindowShouldClose(J)Z @ 20 c2
Event: 59.081 Thread 0x00007ff92c0260d0 DEOPT PACKING pc=0x00007ff924bcdb8c sp=0x00007ff932f368b0
Event: 59.081 Thread 0x00007ff92c0260d0 DEOPT UNPACKING pc=0x00007ff9244b5699 sp=0x00007ff932f36850 mode 2

Classes unloaded (0 events):
No events

Classes redefined (0 events):
No events

Internal exceptions (20 events):
Event: 0.123 Thread 0x00007ff92c0260d0 Exception <a 'java/lang/NoSuchMethodError'{0x000000062bf3c2d0}: 'int java.lang.invoke.DirectMethodHandle$Holder.invokeSpecial(java.lang.Object, java.lang.Object, java.lang.Object)'> (0x000000062bf3c2d0) 
thrown [src/hotspot/share/interpreter/linkResolver.cpp, line 758]
Event: 0.135 Thread 0x00007ff92c0260d0 Exception <a 'sun/nio/fs/UnixException'{0x000000062bfb1c90}> (0x000000062bfb1c90) 
thrown [src/hotspot/share/prims/jni.cpp, line 516]
Event: 0.135 Thread 0x00007ff92c0260d0 Exception <a 'sun/nio/fs/UnixException'{0x000000062bfb2398}> (0x000000062bfb2398) 
thrown [src/hotspot/share/prims/jni.cpp, line 516]
Event: 0.135 Thread 0x00007ff92c0260d0 Exception <a 'sun/nio/fs/UnixException'{0x000000062bfb2750}> (0x000000062bfb2750) 
thrown [src/hotspot/share/prims/jni.cpp, line 516]
Event: 0.140 Thread 0x00007ff92c0260d0 Exception <a 'sun/nio/fs/UnixException'{0x000000062bfd29f8}> (0x000000062bfd29f8) 
thrown [src/hotspot/share/prims/jni.cpp, line 516]
Event: 0.142 Thread 0x00007ff92c0260d0 Exception <a 'sun/nio/fs/UnixException'{0x000000062bfda170}> (0x000000062bfda170) 
thrown [src/hotspot/share/prims/jni.cpp, line 516]
Event: 0.146 Thread 0x00007ff92c0260d0 Exception <a 'sun/nio/fs/UnixException'{0x000000062bfdf330}> (0x000000062bfdf330) 
thrown [src/hotspot/share/prims/jni.cpp, line 516]
Event: 0.185 Thread 0x00007ff92c0260d0 Exception <a 'java/lang/NoSuchMethodError'{0x000000062b895338}: 'int java.lang.invoke.DirectMethodHandle$Holder.invokeStaticInit(java.lang.Object, java.lang.Object, int, long)'> (0x000000062b895338) 
thrown [src/hotspot/share/interpreter/linkResolver.cpp, line 758]
Event: 0.186 Thread 0x00007ff92c0260d0 Exception <a 'java/lang/NoSuchMethodError'{0x000000062b89ac00}: 'java.lang.Object java.lang.invoke.DirectMethodHandle$Holder.newInvokeSpecial(java.lang.Object, java.lang.Object, int)'> (0x000000062b89ac00) 
thrown [src/hotspot/share/interpreter/linkResolver.cpp, line 758]
Event: 0.188 Thread 0x00007ff92c0260d0 Exception <a 'java/lang/NoSuchMethodError'{0x000000062b8a9718}: 'int java.lang.invoke.DirectMethodHandle$Holder.invokeStaticInit(java.lang.Object, java.lang.Object, long, long)'> (0x000000062b8a9718) 
thrown [src/hotspot/share/interpreter/linkResolver.cpp, line 758]
Event: 0.188 Thread 0x00007ff92c0260d0 Exception <a 'java/lang/NoSuchMethodError'{0x000000062b8af828}: 'java.lang.Object java.lang.invoke.DirectMethodHandle$Holder.newInvokeSpecial(java.lang.Object, java.lang.Object, long)'> (0x000000062b8af828) 
thrown [src/hotspot/share/interpreter/linkResolver.cpp, line 758]
Event: 0.189 Thread 0x00007ff92c0260d0 Exception <a 'java/lang/NoSuchMethodError'{0x000000062b8b3870}: 'java.lang.Object java.lang.invoke.Invokers$Holder.linkToTargetMethod(java.lang.Object, long, java.lang.Object)'> (0x000000062b8b3870) 
thrown [src/hotspot/share/interpreter/linkResolver.cpp, line 758]
Event: 0.189 Thread 0x00007ff92c0260d0 Exception <a 'java/lang/NoSuchMethodError'{0x000000062b8baf88}: 'int java.lang.invoke.DirectMethodHandle$Holder.invokeStaticInit(java.lang.Object, java.lang.Object, java.lang.Object, long)'> (0x000000062b8baf88) 
thrown [src/hotspot/share/interpreter/linkResolver.cpp, line 758]
Event: 0.204 Thread 0x00007ff92c0260d0 Exception <a 'sun/nio/fs/UnixException'{0x000000062b954db8}> (0x000000062b954db8) 
thrown [src/hotspot/share/prims/jni.cpp, line 516]
Event: 0.205 Thread 0x00007ff92c0260d0 Exception <a 'sun/nio/fs/UnixException'{0x000000062b95b2d8}> (0x000000062b95b2d8) 
thrown [src/hotspot/share/prims/jni.cpp, line 516]
Event: 0.207 Thread 0x00007ff92c0260d0 Exception <a 'sun/nio/fs/UnixException'{0x000000062b95dd68}> (0x000000062b95dd68) 
thrown [src/hotspot/share/prims/jni.cpp, line 516]
Event: 0.660 Thread 0x00007ff92c0260d0 Exception <a 'sun/nio/fs/UnixException'{0x000000062b9da248}> (0x000000062b9da248) 
thrown [src/hotspot/share/prims/jni.cpp, line 516]
Event: 0.660 Thread 0x00007ff92c0260d0 Exception <a 'sun/nio/fs/UnixException'{0x000000062b9e0780}> (0x000000062b9e0780) 
thrown [src/hotspot/share/prims/jni.cpp, line 516]
Event: 0.663 Thread 0x00007ff92c0260d0 Exception <a 'sun/nio/fs/UnixException'{0x000000062b9e3720}> (0x000000062b9e3720) 
thrown [src/hotspot/share/prims/jni.cpp, line 516]
Event: 0.670 Thread 0x00007ff92c0260d0 Exception <a 'sun/nio/fs/UnixException'{0x000000062b9ec4b8}> (0x000000062b9ec4b8) 
thrown [src/hotspot/share/prims/jni.cpp, line 516]

VM Operations (4 events):
Event: 0.072 Executing VM operation: HandshakeAllThreads
Event: 0.072 Executing VM operation: HandshakeAllThreads done
Event: 1.072 Executing VM operation: Cleanup
Event: 1.072 Executing VM operation: Cleanup done

Events (20 events):
Event: 0.662 loading class jdk/internal/misc/ScopedMemoryAccess$Scope
Event: 0.663 loading class jdk/internal/misc/ScopedMemoryAccess$Scope done
Event: 0.678 Thread 0x00007ff8c016daf0 Thread added: 0x00007ff8c016daf0
Event: 0.678 Protecting memory [0x00007ff8f83dc000,0x00007ff8f83e0000] with protection modes 0
Event: 0.696 loading class java/util/function/IntFunction
Event: 0.696 loading class java/util/function/IntFunction done
Event: 0.919 Thread 0x00007ff8c016daf0 Thread exited: 0x00007ff8c016daf0
Event: 5.920 Thread 0x00007ff8c8064c10 Thread exited: 0x00007ff8c8064c10
Event: 59.082 loading class java/util/IdentityHashMap$KeyIterator
Event: 59.082 loading class java/util/IdentityHashMap$IdentityHashMapIterator
Event: 59.082 loading class java/util/IdentityHashMap$IdentityHashMapIterator done
Event: 59.082 loading class java/util/IdentityHashMap$KeyIterator done
Event: 59.082 Thread 0x00007ff92c0260d0 Thread exited: 0x00007ff92c0260d0
Event: 59.082 Protecting memory [0x00007ff932e37000,0x00007ff932e3b000] with protection modes 0
Event: 59.082 Thread 0x00007ff92c0260d0 Thread added: 0x00007ff92c0260d0
Event: 59.082 loading class java/lang/Shutdown
Event: 59.082 loading class java/lang/Shutdown done
Event: 59.082 loading class java/lang/Shutdown$Lock
Event: 59.082 loading class java/lang/Shutdown$Lock done
Event: 59.082 Thread 0x00007ff92c0260d0 Thread exited: 0x00007ff92c0260d0


Dynamic libraries:
60cc00000-62c000000 rw-p 00000000 00:00 0 
62c000000-800000000 ---p 00000000 00:00 0 
800000000-800020000 rw-p 00000000 00:00 0 
800020000-800040000 rw-p 00000000 00:00 0 
800040000-8000b0000 rw-p 00000000 00:00 0 
8000b0000-8000c0000 ---p 00000000 00:00 0 
8000c0000-8000e0000 rw-p 00000000 00:00 0 
8000e0000-840000000 ---p 00000000 00:00 0 
56440a125000-56440a126000 r--p 00000000 08:20 32241                      /root/.vscode-server/extensions/redhat.java-1.20.0-linux-x64/jre/17.0.7-linux-x86_64/bin/java
56440a126000-56440a127000 r-xp 00001000 08:20 32241                      /root/.vscode-server/extensions/redhat.java-1.20.0-linux-x64/jre/17.0.7-linux-x86_64/bin/java
56440a127000-56440a128000 r--p 00002000 08:20 32241                      /root/.vscode-server/extensions/redhat.java-1.20.0-linux-x64/jre/17.0.7-linux-x86_64/bin/java
56440a128000-56440a129000 r--p 00002000 08:20 32241                      /root/.vscode-server/extensions/redhat.java-1.20.0-linux-x64/jre/17.0.7-linux-x86_64/bin/java
56440a129000-56440a12a000 rw-p 00003000 08:20 32241                      /root/.vscode-server/extensions/redhat.java-1.20.0-linux-x64/jre/17.0.7-linux-x86_64/bin/java
56440aa5b000-56440aaa3000 rw-p 00000000 00:00 0                          [heap]
7ff898000000-7ff898021000 rw-p 00000000 00:00 0 
7ff898021000-7ff89c000000 ---p 00000000 00:00 0 
7ff89e9a0000-7ff89e9e3000 r--p 00000000 08:20 3647                       /usr/lib/x86_64-linux-gnu/libGL.so.1.7.0
7ff89e9e3000-7ff89ea03000 r-xp 00043000 08:20 3647                       /usr/lib/x86_64-linux-gnu/libGL.so.1.7.0
7ff89ea03000-7ff89ea18000 r--p 00063000 08:20 3647                       /usr/lib/x86_64-linux-gnu/libGL.so.1.7.0
7ff89ea18000-7ff89ea26000 r--p 00077000 08:20 3647                       /usr/lib/x86_64-linux-gnu/libGL.so.1.7.0
7ff89ea26000-7ff89ea27000 rw-p 00085000 08:20 3647                       /usr/lib/x86_64-linux-gnu/libGL.so.1.7.0
7ff89ea27000-7ff89ea28000 rw-p 00000000 00:00 0 
7ff89ea28000-7ff89ea5b000 r--p 00000000 08:20 444491                     /tmp/lwjgl_root/3.3.2+13/x64/liblwjgl_opengl.so
7ff89ea5b000-7ff89ea6f000 r-xp 00033000 08:20 444491                     /tmp/lwjgl_root/3.3.2+13/x64/liblwjgl_opengl.so
7ff89ea6f000-7ff89ea7f000 r--p 00047000 08:20 444491                     /tmp/lwjgl_root/3.3.2+13/x64/liblwjgl_opengl.so
7ff89ea7f000-7ff89ea80000 r--p 00056000 08:20 444491                     /tmp/lwjgl_root/3.3.2+13/x64/liblwjgl_opengl.so
7ff89ea80000-7ff89ea81000 rw-p 00057000 08:20 444491                     /tmp/lwjgl_root/3.3.2+13/x64/liblwjgl_opengl.so
7ff89f7ff000-7ff89f800000 ---p 00000000 00:00 0 
7ff89f800000-7ff8a0000000 rw-p 00000000 00:00 0 
7ff8a0000000-7ff8a002a000 rw-p 00000000 00:00 0 
7ff8a002a000-7ff8a4000000 ---p 00000000 00:00 0 
7ff8a4016000-7ff8a4070000 rw-s 00000000 00:01 0                          /SYSV00000000 (deleted)
7ff8a4070000-7ff8a4071000 rwxp 00000000 00:00 0 
7ff8a4091000-7ff8a4092000 ---p 00000000 00:00 0 
7ff8a4092000-7ff8a4892000 rw-p 00000000 00:00 0 
7ff8a4892000-7ff8a4893000 ---p 00000000 00:00 0 
7ff8a4893000-7ff8a5093000 rw-p 00000000 00:00 0 
7ff8a5093000-7ff8a5094000 ---p 00000000 00:00 0 
7ff8a5094000-7ff8a5894000 rw-p 00000000 00:00 0 
7ff8a5894000-7ff8a6c83000 r--p 00000000 00:1c 116812115335129235         /usr/lib/wsl/drivers/nv_dispi.inf_amd64_675be35f1ba2315e/libnvwgf2umx.so
7ff8a6c83000-7ff8a88c6000 r-xp 013ef000 00:1c 116812115335129235         /usr/lib/wsl/drivers/nv_dispi.inf_amd64_675be35f1ba2315e/libnvwgf2umx.so
7ff8a88c6000-7ff8a89d0000 r--p 03032000 00:1c 116812115335129235         /usr/lib/wsl/drivers/nv_dispi.inf_amd64_675be35f1ba2315e/libnvwgf2umx.so
7ff8a89d0000-7ff8aa7f9000 rw-p 0313c000 00:1c 116812115335129235         /usr/lib/wsl/drivers/nv_dispi.inf_amd64_675be35f1ba2315e/libnvwgf2umx.so
7ff8aa7f9000-7ff8aa84a000 rw-p 00000000 00:00 0 
7ff8aa84a000-7ff8afa6b000 r-xp 00000000 08:20 7268                       /usr/lib/x86_64-linux-gnu/libLLVM-12.so.1
7ff8afa6b000-7ff8aff84000 r--p 05220000 08:20 7268                       /usr/lib/x86_64-linux-gnu/libLLVM-12.so.1
7ff8aff84000-7ff8aff8b000 rw-p 05739000 08:20 7268                       /usr/lib/x86_64-linux-gnu/libLLVM-12.so.1
7ff8aff8b000-7ff8b0000000 rw-p 00000000 00:00 0 
7ff8b0000000-7ff8b002c000 rw-p 00000000 00:00 0 
7ff8b002c000-7ff8b4000000 ---p 00000000 00:00 0 
7ff8b49f0000-7ff8b49f1000 ---p 00000000 00:00 0 
7ff8b49f1000-7ff8b51f1000 rw-p 00000000 00:00 0 
7ff8b5a39000-7ff8b5a7d000 r--p 00000000 00:1e 20266198323535243          /usr/lib/wsl/lib/libd3d12.so
7ff8b5a7d000-7ff8b5af6000 r-xp 00043000 00:1e 20266198323535243          /usr/lib/wsl/lib/libd3d12.so
7ff8b5af6000-7ff8b5afe000 r--p 000bb000 00:1e 20266198323535243          /usr/lib/wsl/lib/libd3d12.so
7ff8b5afe000-7ff8b5b00000 rw-p 000c2000 00:1e 20266198323535243          /usr/lib/wsl/lib/libd3d12.so
7ff8b5b00000-7ff8b5b03000 rw-p 00000000 00:00 0 
7ff8b5b03000-7ff8b5b46000 r--p 00000000 00:1e 20266198323394879          /usr/lib/wsl/lib/libdxcore.so
7ff8b5b46000-7ff8b5bc7000 r-xp 00042000 00:1e 20266198323394879          /usr/lib/wsl/lib/libdxcore.so
7ff8b5bc7000-7ff8b5bcf000 r--p 000c2000 00:1e 20266198323394879          /usr/lib/wsl/lib/libdxcore.so
7ff8b5bcf000-7ff8b5bd1000 rw-p 000c9000 00:1e 20266198323394879          /usr/lib/wsl/lib/libdxcore.so
7ff8b5bd1000-7ff8b5bd4000 rw-p 00000000 00:00 0 
7ff8b5bd4000-7ff8b5be2000 r--p 00000000 08:20 11777                      /usr/lib/x86_64-linux-gnu/libtinfo.so.6.2
7ff8b5be2000-7ff8b5bf1000 r-xp 0000e000 08:20 11777                      /usr/lib/x86_64-linux-gnu/libtinfo.so.6.2
7ff8b5bf1000-7ff8b5bff000 r--p 0001d000 08:20 11777                      /usr/lib/x86_64-linux-gnu/libtinfo.so.6.2
7ff8b5bff000-7ff8b5c03000 r--p 0002a000 08:20 11777                      /usr/lib/x86_64-linux-gnu/libtinfo.so.6.2
7ff8b5c03000-7ff8b5c04000 rw-p 0002e000 08:20 11777                      /usr/lib/x86_64-linux-gnu/libtinfo.so.6.2
7ff8b5c04000-7ff8b5c0c000 r--p 00000000 08:20 11177                      /usr/lib/x86_64-linux-gnu/libedit.so.2.0.63
7ff8b5c0c000-7ff8b5c27000 r-xp 00008000 08:20 11177                      /usr/lib/x86_64-linux-gnu/libedit.so.2.0.63
7ff8b5c27000-7ff8b5c35000 r--p 00023000 08:20 11177                      /usr/lib/x86_64-linux-gnu/libedit.so.2.0.63
7ff8b5c35000-7ff8b5c37000 r--p 00030000 08:20 11177                      /usr/lib/x86_64-linux-gnu/libedit.so.2.0.63
7ff8b5c37000-7ff8b5c38000 rw-p 00032000 08:20 11177                      /usr/lib/x86_64-linux-gnu/libedit.so.2.0.63
7ff8b5c38000-7ff8b5c3c000 rw-p 00000000 00:00 0 
7ff8b5c3c000-7ff8b5c3e000 r--p 00000000 08:20 11201                      /usr/lib/x86_64-linux-gnu/libffi.so.7.1.0
7ff8b5c3e000-7ff8b5c44000 r-xp 00002000 08:20 11201                      /usr/lib/x86_64-linux-gnu/libffi.so.7.1.0
7ff8b5c44000-7ff8b5c45000 r--p 00008000 08:20 11201                      /usr/lib/x86_64-linux-gnu/libffi.so.7.1.0
7ff8b5c45000-7ff8b5c46000 ---p 00009000 08:20 11201                      /usr/lib/x86_64-linux-gnu/libffi.so.7.1.0
7ff8b5c46000-7ff8b5c47000 r--p 00009000 08:20 11201                      /usr/lib/x86_64-linux-gnu/libffi.so.7.1.0
7ff8b5c47000-7ff8b5c48000 rw-p 0000a000 08:20 11201                      /usr/lib/x86_64-linux-gnu/libffi.so.7.1.0
7ff8b5c48000-7ff8b5c4b000 r--p 00000000 08:20 15714                      /usr/lib/x86_64-linux-gnu/libgcc_s.so.1
7ff8b5c4b000-7ff8b5c5d000 r-xp 00003000 08:20 15714                      /usr/lib/x86_64-linux-gnu/libgcc_s.so.1
7ff8b5c5d000-7ff8b5c61000 r--p 00015000 08:20 15714                      /usr/lib/x86_64-linux-gnu/libgcc_s.so.1
7ff8b5c61000-7ff8b5c62000 r--p 00018000 08:20 15714                      /usr/lib/x86_64-linux-gnu/libgcc_s.so.1
7ff8b5c62000-7ff8b5c63000 rw-p 00019000 08:20 15714                      /usr/lib/x86_64-linux-gnu/libgcc_s.so.1
7ff8b5c63000-7ff8b5cf9000 r--p 00000000 08:20 16268                      /usr/lib/x86_64-linux-gnu/libstdc++.so.6.0.28
7ff8b5cf9000-7ff8b5dea000 r-xp 00096000 08:20 16268                      /usr/lib/x86_64-linux-gnu/libstdc++.so.6.0.28
7ff8b5dea000-7ff8b5e33000 r--p 00187000 08:20 16268                      /usr/lib/x86_64-linux-gnu/libstdc++.so.6.0.28
7ff8b5e33000-7ff8b5e34000 ---p 001d0000 08:20 16268                      /usr/lib/x86_64-linux-gnu/libstdc++.so.6.0.28
7ff8b5e34000-7ff8b5e3f000 r--p 001d0000 08:20 16268                      /usr/lib/x86_64-linux-gnu/libstdc++.so.6.0.28
7ff8b5e3f000-7ff8b5e42000 rw-p 001db000 08:20 16268                      /usr/lib/x86_64-linux-gnu/libstdc++.so.6.0.28
7ff8b5e42000-7ff8b5e45000 rw-p 00000000 00:00 0 
7ff8b5e45000-7ff8b5e54000 r--p 00000000 08:20 11603                      /usr/lib/x86_64-linux-gnu/libvulkan.so.1.2.131
7ff8b5e54000-7ff8b5e86000 r-xp 0000f000 08:20 11603                      /usr/lib/x86_64-linux-gnu/libvulkan.so.1.2.131
7ff8b5e86000-7ff8b5e99000 r--p 00041000 08:20 11603                      /usr/lib/x86_64-linux-gnu/libvulkan.so.1.2.131
7ff8b5e99000-7ff8b5e9a000 r--p 00053000 08:20 11603                      /usr/lib/x86_64-linux-gnu/libvulkan.so.1.2.131
7ff8b5e9a000-7ff8b5e9b000 rw-p 00054000 08:20 11603                      /usr/lib/x86_64-linux-gnu/libvulkan.so.1.2.131
7ff8b5e9b000-7ff8b5e9d000 r--p 00000000 08:20 6884                       /usr/lib/x86_64-linux-gnu/libdrm_nouveau.so.2.0.0
7ff8b5e9d000-7ff8b5ea2000 r-xp 00002000 08:20 6884                       /usr/lib/x86_64-linux-gnu/libdrm_nouveau.so.2.0.0
7ff8b5ea2000-7ff8b5ea4000 r--p 00007000 08:20 6884                       /usr/lib/x86_64-linux-gnu/libdrm_nouveau.so.2.0.0
7ff8b5ea4000-7ff8b5ea5000 r--p 00008000 08:20 6884                       /usr/lib/x86_64-linux-gnu/libdrm_nouveau.so.2.0.0
7ff8b5ea5000-7ff8b5ea6000 rw-p 00009000 08:20 6884                       /usr/lib/x86_64-linux-gnu/libdrm_nouveau.so.2.0.0
7ff8b5ea6000-7ff8b5ea9000 r--p 00000000 08:20 6837                       /usr/lib/x86_64-linux-gnu/libdrm_amdgpu.so.1.0.0
7ff8b5ea9000-7ff8b5eae000 r-xp 00003000 08:20 6837                       /usr/lib/x86_64-linux-gnu/libdrm_amdgpu.so.1.0.0
7ff8b5eae000-7ff8b5eb0000 r--p 00008000 08:20 6837                       /usr/lib/x86_64-linux-gnu/libdrm_amdgpu.so.1.0.0
7ff8b5eb0000-7ff8b5eb1000 r--p 00009000 08:20 6837                       /usr/lib/x86_64-linux-gnu/libdrm_amdgpu.so.1.0.0
7ff8b5eb1000-7ff8b5eb2000 rw-p 0000a000 08:20 6837                       /usr/lib/x86_64-linux-gnu/libdrm_amdgpu.so.1.0.0
7ff8b5eb2000-7ff8b5eb5000 r--p 00000000 08:20 11182                      /usr/lib/x86_64-linux-gnu/libelf-0.176.so
7ff8b5eb5000-7ff8b5ec7000 r-xp 00003000 08:20 11182                      /usr/lib/x86_64-linux-gnu/libelf-0.176.so
7ff8b5ec7000-7ff8b5ecc000 r--p 00015000 08:20 11182                      /usr/lib/x86_64-linux-gnu/libelf-0.176.so
7ff8b5ecc000-7ff8b5ecd000 r--p 00019000 08:20 11182                      /usr/lib/x86_64-linux-gnu/libelf-0.176.so
7ff8b5ecd000-7ff8b5ece000 rw-p 0001a000 08:20 11182                      /usr/lib/x86_64-linux-gnu/libelf-0.176.so
7ff8b5ece000-7ff8b5ed0000 r--p 00000000 08:20 6917                       /usr/lib/x86_64-linux-gnu/libdrm_radeon.so.1.0.1
7ff8b5ed0000-7ff8b5ed7000 r-xp 00002000 08:20 6917                       /usr/lib/x86_64-linux-gnu/libdrm_radeon.so.1.0.1
7ff8b5ed7000-7ff8b5edb000 r--p 00009000 08:20 6917                       /usr/lib/x86_64-linux-gnu/libdrm_radeon.so.1.0.1
7ff8b5edb000-7ff8b5edc000 r--p 0000c000 08:20 6917                       /usr/lib/x86_64-linux-gnu/libdrm_radeon.so.1.0.1
7ff8b5edc000-7ff8b5edd000 rw-p 0000d000 08:20 6917                       /usr/lib/x86_64-linux-gnu/libdrm_radeon.so.1.0.1
7ff8b5edd000-7ff8b5ee0000 r--p 00000000 08:20 7300                       /usr/lib/x86_64-linux-gnu/libsensors.so.5.0.0
7ff8b5ee0000-7ff8b5ee7000 r-xp 00003000 08:20 7300                       /usr/lib/x86_64-linux-gnu/libsensors.so.5.0.0
7ff8b5ee7000-7ff8b5eec000 r--p 0000a000 08:20 7300                       /usr/lib/x86_64-linux-gnu/libsensors.so.5.0.0
7ff8b5eec000-7ff8b5eed000 r--p 0000e000 08:20 7300                       /usr/lib/x86_64-linux-gnu/libsensors.so.5.0.0
7ff8b5eed000-7ff8b5eee000 rw-p 0000f000 08:20 7300                       /usr/lib/x86_64-linux-gnu/libsensors.so.5.0.0
7ff8b5eee000-7ff8b5ef2000 r--p 00000000 08:20 10564                      /usr/lib/x86_64-linux-gnu/libzstd.so.1.4.4
7ff8b5ef2000-7ff8b5f84000 r-xp 00004000 08:20 10564                      /usr/lib/x86_64-linux-gnu/libzstd.so.1.4.4
7ff8b5f84000-7ff8b5f95000 r--p 00096000 08:20 10564                      /usr/lib/x86_64-linux-gnu/libzstd.so.1.4.4
7ff8b5f95000-7ff8b5f96000 r--p 000a6000 08:20 10564                      /usr/lib/x86_64-linux-gnu/libzstd.so.1.4.4
7ff8b5f96000-7ff8b5f97000 rw-p 000a7000 08:20 10564                      /usr/lib/x86_64-linux-gnu/libzstd.so.1.4.4
7ff8b5f97000-7ff8b612d000 r--p 00000000 08:20 7165                       /usr/lib/x86_64-linux-gnu/dri/swrast_dri.so
7ff8b612d000-7ff8b71d8000 r-xp 00196000 08:20 7165                       /usr/lib/x86_64-linux-gnu/dri/swrast_dri.so
7ff8b71d8000-7ff8b769e000 r--p 01241000 08:20 7165                       /usr/lib/x86_64-linux-gnu/dri/swrast_dri.so
7ff8b769e000-7ff8b77cc000 r--p 01706000 08:20 7165                       /usr/lib/x86_64-linux-gnu/dri/swrast_dri.so
7ff8b77cc000-7ff8b7904000 rw-p 01834000 08:20 7165                       /usr/lib/x86_64-linux-gnu/dri/swrast_dri.so
7ff8b7904000-7ff8b7b22000 rw-p 00000000 00:00 0 
7ff8b7b22000-7ff8b7b25000 r--p 00000000 08:20 7075                       /usr/lib/x86_64-linux-gnu/libxcb-xfixes.so.0.0.0
7ff8b7b25000-7ff8b7b28000 r-xp 00003000 08:20 7075                       /usr/lib/x86_64-linux-gnu/libxcb-xfixes.so.0.0.0
7ff8b7b28000-7ff8b7b29000 r--p 00006000 08:20 7075                       /usr/lib/x86_64-linux-gnu/libxcb-xfixes.so.0.0.0
7ff8b7b29000-7ff8b7b2a000 ---p 00007000 08:20 7075                       /usr/lib/x86_64-linux-gnu/libxcb-xfixes.so.0.0.0
7ff8b7b2a000-7ff8b7b2b000 r--p 00007000 08:20 7075                       /usr/lib/x86_64-linux-gnu/libxcb-xfixes.so.0.0.0
7ff8b7b2b000-7ff8b7b2c000 rw-p 00008000 08:20 7075                       /usr/lib/x86_64-linux-gnu/libxcb-xfixes.so.0.0.0
7ff8b7b2c000-7ff8b7b2d000 r-xp 00000000 08:20 11639                      /usr/lib/x86_64-linux-gnu/libxshmfence.so.1.0.0
7ff8b7b2d000-7ff8b7d2c000 ---p 00001000 08:20 11639                      /usr/lib/x86_64-linux-gnu/libxshmfence.so.1.0.0
7ff8b7d2c000-7ff8b7d2d000 r--p 00000000 08:20 11639                      /usr/lib/x86_64-linux-gnu/libxshmfence.so.1.0.0
7ff8b7d2d000-7ff8b7d2e000 rw-p 00001000 08:20 11639                      /usr/lib/x86_64-linux-gnu/libxshmfence.so.1.0.0
7ff8b7d2e000-7ff8b7d31000 r--p 00000000 08:20 11625                      /usr/lib/x86_64-linux-gnu/libxcb-sync.so.1.0.0
7ff8b7d31000-7ff8b7d34000 r-xp 00003000 08:20 11625                      /usr/lib/x86_64-linux-gnu/libxcb-sync.so.1.0.0
7ff8b7d34000-7ff8b7d35000 r--p 00006000 08:20 11625                      /usr/lib/x86_64-linux-gnu/libxcb-sync.so.1.0.0
7ff8b7d35000-7ff8b7d36000 ---p 00007000 08:20 11625                      /usr/lib/x86_64-linux-gnu/libxcb-sync.so.1.0.0
7ff8b7d36000-7ff8b7d37000 r--p 00007000 08:20 11625                      /usr/lib/x86_64-linux-gnu/libxcb-sync.so.1.0.0
7ff8b7d37000-7ff8b7d38000 rw-p 00008000 08:20 11625                      /usr/lib/x86_64-linux-gnu/libxcb-sync.so.1.0.0
7ff8b7d38000-7ff8b7d39000 r--p 00000000 08:20 11619                      /usr/lib/x86_64-linux-gnu/libxcb-present.so.0.0.0
7ff8b7d39000-7ff8b7d3a000 r-xp 00001000 08:20 11619                      /usr/lib/x86_64-linux-gnu/libxcb-present.so.0.0.0
7ff8b7d3a000-7ff8b7d3b000 r--p 00002000 08:20 11619                      /usr/lib/x86_64-linux-gnu/libxcb-present.so.0.0.0
7ff8b7d3b000-7ff8b7d3c000 r--p 00002000 08:20 11619                      /usr/lib/x86_64-linux-gnu/libxcb-present.so.0.0.0
7ff8b7d3c000-7ff8b7d3d000 rw-p 00003000 08:20 11619                      /usr/lib/x86_64-linux-gnu/libxcb-present.so.0.0.0
7ff8b7d3d000-7ff8b7d3f000 r--p 00000000 08:20 11615                      /usr/lib/x86_64-linux-gnu/libxcb-dri3.so.0.0.0
7ff8b7d3f000-7ff8b7d40000 r-xp 00002000 08:20 11615                      /usr/lib/x86_64-linux-gnu/libxcb-dri3.so.0.0.0
7ff8b7d40000-7ff8b7d41000 r--p 00003000 08:20 11615                      /usr/lib/x86_64-linux-gnu/libxcb-dri3.so.0.0.0
7ff8b7d41000-7ff8b7d42000 r--p 00003000 08:20 11615                      /usr/lib/x86_64-linux-gnu/libxcb-dri3.so.0.0.0
7ff8b7d42000-7ff8b7d43000 rw-p 00004000 08:20 11615                      /usr/lib/x86_64-linux-gnu/libxcb-dri3.so.0.0.0
7ff8b7d43000-7ff8b7d47000 r--p 00000000 08:20 18253                      /usr/lib/x86_64-linux-gnu/libexpat.so.1.6.11
7ff8b7d47000-7ff8b7d63000 r-xp 00004000 08:20 18253                      /usr/lib/x86_64-linux-gnu/libexpat.so.1.6.11
7ff8b7d63000-7ff8b7d6d000 r--p 00020000 08:20 18253                      /usr/lib/x86_64-linux-gnu/libexpat.so.1.6.11
7ff8b7d6d000-7ff8b7d6e000 ---p 0002a000 08:20 18253                      /usr/lib/x86_64-linux-gnu/libexpat.so.1.6.11
7ff8b7d6e000-7ff8b7d70000 r--p 0002a000 08:20 18253                      /usr/lib/x86_64-linux-gnu/libexpat.so.1.6.11
7ff8b7d70000-7ff8b7d71000 rw-p 0002c000 08:20 18253                      /usr/lib/x86_64-linux-gnu/libexpat.so.1.6.11
7ff8b7d71000-7ff8b7d72000 r--p 00000000 08:20 7050                       /usr/lib/x86_64-linux-gnu/libxcb-shm.so.0.0.0
7ff8b7d72000-7ff8b7d73000 r-xp 00001000 08:20 7050                       /usr/lib/x86_64-linux-gnu/libxcb-shm.so.0.0.0
7ff8b7d73000-7ff8b7d74000 r--p 00002000 08:20 7050                       /usr/lib/x86_64-linux-gnu/libxcb-shm.so.0.0.0
7ff8b7d74000-7ff8b7d75000 r--p 00002000 08:20 7050                       /usr/lib/x86_64-linux-gnu/libxcb-shm.so.0.0.0
7ff8b7d75000-7ff8b7d76000 rw-p 00003000 08:20 7050                       /usr/lib/x86_64-linux-gnu/libxcb-shm.so.0.0.0
7ff8b7d76000-7ff8b7d78000 r--p 00000000 08:20 11613                      /usr/lib/x86_64-linux-gnu/libxcb-dri2.so.0.0.0
7ff8b7d78000-7ff8b7d7a000 r-xp 00002000 08:20 11613                      /usr/lib/x86_64-linux-gnu/libxcb-dri2.so.0.0.0
7ff8b7d7a000-7ff8b7d7b000 r--p 00004000 08:20 11613                      /usr/lib/x86_64-linux-gnu/libxcb-dri2.so.0.0.0
7ff8b7d7b000-7ff8b7d7c000 r--p 00004000 08:20 11613                      /usr/lib/x86_64-linux-gnu/libxcb-dri2.so.0.0.0
7ff8b7d7c000-7ff8b7d7d000 rw-p 00005000 08:20 11613                      /usr/lib/x86_64-linux-gnu/libxcb-dri2.so.0.0.0
7ff8b7d7d000-7ff8b7d96000 r--p 00000000 08:20 7111                       /usr/lib/x86_64-linux-gnu/libGLX_mesa.so.0.0.0
7ff8b7d96000-7ff8b7dda000 r-xp 00019000 08:20 7111                       /usr/lib/x86_64-linux-gnu/libGLX_mesa.so.0.0.0
7ff8b7dda000-7ff8b7df1000 r--p 0005d000 08:20 7111                       /usr/lib/x86_64-linux-gnu/libGLX_mesa.so.0.0.0
7ff8b7df1000-7ff8b7df4000 r--p 00073000 08:20 7111                       /usr/lib/x86_64-linux-gnu/libGLX_mesa.so.0.0.0
7ff8b7df4000-7ff8b7df5000 rw-p 00076000 08:20 7111                       /usr/lib/x86_64-linux-gnu/libGLX_mesa.so.0.0.0
7ff8b7df5000-7ff8b7df6000 rw-p 00000000 00:00 0 
7ff8b7df6000-7ff8b7dff000 r-xp 00000000 08:20 11057                      /usr/lib/x86_64-linux-gnu/libXrender.so.1.3.0
7ff8b7dff000-7ff8b7ffe000 ---p 00009000 08:20 11057                      /usr/lib/x86_64-linux-gnu/libXrender.so.1.3.0
7ff8b7ffe000-7ff8b7fff000 r--p 00008000 08:20 11057                      /usr/lib/x86_64-linux-gnu/libXrender.so.1.3.0
7ff8b7fff000-7ff8b8000000 rw-p 00009000 08:20 11057                      /usr/lib/x86_64-linux-gnu/libXrender.so.1.3.0
7ff8b8000000-7ff8b8021000 rw-p 00000000 00:00 0 
7ff8b8021000-7ff8bc000000 ---p 00000000 00:00 0 
7ff8bc000000-7ff8bc021000 rw-p 00000000 00:00 0 
7ff8bc021000-7ff8c0000000 ---p 00000000 00:00 0 
7ff8c0000000-7ff8c0171000 rw-p 00000000 00:00 0 
7ff8c0171000-7ff8c4000000 ---p 00000000 00:00 0 
7ff8c4000000-7ff8c4021000 rw-p 00000000 00:00 0 
7ff8c4021000-7ff8c8000000 ---p 00000000 00:00 0 
7ff8c8000000-7ff8c812d000 rw-p 00000000 00:00 0 
7ff8c812d000-7ff8cc000000 ---p 00000000 00:00 0 
7ff8cc000000-7ff8cc021000 rw-p 00000000 00:00 0 
7ff8cc021000-7ff8d0000000 ---p 00000000 00:00 0 
7ff8d0000000-7ff8d0021000 rw-p 00000000 00:00 0 
7ff8d0021000-7ff8d4000000 ---p 00000000 00:00 0 
7ff8d4000000-7ff8d4244000 rw-p 00000000 00:00 0 
7ff8d4244000-7ff8d8000000 ---p 00000000 00:00 0 
7ff8d8000000-7ff8d8021000 rw-p 00000000 00:00 0 
7ff8d8021000-7ff8dc000000 ---p 00000000 00:00 0 
7ff8dc000000-7ff8dc021000 rw-p 00000000 00:00 0 
7ff8dc021000-7ff8e0000000 ---p 00000000 00:00 0 
7ff8e0000000-7ff8e0021000 rw-p 00000000 00:00 0 
7ff8e0021000-7ff8e4000000 ---p 00000000 00:00 0 
7ff8e4000000-7ff8e4021000 rw-p 00000000 00:00 0 
7ff8e4021000-7ff8e8000000 ---p 00000000 00:00 0 
7ff8e8000000-7ff8e8021000 rw-p 00000000 00:00 0 
7ff8e8021000-7ff8ec000000 ---p 00000000 00:00 0 
7ff8ec000000-7ff8ec021000 rw-p 00000000 00:00 0 
7ff8ec021000-7ff8f0000000 ---p 00000000 00:00 0 
7ff8f0000000-7ff8f0400000 rw-p 00000000 00:00 0 
7ff8f0400000-7ff8f0480000 rw-p 00000000 00:00 0 
7ff8f0480000-7ff8f0500000 rw-p 00000000 00:00 0 
7ff8f0500000-7ff8f0690000 rw-p 00000000 00:00 0 
7ff8f0690000-7ff8f0700000 ---p 00000000 00:00 0 
7ff8f0700000-7ff8f07c0000 rw-p 00000000 00:00 0 
7ff8f07c0000-7ff8f0800000 rw-p 00000000 00:00 0 
7ff8f0800000-7ff8f0850000 rw-p 00000000 00:00 0 
7ff8f0850000-7ff8f4000000 ---p 00000000 00:00 0 
7ff8f4000000-7ff8f4021000 rw-p 00000000 00:00 0 
7ff8f4021000-7ff8f8000000 ---p 00000000 00:00 0 
7ff8f8004000-7ff8f800f000 r--p 00000000 08:20 11617                      /usr/lib/x86_64-linux-gnu/libxcb-glx.so.0.0.0
7ff8f800f000-7ff8f8018000 r-xp 0000b000 08:20 11617                      /usr/lib/x86_64-linux-gnu/libxcb-glx.so.0.0.0
7ff8f8018000-7ff8f801d000 r--p 00014000 08:20 11617                      /usr/lib/x86_64-linux-gnu/libxcb-glx.so.0.0.0
7ff8f801d000-7ff8f801e000 ---p 00019000 08:20 11617                      /usr/lib/x86_64-linux-gnu/libxcb-glx.so.0.0.0
7ff8f801e000-7ff8f8020000 r--p 00019000 08:20 11617                      /usr/lib/x86_64-linux-gnu/libxcb-glx.so.0.0.0
7ff8f8020000-7ff8f8021000 rw-p 0001b000 08:20 11617                      /usr/lib/x86_64-linux-gnu/libxcb-glx.so.0.0.0
7ff8f8021000-7ff8f8026000 r--p 00000000 08:20 19124                      /usr/lib/x86_64-linux-gnu/libdrm.so.2.4.0
7ff8f8026000-7ff8f8031000 r-xp 00005000 08:20 19124                      /usr/lib/x86_64-linux-gnu/libdrm.so.2.4.0
7ff8f8031000-7ff8f8035000 r--p 00010000 08:20 19124                      /usr/lib/x86_64-linux-gnu/libdrm.so.2.4.0
7ff8f8035000-7ff8f8036000 r--p 00013000 08:20 19124                      /usr/lib/x86_64-linux-gnu/libdrm.so.2.4.0
7ff8f8036000-7ff8f8037000 rw-p 00014000 08:20 19124                      /usr/lib/x86_64-linux-gnu/libdrm.so.2.4.0
7ff8f8037000-7ff8f8044000 r--p 00000000 08:20 7199                       /usr/lib/x86_64-linux-gnu/libglapi.so.0.0.0
7ff8f8044000-7ff8f8052000 r-xp 0000d000 08:20 7199                       /usr/lib/x86_64-linux-gnu/libglapi.so.0.0.0
7ff8f8052000-7ff8f806b000 r--p 0001b000 08:20 7199                       /usr/lib/x86_64-linux-gnu/libglapi.so.0.0.0
7ff8f806b000-7ff8f806c000 ---p 00034000 08:20 7199                       /usr/lib/x86_64-linux-gnu/libglapi.so.0.0.0
7ff8f806c000-7ff8f8070000 r--p 00034000 08:20 7199                       /usr/lib/x86_64-linux-gnu/libglapi.so.0.0.0
7ff8f8070000-7ff8f8071000 rw-p 00038000 08:20 7199                       /usr/lib/x86_64-linux-gnu/libglapi.so.0.0.0
7ff8f8071000-7ff8f8072000 rw-p 00000000 00:00 0 
7ff8f8072000-7ff8f80b2000 r--p 00000000 08:20 3793                       /usr/lib/x86_64-linux-gnu/libGLdispatch.so.0.0.0
7ff8f80b2000-7ff8f80f1000 r-xp 00040000 08:20 3793                       /usr/lib/x86_64-linux-gnu/libGLdispatch.so.0.0.0
7ff8f80f1000-7ff8f8105000 r--p 0007f000 08:20 3793                       /usr/lib/x86_64-linux-gnu/libGLdispatch.so.0.0.0
7ff8f8105000-7ff8f8121000 r--p 00092000 08:20 3793                       /usr/lib/x86_64-linux-gnu/libGLdispatch.so.0.0.0
7ff8f8121000-7ff8f8122000 rw-p 000ae000 08:20 3793                       /usr/lib/x86_64-linux-gnu/libGLdispatch.so.0.0.0
7ff8f8122000-7ff8f812a000 rw-p 00000000 00:00 0 
7ff8f812a000-7ff8f812d000 r--p 00000000 08:20 3717                       /usr/lib/x86_64-linux-gnu/libGLX.so.0.0.0
7ff8f812d000-7ff8f8148000 r-xp 00003000 08:20 3717                       /usr/lib/x86_64-linux-gnu/libGLX.so.0.0.0
7ff8f8148000-7ff8f814c000 r--p 0001e000 08:20 3717                       /usr/lib/x86_64-linux-gnu/libGLX.so.0.0.0
7ff8f814c000-7ff8f814d000 r--p 00021000 08:20 3717                       /usr/lib/x86_64-linux-gnu/libGLX.so.0.0.0
7ff8f814d000-7ff8f814e000 rw-p 00022000 08:20 3717                       /usr/lib/x86_64-linux-gnu/libGLX.so.0.0.0
7ff8f814e000-7ff8f815e000 rw-p 00000000 00:00 0 
7ff8f815e000-7ff8f815f000 r--p 00000000 08:20 21227                      /usr/lib/x86_64-linux-gnu/libX11-xcb.so.1.0.0
7ff8f815f000-7ff8f8160000 r-xp 00001000 08:20 21227                      /usr/lib/x86_64-linux-gnu/libX11-xcb.so.1.0.0
7ff8f8160000-7ff8f8161000 r--p 00002000 08:20 21227                      /usr/lib/x86_64-linux-gnu/libX11-xcb.so.1.0.0
7ff8f8161000-7ff8f8162000 r--p 00002000 08:20 21227                      /usr/lib/x86_64-linux-gnu/libX11-xcb.so.1.0.0
7ff8f8162000-7ff8f8163000 rw-p 00003000 08:20 21227                      /usr/lib/x86_64-linux-gnu/libX11-xcb.so.1.0.0
7ff8f8163000-7ff8f8164000 r--p 00000000 08:20 11047                      /usr/lib/x86_64-linux-gnu/libXinerama.so.1.0.0
7ff8f8164000-7ff8f8165000 r-xp 00001000 08:20 11047                      /usr/lib/x86_64-linux-gnu/libXinerama.so.1.0.0
7ff8f8165000-7ff8f8166000 r--p 00002000 08:20 11047                      /usr/lib/x86_64-linux-gnu/libXinerama.so.1.0.0
7ff8f8166000-7ff8f8167000 r--p 00002000 08:20 11047                      /usr/lib/x86_64-linux-gnu/libXinerama.so.1.0.0
7ff8f8167000-7ff8f8168000 rw-p 00003000 08:20 11047                      /usr/lib/x86_64-linux-gnu/libXinerama.so.1.0.0
7ff8f8168000-7ff8f816a000 r--p 00000000 08:20 11041                      /usr/lib/x86_64-linux-gnu/libXfixes.so.3.1.0
7ff8f816a000-7ff8f816d000 r-xp 00002000 08:20 11041                      /usr/lib/x86_64-linux-gnu/libXfixes.so.3.1.0
7ff8f816d000-7ff8f816e000 r--p 00005000 08:20 11041                      /usr/lib/x86_64-linux-gnu/libXfixes.so.3.1.0
7ff8f816e000-7ff8f816f000 r--p 00005000 08:20 11041                      /usr/lib/x86_64-linux-gnu/libXfixes.so.3.1.0
7ff8f816f000-7ff8f8170000 rw-p 00006000 08:20 11041                      /usr/lib/x86_64-linux-gnu/libXfixes.so.3.1.0
7ff8f8170000-7ff8f8173000 r--p 00000000 08:20 377593                     /usr/lib/x86_64-linux-gnu/libXcursor.so.1.0.2
7ff8f8173000-7ff8f8179000 r-xp 00003000 08:20 377593                     /usr/lib/x86_64-linux-gnu/libXcursor.so.1.0.2
7ff8f8179000-7ff8f817b000 r--p 00009000 08:20 377593                     /usr/lib/x86_64-linux-gnu/libXcursor.so.1.0.2
7ff8f817b000-7ff8f817c000 r--p 0000a000 08:20 377593                     /usr/lib/x86_64-linux-gnu/libXcursor.so.1.0.2
7ff8f817c000-7ff8f817d000 rw-p 0000b000 08:20 377593                     /usr/lib/x86_64-linux-gnu/libXcursor.so.1.0.2
7ff8f817d000-7ff8f817f000 r--p 00000000 08:20 11055                      /usr/lib/x86_64-linux-gnu/libXrandr.so.2.2.0
7ff8f817f000-7ff8f8186000 r-xp 00002000 08:20 11055                      /usr/lib/x86_64-linux-gnu/libXrandr.so.2.2.0
7ff8f8186000-7ff8f8188000 r--p 00009000 08:20 11055                      /usr/lib/x86_64-linux-gnu/libXrandr.so.2.2.0
7ff8f8188000-7ff8f8189000 r--p 0000a000 08:20 11055                      /usr/lib/x86_64-linux-gnu/libXrandr.so.2.2.0
7ff8f8189000-7ff8f818a000 rw-p 0000b000 08:20 11055                      /usr/lib/x86_64-linux-gnu/libXrandr.so.2.2.0
7ff8f818a000-7ff8f818c000 r--p 00000000 08:20 11045                      /usr/lib/x86_64-linux-gnu/libXi.so.6.1.0
7ff8f818c000-7ff8f8197000 r-xp 00002000 08:20 11045                      /usr/lib/x86_64-linux-gnu/libXi.so.6.1.0
7ff8f8197000-7ff8f819a000 r--p 0000d000 08:20 11045                      /usr/lib/x86_64-linux-gnu/libXi.so.6.1.0
7ff8f819a000-7ff8f819b000 r--p 0000f000 08:20 11045                      /usr/lib/x86_64-linux-gnu/libXi.so.6.1.0
7ff8f819b000-7ff8f819c000 rw-p 00010000 08:20 11045                      /usr/lib/x86_64-linux-gnu/libXi.so.6.1.0
7ff8f819c000-7ff8f81a0000 r--p 00000000 08:20 11039                      /usr/lib/x86_64-linux-gnu/libXext.so.6.4.0
7ff8f81a0000-7ff8f81ab000 r-xp 00004000 08:20 11039                      /usr/lib/x86_64-linux-gnu/libXext.so.6.4.0
7ff8f81ab000-7ff8f81af000 r--p 0000f000 08:20 11039                      /usr/lib/x86_64-linux-gnu/libXext.so.6.4.0
7ff8f81af000-7ff8f81b0000 r--p 00012000 08:20 11039                      /usr/lib/x86_64-linux-gnu/libXext.so.6.4.0
7ff8f81b0000-7ff8f81b1000 rw-p 00013000 08:20 11039                      /usr/lib/x86_64-linux-gnu/libXext.so.6.4.0
7ff8f81b1000-7ff8f81b2000 r--p 00000000 08:20 11067                      /usr/lib/x86_64-linux-gnu/libXxf86vm.so.1.0.0
7ff8f81b2000-7ff8f81b5000 r-xp 00001000 08:20 11067                      /usr/lib/x86_64-linux-gnu/libXxf86vm.so.1.0.0
7ff8f81b5000-7ff8f81b6000 r--p 00004000 08:20 11067                      /usr/lib/x86_64-linux-gnu/libXxf86vm.so.1.0.0
7ff8f81b6000-7ff8f81b7000 r--p 00004000 08:20 11067                      /usr/lib/x86_64-linux-gnu/libXxf86vm.so.1.0.0
7ff8f81b7000-7ff8f81b8000 rw-p 00005000 08:20 11067                      /usr/lib/x86_64-linux-gnu/libXxf86vm.so.1.0.0
7ff8f81b8000-7ff8f81bc000 r--p 00000000 08:20 11112                      /usr/lib/x86_64-linux-gnu/libbsd.so.0.10.0
7ff8f81bc000-7ff8f81cb000 r-xp 00004000 08:20 11112                      /usr/lib/x86_64-linux-gnu/libbsd.so.0.10.0
7ff8f81cb000-7ff8f81ce000 r--p 00013000 08:20 11112                      /usr/lib/x86_64-linux-gnu/libbsd.so.0.10.0
7ff8f81ce000-7ff8f81cf000 ---p 00016000 08:20 11112                      /usr/lib/x86_64-linux-gnu/libbsd.so.0.10.0
7ff8f81cf000-7ff8f81d0000 r--p 00016000 08:20 11112                      /usr/lib/x86_64-linux-gnu/libbsd.so.0.10.0
7ff8f81d0000-7ff8f81d1000 rw-p 00017000 08:20 11112                      /usr/lib/x86_64-linux-gnu/libbsd.so.0.10.0
7ff8f81d1000-7ff8f81d2000 rw-p 00000000 00:00 0 
7ff8f81d2000-7ff8f81d4000 r--p 00000000 08:20 11037                      /usr/lib/x86_64-linux-gnu/libXdmcp.so.6.0.0
7ff8f81d4000-7ff8f81d6000 r-xp 00002000 08:20 11037                      /usr/lib/x86_64-linux-gnu/libXdmcp.so.6.0.0
7ff8f81d6000-7ff8f81d8000 r--p 00004000 08:20 11037                      /usr/lib/x86_64-linux-gnu/libXdmcp.so.6.0.0
7ff8f81d8000-7ff8f81d9000 r--p 00005000 08:20 11037                      /usr/lib/x86_64-linux-gnu/libXdmcp.so.6.0.0
7ff8f81d9000-7ff8f81da000 rw-p 00006000 08:20 11037                      /usr/lib/x86_64-linux-gnu/libXdmcp.so.6.0.0
7ff8f81da000-7ff8f81db000 r--p 00000000 08:20 11028                      /usr/lib/x86_64-linux-gnu/libXau.so.6.0.0
7ff8f81db000-7ff8f81dd000 r-xp 00001000 08:20 11028                      /usr/lib/x86_64-linux-gnu/libXau.so.6.0.0
7ff8f81dd000-7ff8f81de000 r--p 00003000 08:20 11028                      /usr/lib/x86_64-linux-gnu/libXau.so.6.0.0
7ff8f81de000-7ff8f81df000 r--p 00003000 08:20 11028                      /usr/lib/x86_64-linux-gnu/libXau.so.6.0.0
7ff8f81df000-7ff8f81e0000 rw-p 00004000 08:20 11028                      /usr/lib/x86_64-linux-gnu/libXau.so.6.0.0
7ff8f81e0000-7ff8f81eb000 r--p 00000000 08:20 11627                      /usr/lib/x86_64-linux-gnu/libxcb.so.1.1.0
7ff8f81eb000-7ff8f81ff000 r-xp 0000b000 08:20 11627                      /usr/lib/x86_64-linux-gnu/libxcb.so.1.1.0
7ff8f81ff000-7ff8f8208000 r--p 0001f000 08:20 11627                      /usr/lib/x86_64-linux-gnu/libxcb.so.1.1.0
7ff8f8208000-7ff8f8209000 r--p 00027000 08:20 11627                      /usr/lib/x86_64-linux-gnu/libxcb.so.1.1.0
7ff8f8209000-7ff8f820a000 rw-p 00028000 08:20 11627                      /usr/lib/x86_64-linux-gnu/libxcb.so.1.1.0
7ff8f820a000-7ff8f8222000 r--p 00000000 08:20 9650                       /usr/lib/x86_64-linux-gnu/libX11.so.6.3.0
7ff8f8222000-7ff8f82ad000 r-xp 00018000 08:20 9650                       /usr/lib/x86_64-linux-gnu/libX11.so.6.3.0
7ff8f82ad000-7ff8f8341000 r--p 000a3000 08:20 9650                       /usr/lib/x86_64-linux-gnu/libX11.so.6.3.0
7ff8f8341000-7ff8f8342000 ---p 00137000 08:20 9650                       /usr/lib/x86_64-linux-gnu/libX11.so.6.3.0
7ff8f8342000-7ff8f8343000 r--p 00137000 08:20 9650                       /usr/lib/x86_64-linux-gnu/libX11.so.6.3.0
7ff8f8343000-7ff8f8347000 rw-p 00138000 08:20 9650                       /usr/lib/x86_64-linux-gnu/libX11.so.6.3.0
7ff8f8353000-7ff8f8361000 r--p 00000000 08:20 444490                     /tmp/lwjgl_root/3.3.2+13/x64/libglfw.so
7ff8f8361000-7ff8f837f000 r-xp 0000e000 08:20 444490                     /tmp/lwjgl_root/3.3.2+13/x64/libglfw.so
7ff8f837f000-7ff8f83b2000 r--p 0002c000 08:20 444490                     /tmp/lwjgl_root/3.3.2+13/x64/libglfw.so
7ff8f83b2000-7ff8f83b3000 ---p 0005f000 08:20 444490                     /tmp/lwjgl_root/3.3.2+13/x64/libglfw.so
7ff8f83b3000-7ff8f83b6000 r--p 0005f000 08:20 444490                     /tmp/lwjgl_root/3.3.2+13/x64/libglfw.so
7ff8f83b6000-7ff8f83b9000 rw-p 00062000 08:20 444490                     /tmp/lwjgl_root/3.3.2+13/x64/libglfw.so
7ff8f83b9000-7ff8f83dc000 rw-p 00000000 00:00 0 
7ff8f83dc000-7ff8f83e0000 ---p 00000000 00:00 0 
7ff8f83e0000-7ff8f84dd000 rw-p 00000000 00:00 0 
7ff8f84dd000-7ff8f8506000 r--p 00000000 08:20 444488                     /tmp/lwjgl_root/3.3.2+13/x64/liblwjgl.so
7ff8f8506000-7ff8f8537000 r-xp 00029000 08:20 444488                     /tmp/lwjgl_root/3.3.2+13/x64/liblwjgl.so
7ff8f8537000-7ff8f8550000 r--p 0005a000 08:20 444488                     /tmp/lwjgl_root/3.3.2+13/x64/liblwjgl.so
7ff8f8550000-7ff8f8551000 r--p 00072000 08:20 444488                     /tmp/lwjgl_root/3.3.2+13/x64/liblwjgl.so
7ff8f8551000-7ff8f8552000 rw-p 00073000 08:20 444488                     /tmp/lwjgl_root/3.3.2+13/x64/liblwjgl.so
7ff8f8552000-7ff8f8583000 rw-p 00000000 00:00 0 
7ff8f8583000-7ff8f8587000 r--p 00000000 08:20 39212                      /root/.vscode-server/extensions/redhat.java-1.20.0-linux-x64/jre/17.0.7-linux-x86_64/lib/libnet.so
7ff8f8587000-7ff8f8595000 r-xp 00004000 08:20 39212                      /root/.vscode-server/extensions/redhat.java-1.20.0-linux-x64/jre/17.0.7-linux-x86_64/lib/libnet.so
7ff8f8595000-7ff8f8599000 r--p 00012000 08:20 39212                      /root/.vscode-server/extensions/redhat.java-1.20.0-linux-x64/jre/17.0.7-linux-x86_64/lib/libnet.so
7ff8f8599000-7ff8f859a000 r--p 00015000 08:20 39212                      /root/.vscode-server/extensions/redhat.java-1.20.0-linux-x64/jre/17.0.7-linux-x86_64/lib/libnet.so
7ff8f859a000-7ff8f859b000 rw-p 00016000 08:20 39212                      /root/.vscode-server/extensions/redhat.java-1.20.0-linux-x64/jre/17.0.7-linux-x86_64/lib/libnet.so
7ff8f859b000-7ff8f85a2000 r--p 00000000 08:20 39218                      /root/.vscode-server/extensions/redhat.java-1.20.0-linux-x64/jre/17.0.7-linux-x86_64/lib/libnio.so
7ff8f85a2000-7ff8f85ab000 r-xp 00007000 08:20 39218                      /root/.vscode-server/extensions/redhat.java-1.20.0-linux-x64/jre/17.0.7-linux-x86_64/lib/libnio.so
7ff8f85ab000-7ff8f85af000 r--p 00010000 08:20 39218                      /root/.vscode-server/extensions/redhat.java-1.20.0-linux-x64/jre/17.0.7-linux-x86_64/lib/libnio.so
7ff8f85af000-7ff8f85b0000 ---p 00014000 08:20 39218                      /root/.vscode-server/extensions/redhat.java-1.20.0-linux-x64/jre/17.0.7-linux-x86_64/lib/libnio.so
7ff8f85b0000-7ff8f85b1000 r--p 00014000 08:20 39218                      /root/.vscode-server/extensions/redhat.java-1.20.0-linux-x64/jre/17.0.7-linux-x86_64/lib/libnio.so
7ff8f85b1000-7ff8f85b2000 rw-p 00015000 08:20 39218                      /root/.vscode-server/extensions/redhat.java-1.20.0-linux-x64/jre/17.0.7-linux-x86_64/lib/libnio.so
7ff8f85b2000-7ff8f85b6000 ---p 00000000 00:00 0 
7ff8f85b6000-7ff8f86b3000 rw-p 00000000 00:00 0 
7ff8f86b3000-7ff8f86b4000 ---p 00000000 00:00 0 
7ff8f86b4000-7ff8f87b5000 rw-p 00000000 00:00 0 
7ff8f87b5000-7ff8f87b9000 ---p 00000000 00:00 0 
7ff8f87b9000-7ff8f88b6000 rw-p 00000000 00:00 0 
7ff8f88b6000-7ff8f88ba000 ---p 00000000 00:00 0 
7ff8f88ba000-7ff8f89b7000 rw-p 00000000 00:00 0 
7ff8f89b7000-7ff8f89bb000 ---p 00000000 00:00 0 
7ff8f89bb000-7ff8f8ab8000 rw-p 00000000 00:00 0 
7ff8f8ab8000-7ff8f8abc000 ---p 00000000 00:00 0 
7ff8f8abc000-7ff8f8bb9000 rw-p 00000000 00:00 0 
7ff8f8bb9000-7ff8f8bbd000 ---p 00000000 00:00 0 
7ff8f8bbd000-7ff8f8cba000 rw-p 00000000 00:00 0 
7ff8f8cba000-7ff8f8cbe000 ---p 00000000 00:00 0 
7ff8f8cbe000-7ff8f8dbb000 rw-p 00000000 00:00 0 
7ff8f8dbb000-7ff8f8dbf000 ---p 00000000 00:00 0 
7ff8f8dbf000-7ff8f8ebc000 rw-p 00000000 00:00 0 
7ff8f8ebc000-7ff8f8ec0000 ---p 00000000 00:00 0 
7ff8f8ec0000-7ff8f8fbd000 rw-p 00000000 00:00 0 
7ff8f8fbd000-7ff8f9130000 r--p 00000000 08:20 20355                      /usr/lib/locale/C.UTF-8/LC_COLLATE
7ff8f9130000-7ff8f9416000 r--p 00000000 08:20 4069                       /usr/lib/locale/locale-archive
7ff8f9416000-7ff8f941a000 ---p 00000000 00:00 0 
7ff8f941a000-7ff8f9517000 rw-p 00000000 00:00 0 
7ff8f9517000-7ff8f951b000 ---p 00000000 00:00 0 
7ff8f951b000-7ff8f9618000 rw-p 00000000 00:00 0 
7ff8f9618000-7ff8f9619000 ---p 00000000 00:00 0 
7ff8f9619000-7ff8f97f6000 rw-p 00000000 00:00 0 
7ff8f97f6000-7ff8f97f7000 ---p 00000000 00:00 0 
7ff8f97f7000-7ff8f98f8000 rw-p 00000000 00:00 0 
7ff8f98f8000-7ff8f98f9000 ---p 00000000 00:00 0 
7ff8f98f9000-7ff8fc000000 rw-p 00000000 00:00 0 
7ff8fc000000-7ff8fc021000 rw-p 00000000 00:00 0 
7ff8fc021000-7ff900000000 ---p 00000000 00:00 0 
7ff900000000-7ff900021000 rw-p 00000000 00:00 0 
7ff900021000-7ff904000000 ---p 00000000 00:00 0 
7ff904000000-7ff904021000 rw-p 00000000 00:00 0 
7ff904021000-7ff908000000 ---p 00000000 00:00 0 
7ff908004000-7ff908005000 rw-p 00000000 00:00 0 
7ff908005000-7ff908006000 r-xp 00058000 08:20 444488                     /tmp/lwjgl_root/3.3.2+13/x64/liblwjgl.so
7ff908006000-7ff908007000 rw-p 00000000 00:00 0 
7ff908007000-7ff908039000 r--p 00000000 08:20 20356                      /usr/lib/locale/C.UTF-8/LC_CTYPE
7ff908039000-7ff90803a000 r--p 00000000 08:20 20362                      /usr/lib/locale/C.UTF-8/LC_NUMERIC
7ff90803a000-7ff90803b000 r--p 00000000 08:20 20365                      /usr/lib/locale/C.UTF-8/LC_TIME
7ff90803b000-7ff90803c000 r--p 00000000 08:20 20360                      /usr/lib/locale/C.UTF-8/LC_MONETARY
7ff90803c000-7ff90803d000 r--p 00000000 08:20 20359                      /usr/lib/locale/C.UTF-8/LC_MESSAGES/SYS_LC_MESSAGES
7ff90803d000-7ff90803e000 r--p 00000000 08:20 20363                      /usr/lib/locale/C.UTF-8/LC_PAPER
7ff90803e000-7ff908045000 r--s 00000000 08:20 40715                      /usr/lib/x86_64-linux-gnu/gconv/gconv-modules.cache
7ff908045000-7ff908e53000 rw-p 00000000 00:00 0 
7ff908e53000-7ff908e54000 ---p 00000000 00:00 0 
7ff908e54000-7ff908f55000 rw-p 00000000 00:00 0 
7ff908f55000-7ff908f56000 ---p 00000000 00:00 0 
7ff908f56000-7ff909057000 rw-p 00000000 00:00 0 
7ff909057000-7ff909058000 ---p 00000000 00:00 0 
7ff909058000-7ff909a65000 rw-p 00000000 00:00 0 
7ff909a65000-7ff910f65000 ---p 00000000 00:00 0 
7ff910f65000-7ff911735000 rw-p 00000000 00:00 0 
7ff911735000-7ff918c35000 ---p 00000000 00:00 0 
7ff918c35000-7ff918d2f000 rw-p 00000000 00:00 0 
7ff918d2f000-7ff919bcf000 ---p 00000000 00:00 0 
7ff919bcf000-7ff919cc9000 rw-p 00000000 00:00 0 
7ff919cc9000-7ff91ab69000 ---p 00000000 00:00 0 
7ff91ab69000-7ff91ac63000 rw-p 00000000 00:00 0 
7ff91ac63000-7ff91bb03000 ---p 00000000 00:00 0 
7ff91bb03000-7ff91cf1c000 rw-p 00000000 00:00 0 
7ff91cf1c000-7ff91d000000 ---p 00000000 00:00 0 
7ff91d000000-7ff91d270000 rwxp 00000000 00:00 0 
7ff91d270000-7ff92445f000 ---p 00000000 00:00 0 
7ff92445f000-7ff9246cf000 rwxp 00000000 00:00 0 
7ff9246cf000-7ff924ba0000 ---p 00000000 00:00 0 
7ff924ba0000-7ff924e10000 rwxp 00000000 00:00 0 
7ff924e10000-7ff92c000000 ---p 00000000 00:00 0 
7ff92c000000-7ff92cbde000 rw-p 00000000 00:00 0 
7ff92cbde000-7ff930000000 ---p 00000000 00:00 0 
7ff930000000-7ff930001000 r--p 00000000 08:20 20361                      /usr/lib/locale/C.UTF-8/LC_NAME
7ff930001000-7ff9300c5000 rw-p 00000000 00:00 0 
7ff9300c5000-7ff9301a9000 ---p 00000000 00:00 0 
7ff9301a9000-7ff9301ae000 rw-p 00000000 00:00 0 
7ff9301ae000-7ff9301b8000 ---p 00000000 00:00 0 
7ff9301b8000-7ff9301c5000 r--p 00000000 08:20 36265                      /root/.vscode-server/extensions/redhat.java-1.20.0-linux-x64/jre/17.0.7-linux-x86_64/lib/libjava.so
7ff9301c5000-7ff9301d7000 r-xp 0000d000 08:20 36265                      /root/.vscode-server/extensions/redhat.java-1.20.0-linux-x64/jre/17.0.7-linux-x86_64/lib/libjava.so
7ff9301d7000-7ff9301dd000 r--p 0001f000 08:20 36265                      /root/.vscode-server/extensions/redhat.java-1.20.0-linux-x64/jre/17.0.7-linux-x86_64/lib/libjava.so
7ff9301dd000-7ff9301de000 ---p 00025000 08:20 36265                      /root/.vscode-server/extensions/redhat.java-1.20.0-linux-x64/jre/17.0.7-linux-x86_64/lib/libjava.so
7ff9301de000-7ff9301df000 r--p 00025000 08:20 36265                      /root/.vscode-server/extensions/redhat.java-1.20.0-linux-x64/jre/17.0.7-linux-x86_64/lib/libjava.so
7ff9301df000-7ff9301e0000 rw-p 00026000 08:20 36265                      /root/.vscode-server/extensions/redhat.java-1.20.0-linux-x64/jre/17.0.7-linux-x86_64/lib/libjava.so
7ff9301e0000-7ff9301e1000 rw-p 00000000 00:00 0 
7ff9301e1000-7ff9301e4000 r--p 00000000 08:20 37895                      /usr/lib/x86_64-linux-gnu/libnss_files-2.31.so
7ff9301e4000-7ff9301eb000 r-xp 00003000 08:20 37895                      /usr/lib/x86_64-linux-gnu/libnss_files-2.31.so
7ff9301eb000-7ff9301ed000 r--p 0000a000 08:20 37895                      /usr/lib/x86_64-linux-gnu/libnss_files-2.31.so
7ff9301ed000-7ff9301ee000 r--p 0000b000 08:20 37895                      /usr/lib/x86_64-linux-gnu/libnss_files-2.31.so
7ff9301ee000-7ff9301ef000 rw-p 0000c000 08:20 37895                      /usr/lib/x86_64-linux-gnu/libnss_files-2.31.so
7ff9301ef000-7ff9301f5000 rw-p 00000000 00:00 0 
7ff9301f5000-7ff9301f6000 r--p 00000000 08:20 20354                      /usr/lib/locale/C.UTF-8/LC_ADDRESS
7ff9301f6000-7ff9301f7000 r--p 00000000 08:20 20364                      /usr/lib/locale/C.UTF-8/LC_TELEPHONE
7ff9301f7000-7ff9301f9000 r--p 00000000 08:20 39581                      /root/.vscode-server/extensions/redhat.java-1.20.0-linux-x64/jre/17.0.7-linux-x86_64/lib/libzip.so
7ff9301f9000-7ff9301fd000 r-xp 00002000 08:20 39581                      /root/.vscode-server/extensions/redhat.java-1.20.0-linux-x64/jre/17.0.7-linux-x86_64/lib/libzip.so
7ff9301fd000-7ff9301ff000 r--p 00006000 08:20 39581                      /root/.vscode-server/extensions/redhat.java-1.20.0-linux-x64/jre/17.0.7-linux-x86_64/lib/libzip.so
7ff9301ff000-7ff930200000 r--p 00007000 08:20 39581                      /root/.vscode-server/extensions/redhat.java-1.20.0-linux-x64/jre/17.0.7-linux-x86_64/lib/libzip.so
7ff930200000-7ff930201000 rw-p 00008000 08:20 39581                      /root/.vscode-server/extensions/redhat.java-1.20.0-linux-x64/jre/17.0.7-linux-x86_64/lib/libzip.so
7ff930201000-7ff932e17000 r--s 00000000 08:20 39595                      /root/.vscode-server/extensions/redhat.java-1.20.0-linux-x64/jre/17.0.7-linux-x86_64/lib/modules
7ff932e17000-7ff932e1b000 r--p 00000000 08:20 38935                      /root/.vscode-server/extensions/redhat.java-1.20.0-linux-x64/jre/17.0.7-linux-x86_64/lib/libjimage.so
7ff932e1b000-7ff932e2e000 r-xp 00004000 08:20 38935                      /root/.vscode-server/extensions/redhat.java-1.20.0-linux-x64/jre/17.0.7-linux-x86_64/lib/libjimage.so
7ff932e2e000-7ff932e34000 r--p 00017000 08:20 38935                      /root/.vscode-server/extensions/redhat.java-1.20.0-linux-x64/jre/17.0.7-linux-x86_64/lib/libjimage.so
7ff932e34000-7ff932e36000 r--p 0001c000 08:20 38935                      /root/.vscode-server/extensions/redhat.java-1.20.0-linux-x64/jre/17.0.7-linux-x86_64/lib/libjimage.so
7ff932e36000-7ff932e37000 rw-p 0001e000 08:20 38935                      /root/.vscode-server/extensions/redhat.java-1.20.0-linux-x64/jre/17.0.7-linux-x86_64/lib/libjimage.so
7ff932e37000-7ff932e3b000 ---p 00000000 00:00 0 
7ff932e3b000-7ff932f38000 rw-p 00000000 00:00 0 
7ff932f38000-7ff932f45000 r--p 00000000 08:20 37094                      /usr/lib/x86_64-linux-gnu/libm-2.31.so
7ff932f45000-7ff932fec000 r-xp 0000d000 08:20 37094                      /usr/lib/x86_64-linux-gnu/libm-2.31.so
7ff932fec000-7ff933085000 r--p 000b4000 08:20 37094                      /usr/lib/x86_64-linux-gnu/libm-2.31.so
7ff933085000-7ff933086000 r--p 0014c000 08:20 37094                      /usr/lib/x86_64-linux-gnu/libm-2.31.so
7ff933086000-7ff933087000 rw-p 0014d000 08:20 37094                      /usr/lib/x86_64-linux-gnu/libm-2.31.so
7ff933087000-7ff933089000 r--p 00000000 08:20 38548                      /usr/lib/x86_64-linux-gnu/librt-2.31.so
7ff933089000-7ff93308d000 r-xp 00002000 08:20 38548                      /usr/lib/x86_64-linux-gnu/librt-2.31.so
7ff93308d000-7ff93308f000 r--p 00006000 08:20 38548                      /usr/lib/x86_64-linux-gnu/librt-2.31.so
7ff93308f000-7ff933090000 r--p 00007000 08:20 38548                      /usr/lib/x86_64-linux-gnu/librt-2.31.so
7ff933090000-7ff933091000 rw-p 00008000 08:20 38548                      /usr/lib/x86_64-linux-gnu/librt-2.31.so
7ff933091000-7ff9332e3000 r--p 00000000 08:20 371620                     /root/.vscode-server/extensions/redhat.java-1.20.0-linux-x64/jre/17.0.7-linux-x86_64/lib/server/libjvm.so
7ff9332e3000-7ff934003000 r-xp 00252000 08:20 371620                     /root/.vscode-server/extensions/redhat.java-1.20.0-linux-x64/jre/17.0.7-linux-x86_64/lib/server/libjvm.so
7ff934003000-7ff93428f000 r--p 00f72000 08:20 371620                     /root/.vscode-server/extensions/redhat.java-1.20.0-linux-x64/jre/17.0.7-linux-x86_64/lib/server/libjvm.so
7ff93428f000-7ff934290000 ---p 011fe000 08:20 371620                     /root/.vscode-server/extensions/redhat.java-1.20.0-linux-x64/jre/17.0.7-linux-x86_64/lib/server/libjvm.so
7ff934290000-7ff934349000 r--p 011fe000 08:20 371620                     /root/.vscode-server/extensions/redhat.java-1.20.0-linux-x64/jre/17.0.7-linux-x86_64/lib/server/libjvm.so
7ff934349000-7ff93437e000 rw-p 012b7000 08:20 371620                     /root/.vscode-server/extensions/redhat.java-1.20.0-linux-x64/jre/17.0.7-linux-x86_64/lib/server/libjvm.so
7ff93437e000-7ff9343da000 rw-p 00000000 00:00 0 
7ff9343da000-7ff9343fc000 r--p 00000000 08:20 37092                      /usr/lib/x86_64-linux-gnu/libc-2.31.so
7ff9343fc000-7ff934574000 r-xp 00022000 08:20 37092                      /usr/lib/x86_64-linux-gnu/libc-2.31.so
7ff934574000-7ff9345c2000 r--p 0019a000 08:20 37092                      /usr/lib/x86_64-linux-gnu/libc-2.31.so
7ff9345c2000-7ff9345c6000 r--p 001e7000 08:20 37092                      /usr/lib/x86_64-linux-gnu/libc-2.31.so
7ff9345c6000-7ff9345c8000 rw-p 001eb000 08:20 37092                      /usr/lib/x86_64-linux-gnu/libc-2.31.so
7ff9345c8000-7ff9345cc000 rw-p 00000000 00:00 0 
7ff9345cc000-7ff9345cd000 r--p 00000000 08:20 37093                      /usr/lib/x86_64-linux-gnu/libdl-2.31.so
7ff9345cd000-7ff9345cf000 r-xp 00001000 08:20 37093                      /usr/lib/x86_64-linux-gnu/libdl-2.31.so
7ff9345cf000-7ff9345d0000 r--p 00003000 08:20 37093                      /usr/lib/x86_64-linux-gnu/libdl-2.31.so
7ff9345d0000-7ff9345d1000 r--p 00003000 08:20 37093                      /usr/lib/x86_64-linux-gnu/libdl-2.31.so
7ff9345d1000-7ff9345d2000 rw-p 00004000 08:20 37093                      /usr/lib/x86_64-linux-gnu/libdl-2.31.so
7ff9345d2000-7ff9345d8000 r--p 00000000 08:20 38546                      /usr/lib/x86_64-linux-gnu/libpthread-2.31.so
7ff9345d8000-7ff9345e9000 r-xp 00006000 08:20 38546                      /usr/lib/x86_64-linux-gnu/libpthread-2.31.so
7ff9345e9000-7ff9345ef000 r--p 00017000 08:20 38546                      /usr/lib/x86_64-linux-gnu/libpthread-2.31.so
7ff9345ef000-7ff9345f0000 r--p 0001c000 08:20 38546                      /usr/lib/x86_64-linux-gnu/libpthread-2.31.so
7ff9345f0000-7ff9345f1000 rw-p 0001d000 08:20 38546                      /usr/lib/x86_64-linux-gnu/libpthread-2.31.so
7ff9345f1000-7ff9345f5000 rw-p 00000000 00:00 0 
7ff9345f5000-7ff9345f8000 r--p 00000000 08:20 38992                      /root/.vscode-server/extensions/redhat.java-1.20.0-linux-x64/jre/17.0.7-linux-x86_64/lib/libjli.so
7ff9345f8000-7ff934602000 r-xp 00003000 08:20 38992                      /root/.vscode-server/extensions/redhat.java-1.20.0-linux-x64/jre/17.0.7-linux-x86_64/lib/libjli.so
7ff934602000-7ff934605000 r--p 0000d000 08:20 38992                      /root/.vscode-server/extensions/redhat.java-1.20.0-linux-x64/jre/17.0.7-linux-x86_64/lib/libjli.so
7ff934605000-7ff934606000 ---p 00010000 08:20 38992                      /root/.vscode-server/extensions/redhat.java-1.20.0-linux-x64/jre/17.0.7-linux-x86_64/lib/libjli.so
7ff934606000-7ff934607000 r--p 00010000 08:20 38992                      /root/.vscode-server/extensions/redhat.java-1.20.0-linux-x64/jre/17.0.7-linux-x86_64/lib/libjli.so
7ff934607000-7ff934608000 rw-p 00011000 08:20 38992                      /root/.vscode-server/extensions/redhat.java-1.20.0-linux-x64/jre/17.0.7-linux-x86_64/lib/libjli.so
7ff934608000-7ff93460a000 r--p 00000000 08:20 24278                      /usr/lib/x86_64-linux-gnu/libz.so.1.2.11
7ff93460a000-7ff93461b000 r-xp 00002000 08:20 24278                      /usr/lib/x86_64-linux-gnu/libz.so.1.2.11
7ff93461b000-7ff934621000 r--p 00013000 08:20 24278                      /usr/lib/x86_64-linux-gnu/libz.so.1.2.11
7ff934621000-7ff934622000 ---p 00019000 08:20 24278                      /usr/lib/x86_64-linux-gnu/libz.so.1.2.11
7ff934622000-7ff934623000 r--p 00019000 08:20 24278                      /usr/lib/x86_64-linux-gnu/libz.so.1.2.11
7ff934623000-7ff934624000 rw-p 0001a000 08:20 24278                      /usr/lib/x86_64-linux-gnu/libz.so.1.2.11
7ff934624000-7ff934625000 r--p 00000000 08:20 20358                      /usr/lib/locale/C.UTF-8/LC_MEASUREMENT
7ff934625000-7ff934626000 r--p 00000000 08:20 20357                      /usr/lib/locale/C.UTF-8/LC_IDENTIFICATION
7ff934626000-7ff93462e000 rw-s 00000000 08:20 444475                     /tmp/hsperfdata_root/10551 (deleted)
7ff93462e000-7ff93462f000 ---p 00000000 00:00 0 
7ff93462f000-7ff934630000 r--p 00000000 00:00 0 
7ff934630000-7ff934632000 rw-p 00000000 00:00 0 
7ff934632000-7ff934633000 r--p 00000000 08:20 21193                      /usr/lib/x86_64-linux-gnu/ld-2.31.so
7ff934633000-7ff934656000 r-xp 00001000 08:20 21193                      /usr/lib/x86_64-linux-gnu/ld-2.31.so
7ff934656000-7ff93465e000 r--p 00024000 08:20 21193                      /usr/lib/x86_64-linux-gnu/ld-2.31.so
7ff93465e000-7ff93465f000 ---p 00000000 00:00 0 
7ff93465f000-7ff934660000 r--p 0002c000 08:20 21193                      /usr/lib/x86_64-linux-gnu/ld-2.31.so
7ff934660000-7ff934661000 rw-p 0002d000 08:20 21193                      /usr/lib/x86_64-linux-gnu/ld-2.31.so
7ff934661000-7ff934662000 rw-p 00000000 00:00 0 
7ffc04163000-7ffc04185000 rw-p 00000000 00:00 0                          [stack]
7ffc041d7000-7ffc041db000 r--p 00000000 00:00 0                          [vvar]
7ffc041db000-7ffc041dd000 r-xp 00000000 00:00 0                          [vdso]


VM Arguments:
jvm_args: -XX:+ShowCodeDetailsInExceptionMessages 
java_command: mirage.App
java_class_path (initial): /root/dev/java/mirage/engine/target/classes:/root/.m2/repository/org/lwjgl/lwjgl/3.3.2/lwjgl-3.3.2.jar:/root/.m2/repository/org/lwjgl/lwjgl-glfw/3.3.2/lwjgl-glfw-3.3.2.jar:/root/.m2/repository/org/lwjgl/lwjgl-openal/3.3.2/lwjgl-openal-3.3.2.jar:/root/.m2/repository/org/lwjgl/lwjgl-opengl/3.3.2/lwjgl-opengl-3.3.2.jar:/root/.m2/repository/org/lwjgl/lwjgl-stb/3.3.2/lwjgl-stb-3.3.2.jar:/root/.m2/repository/org/lwjgl/lwjgl/3.3.2/lwjgl-3.3.2-natives-linux.jar:/root/.m2/repository/org/lwjgl/lwjgl-glfw/3.3.2/lwjgl-glfw-3.3.2-natives-linux.jar:/root/.m2/repository/org/lwjgl/lwjgl-openal/3.3.2/lwjgl-openal-3.3.2-natives-linux.jar:/root/.m2/repository/org/lwjgl/lwjgl-opengl/3.3.2/lwjgl-opengl-3.3.2-natives-linux.jar:/root/.m2/repository/org/lwjgl/lwjgl-stb/3.3.2/lwjgl-stb-3.3.2-natives-linux.jar
Launcher Type: SUN_STANDARD

[Global flags]
     intx CICompilerCount                          = 12                                        {product} {ergonomic}
     uint ConcGCThreads                            = 5                                         {product} {ergonomic}
     uint G1ConcRefinementThreads                  = 20                                        {product} {ergonomic}
   size_t G1HeapRegionSize                         = 4194304                                   {product} {ergonomic}
    uintx GCDrainStackTargetSize                   = 64                                        {product} {ergonomic}
   size_t InitialHeapSize                          = 524288000                                 {product} {ergonomic}
   size_t MarkStackSize                            = 4194304                                   {product} {ergonomic}
   size_t MaxHeapSize                              = 8376025088                                {product} {ergonomic}
   size_t MaxNewSize                               = 5024776192                                {product} {ergonomic}
   size_t MinHeapDeltaBytes                        = 4194304                                   {product} {ergonomic}
   size_t MinHeapSize                              = 8388608                                   {product} {ergonomic}
    uintx NonNMethodCodeHeapSize                   = 7602480                                {pd product} {ergonomic}
    uintx NonProfiledCodeHeapSize                  = 122027880                              {pd product} {ergonomic}
    uintx ProfiledCodeHeapSize                     = 122027880                              {pd product} {ergonomic}
    uintx ReservedCodeCacheSize                    = 251658240                              {pd product} {ergonomic}
     bool SegmentedCodeCache                       = true                                      {product} {ergonomic}
     bool ShowCodeDetailsInExceptionMessages       = true                                   {manageable} {command line}
   size_t SoftMaxHeapSize                          = 8376025088                             {manageable} {ergonomic}
     bool UseCompressedClassPointers               = true                           {product lp64_product} {ergonomic}
     bool UseCompressedOops                        = true                           {product lp64_product} {ergonomic}
     bool UseG1GC                                  = true                                      {product} {ergonomic}

Logging:
Log output configuration:
 #0: stdout all=off uptime,level,tags
 #1: stderr all=off uptime,level,tags

Environment Variables:
JAVA_HOME=/root/.sdkman/candidates/java/current
PATH=/root/.vscode-server/bin/695af097c7bd098fbf017ce3ac85e09bbc5dda06/bin/remote-cli:/root/.sdkman/candidates/maven/current/bin:/root/.sdkman/candidates/java/current/bin:/root/.nvm/versions/node/v18.3.0/bin:/root/.cargo/bin:/usr/local/sbin:/usr/local/bin:/usr/sbin:/usr/bin:/sbin:/bin:/usr/games:/usr/local/games:/usr/lib/wsl/lib:/mnt/d/Oculus/Support/oculus-runtime:/mnt/c/Program Files/Common Files/Oracle/Java/javapath:/mnt/c/Windows/system32:/mnt/c/Windows:/mnt/c/Windows/System32/Wbem:/mnt/c/Windows/System32/WindowsPowerShell/v1.0/:/mnt/c/Windows/System32/OpenSSH/:/mnt/c/Program Files/Microsoft VS Code/bin:/mnt/c/Program Files (x86)/NVIDIA Corporation/PhysX/Common:/mnt/c/Program Files/NVIDIA Corporation/NVIDIA NvDLISR:/mnt/c/Program Files/Go/bin:/mnt/c/Program Files/WIDCOMM/Bluetooth Software/:/mnt/c/Program Files/WIDCOMM/Bluetooth Software/syswow64:/mnt/c/Program Files/dotnet/:/mnt/f/Program Files/Git/cmd:/mnt/d/msys64/mingw64/bin:/mnt/d/Program Files/CMake/bin:/mnt/c/Users/jaree/AppData/Local/Microsoft/WindowsApps:/mnt/c/Users/jaree/go/bin:/mnt/c/Users/jaree/AppData/Local/GitHubDesktop/bin:/usr/local/go/bin
SHELL=/usr/bin/zsh
DISPLAY=:0
HOSTTYPE=x86_64
LANG=C.UTF-8
TERM=xterm-256color

Active Locale:
LC_ALL=C.UTF-8
LC_COLLATE=C.UTF-8
LC_CTYPE=C.UTF-8
LC_MESSAGES=C.UTF-8
LC_MONETARY=C.UTF-8
LC_NUMERIC=C.UTF-8
LC_TIME=C.UTF-8

Signal Handlers:
   SIGSEGV: 