#
# A fatal error has been detected by the Java Runtime Environment:
#
#  SIGSEGV (0xb) at pc=0x00007f99b20147d6, pid=14625, tid=14652
#
# JRE version: OpenJDK Runtime Environment Temurin-17.0.7+7 (17.0.7+7) (build 17.0.7+7)
# Java VM: OpenJDK 64-Bit Server VM Temurin-17.0.7+7 (17.0.7+7, mixed mode, tiered, compressed oops, compressed class ptrs, g1 gc, linux-amd64)
# Problematic frame:
# C  [libnvwgf2umx.so+0x2c9e7d6]
#
# No core dump will be written. Core dumps have been disabled. To enable core dumping, try "ulimit -c unlimited" before starting Java again
#
# If you would like to submit a bug report, please visit:
#   https://github.com/adoptium/adoptium-support/issues
#

---------------  S U M M A R Y ------------

Command Line: -XX:+ShowCodeDetailsInExceptionMessages mirage.App

Host: Intel(R) Core(TM) i9-9940X CPU @ 3.30GHz, 28 cores, 31G, Ubuntu 20.04.6 LTS
Time: Sat Jul  1 21:20:15 2023 EDT elapsed time: 17.118746 seconds (0d 0h 0m 17s)

---------------  T H R E A D  ---------------

Current thread is native thread

Stack: [0x00007f99ae9f0000,0x00007f99af1ef000],  sp=0x00007f99af1ede40,  free space=8183k
Native frames: (J=compiled Java code, j=interpreted, Vv=VM code, C=native code)
C  [libnvwgf2umx.so+0x2c9e7d6]


siginfo: si_signo: 11 (SIGSEGV), si_code: 1 (SEGV_MAPERR), si_addr: 0x00007f99af1ef000

Registers:
RAX=0x0000000000000044, RBX=0x00007f9a386a6220, RCX=0x00007f9a386a8d01, RDX=0x00007f99af1ede50
RSP=0x00007f99af1ede40, RBP=0x0000000000000000, RSI=0x00007f9a386a6220, RDI=0x00007f9a38628500
R8 =0x00007f9a38628500, R9 =0x00007ffdf29cd080, R10=0x000000000020ffaa, R11=0x0000000000000000
R12=0x00007f99af1edea7, R13=0x0000000000000000, R14=0x00007f99af1ef000, R15=0x0000000000000000
RIP=0x00007f99b20147d6, EFLAGS=0x0000000000010246, CSGSFS=0x002b000000000033, ERR=0x0000000000000004
  TRAPNO=0x000000000000000e

Top of Stack: (sp=0x00007f99af1ede40)
0x00007f99af1ede40:   00007f9a38628500 386a8d01000ed41a
0x00007f99af1ede50:   00007f9a38628608 00007f99af1ede50
0x00007f99af1ede60:   00007f99af1edea7 00007f9a38628500
0x00007f99af1ede70:   00007f9a386a6220 00007f99af1edea7 

Instructions: (pc=0x00007f99b20147d6)
0x00007f99b20146d6:   8d 7c 24 30 e8 91 ed 8b fe 4c 89 ff e8 89 ed 8b
0x00007f99b20146e6:   fe 48 8b 44 24 38 48 81 c4 88 00 00 00 5b 41 5c
0x00007f99b20146f6:   41 5d 41 5e 41 5f 5d c3 eb 0a eb 37 eb 35 eb 44
0x00007f99b2014706:   eb 02 eb 2f 48 89 c3 48 8d 7c 24 30 e8 59 ed 8b
0x00007f99b2014716:   fe eb 23 eb 1e 48 89 c3 48 8d 7c 24 30 e8 48 ed
0x00007f99b2014726:   8b fe eb 03 48 89 c3 48 8d 7c 24 48 e8 39 ed 8b
0x00007f99b2014736:   fe eb 03 48 89 c3 48 8d 7c 24 40 e8 2a ed 8b fe
0x00007f99b2014746:   eb 05 eb 00 48 89 c3 48 8b 7c 24 38 e8 19 ed 8b
0x00007f99b2014756:   fe 48 89 df e8 11 22 75 fe cc 55 41 57 41 56 41
0x00007f99b2014766:   55 41 54 53 48 83 ec 28 f6 47 28 10 0f 84 53 01
0x00007f99b2014776:   00 00 48 89 f3 8b 46 10 85 c0 0f 84 45 01 00 00
0x00007f99b2014786:   49 89 d4 49 89 f8 4c 8b 73 28 b1 01 89 4c 24 0c
0x00007f99b2014796:   45 31 ff 48 8d 54 24 10 45 31 ed 4c 89 64 24 20
0x00007f99b20147a6:   48 89 3c 24 48 89 54 24 18 eb 25 90 90 90 90 90
0x00007f99b20147b6:   90 90 90 90 90 90 90 90 90 90 8b 43 10 49 83 c5
0x00007f99b20147c6:   01 89 c1 41 83 c7 01 49 39 cd 0f 83 f5 00 00 00
0x00007f99b20147d6:   43 8b 0c ae 0f b7 c9 42 3b 8c ab 4c 04 00 00 74
0x00007f99b20147e6:   dc 42 89 8c ab 4c 04 00 00 8b 4b 0c 85 c9 74 cd
0x00007f99b20147f6:   31 ed eb 1e 8b 73 04 4c 89 c7 44 89 ea 89 e9 e8
0x00007f99b2014806:   96 3b 03 00 4c 8b 04 24 83 c5 01 8b 4b 0c 39 cd
0x00007f99b2014816:   73 a8 41 0f af cf 01 e9 41 0f b6 84 0e 80 90 00
0x00007f99b2014826:   00 24 7f 8d 50 e0 80 fa 14 77 dd 48 8b 93 50 08
0x00007f99b2014836:   00 00 3a 04 0a 74 d1 88 04 0a 41 c6 04 24 01 41
0x00007f99b2014846:   80 78 2d 00 75 ae f6 44 24 0c 01 75 09 41 f6 40
0x00007f99b2014856:   28 20 75 b4 eb 33 4c 8d 64 24 10 4c 89 e7 4c 89
0x00007f99b2014866:   c6 48 89 da e8 01 2a 03 00 48 8b 3c 24 4c 89 e6
0x00007f99b2014876:   e8 75 e0 ff ff 4c 89 e7 e8 ed eb 8b fe c7 44 24
0x00007f99b2014886:   0c 00 00 00 00 4c 8b 04 24 8b 53 04 45 0f b6 48
0x00007f99b2014896:   2c 4c 8d 64 24 10 4c 89 e7 4c 89 c6 44 89 e9 41
0x00007f99b20148a6:   89 e8 e8 e3 29 03 00 48 8b 3c 24 4c 89 e6 e8 37
0x00007f99b20148b6:   e0 ff ff 4c 89 e7 e8 af eb 8b fe 4c 8b 64 24 20
0x00007f99b20148c6:   e9 3f ff ff ff 48 83 c4 28 5b 41 5c 41 5d 41 5e 



---------------  P R O C E S S  ---------------

VM state: at safepoint (shutting down)

VM Mutex/Monitor currently owned by a thread:  ([mutex/lock_event])
[0x00007f9a38022c80] Threads_lock - owner thread: 0x00007f9a381caf20

Heap address: 0x000000060cc00000, size: 7988 MB, Compressed Oops mode: Zero based, Oop shift amount: 3

CDS archive(s) not mapped
Compressed class space mapped at: 0x0000000800000000-0x0000000840000000, reserved size: 1073741824
Narrow klass base: 0x0000000800000000, Narrow klass shift: 0, Narrow klass range: 0x40000000

GC Precious Log:
<Skipped>

Heap:
 garbage-first heap   total 512000K, used 8194K [0x000000060cc00000, 0x0000000800000000)
  region size 4096K, 3 young (12288K), 0 survivors (0K)
 Metaspace       used 8693K, committed 8832K, reserved 1114112K
  class space    used 736K, committed 832K, reserved 1048576K

Heap Regions: E=young(eden), S=young(survivor), O=old, HS=humongous(starts), HC=humongous(continues), CS=collection set, F=free, OA=open archive, CA=closed archive, TAMS=top-at-mark-start (previous, next)
|   0|0x000000060cc00000, 0x000000060cc00000, 0x000000060d000000|  0%| F|  |TAMS 0x000000060cc00000, 0x000000060cc00000| Untracked 
|   1|0x000000060d000000, 0x000000060d000000, 0x000000060d400000|  0%| F|  |TAMS 0x000000060d000000, 0x000000060d000000| Untracked 
|   2|0x000000060d400000, 0x000000060d400000, 0x000000060d800000|  0%| F|  |TAMS 0x000000060d400000, 0x000000060d400000| Untracked 
|   3|0x000000060d800000, 0x000000060d800000, 0x000000060dc00000|  0%| F|  |TAMS 0x000000060d800000, 0x000000060d800000| Untracked 
|   4|0x000000060dc00000, 0x000000060dc00000, 0x000000060e000000|  0%| F|  |TAMS 0x000000060dc00000, 0x000000060dc00000| Untracked 
|   5|0x000000060e000000, 0x000000060e000000, 0x000000060e400000|  0%| F|  |TAMS 0x000000060e000000, 0x000000060e000000| Untracked 
|   6|0x000000060e400000, 0x000000060e400000, 0x000000060e800000|  0%| F|  |TAMS 0x000000060e400000, 0x000000060e400000| Untracked 
|   7|0x000000060e800000, 0x000000060e800000, 0x000000060ec00000|  0%| F|  |TAMS 0x000000060e800000, 0x000000060e800000| Untracked 
|   8|0x000000060ec00000, 0x000000060ec00000, 0x000000060f000000|  0%| F|  |TAMS 0x000000060ec00000, 0x000000060ec00000| Untracked 
|   9|0x000000060f000000, 0x000000060f000000, 0x000000060f400000|  0%| F|  |TAMS 0x000000060f000000, 0x000000060f000000| Untracked 
|  10|0x000000060f400000, 0x000000060f400000, 0x000000060f800000|  0%| F|  |TAMS 0x000000060f400000, 0x000000060f400000| Untracked 
|  11|0x000000060f800000, 0x000000060f800000, 0x000000060fc00000|  0%| F|  |TAMS 0x000000060f800000, 0x000000060f800000| Untracked 
|  12|0x000000060fc00000, 0x000000060fc00000, 0x0000000610000000|  0%| F|  |TAMS 0x000000060fc00000, 0x000000060fc00000| Untracked 
|  13|0x0000000610000000, 0x0000000610000000, 0x0000000610400000|  0%| F|  |TAMS 0x0000000610000000, 0x0000000610000000| Untracked 
|  14|0x0000000610400000, 0x0000000610400000, 0x0000000610800000|  0%| F|  |TAMS 0x0000000610400000, 0x0000000610400000| Untracked 
|  15|0x0000000610800000, 0x0000000610800000, 0x0000000610c00000|  0%| F|  |TAMS 0x0000000610800000, 0x0000000610800000| Untracked 
|  16|0x0000000610c00000, 0x0000000610c00000, 0x0000000611000000|  0%| F|  |TAMS 0x0000000610c00000, 0x0000000610c00000| Untracked 
|  17|0x0000000611000000, 0x0000000611000000, 0x0000000611400000|  0%| F|  |TAMS 0x0000000611000000, 0x0000000611000000| Untracked 
|  18|0x0000000611400000, 0x0000000611400000, 0x0000000611800000|  0%| F|  |TAMS 0x0000000611400000, 0x0000000611400000| Untracked 
|  19|0x0000000611800000, 0x0000000611800000, 0x0000000611c00000|  0%| F|  |TAMS 0x0000000611800000, 0x0000000611800000| Untracked 
|  20|0x0000000611c00000, 0x0000000611c00000, 0x0000000612000000|  0%| F|  |TAMS 0x0000000611c00000, 0x0000000611c00000| Untracked 
|  21|0x0000000612000000, 0x0000000612000000, 0x0000000612400000|  0%| F|  |TAMS 0x0000000612000000, 0x0000000612000000| Untracked 
|  22|0x0000000612400000, 0x0000000612400000, 0x0000000612800000|  0%| F|  |TAMS 0x0000000612400000, 0x0000000612400000| Untracked 
|  23|0x0000000612800000, 0x0000000612800000, 0x0000000612c00000|  0%| F|  |TAMS 0x0000000612800000, 0x0000000612800000| Untracked 
|  24|0x0000000612c00000, 0x0000000612c00000, 0x0000000613000000|  0%| F|  |TAMS 0x0000000612c00000, 0x0000000612c00000| Untracked 
|  25|0x0000000613000000, 0x0000000613000000, 0x0000000613400000|  0%| F|  |TAMS 0x0000000613000000, 0x0000000613000000| Untracked 
|  26|0x0000000613400000, 0x0000000613400000, 0x0000000613800000|  0%| F|  |TAMS 0x0000000613400000, 0x0000000613400000| Untracked 
|  27|0x0000000613800000, 0x0000000613800000, 0x0000000613c00000|  0%| F|  |TAMS 0x0000000613800000, 0x0000000613800000| Untracked 
|  28|0x0000000613c00000, 0x0000000613c00000, 0x0000000614000000|  0%| F|  |TAMS 0x0000000613c00000, 0x0000000613c00000| Untracked 
|  29|0x0000000614000000, 0x0000000614000000, 0x0000000614400000|  0%| F|  |TAMS 0x0000000614000000, 0x0000000614000000| Untracked 
|  30|0x0000000614400000, 0x0000000614400000, 0x0000000614800000|  0%| F|  |TAMS 0x0000000614400000, 0x0000000614400000| Untracked 
|  31|0x0000000614800000, 0x0000000614800000, 0x0000000614c00000|  0%| F|  |TAMS 0x0000000614800000, 0x0000000614800000| Untracked 
|  32|0x0000000614c00000, 0x0000000614c00000, 0x0000000615000000|  0%| F|  |TAMS 0x0000000614c00000, 0x0000000614c00000| Untracked 
|  33|0x0000000615000000, 0x0000000615000000, 0x0000000615400000|  0%| F|  |TAMS 0x0000000615000000, 0x0000000615000000| Untracked 
|  34|0x0000000615400000, 0x0000000615400000, 0x0000000615800000|  0%| F|  |TAMS 0x0000000615400000, 0x0000000615400000| Untracked 
|  35|0x0000000615800000, 0x0000000615800000, 0x0000000615c00000|  0%| F|  |TAMS 0x0000000615800000, 0x0000000615800000| Untracked 
|  36|0x0000000615c00000, 0x0000000615c00000, 0x0000000616000000|  0%| F|  |TAMS 0x0000000615c00000, 0x0000000615c00000| Untracked 
|  37|0x0000000616000000, 0x0000000616000000, 0x0000000616400000|  0%| F|  |TAMS 0x0000000616000000, 0x0000000616000000| Untracked 
|  38|0x0000000616400000, 0x0000000616400000, 0x0000000616800000|  0%| F|  |TAMS 0x0000000616400000, 0x0000000616400000| Untracked 
|  39|0x0000000616800000, 0x0000000616800000, 0x0000000616c00000|  0%| F|  |TAMS 0x0000000616800000, 0x0000000616800000| Untracked 
|  40|0x0000000616c00000, 0x0000000616c00000, 0x0000000617000000|  0%| F|  |TAMS 0x0000000616c00000, 0x0000000616c00000| Untracked 
|  41|0x0000000617000000, 0x0000000617000000, 0x0000000617400000|  0%| F|  |TAMS 0x0000000617000000, 0x0000000617000000| Untracked 
|  42|0x0000000617400000, 0x0000000617400000, 0x0000000617800000|  0%| F|  |TAMS 0x0000000617400000, 0x0000000617400000| Untracked 
|  43|0x0000000617800000, 0x0000000617800000, 0x0000000617c00000|  0%| F|  |TAMS 0x0000000617800000, 0x0000000617800000| Untracked 
|  44|0x0000000617c00000, 0x0000000617c00000, 0x0000000618000000|  0%| F|  |TAMS 0x0000000617c00000, 0x0000000617c00000| Untracked 
|  45|0x0000000618000000, 0x0000000618000000, 0x0000000618400000|  0%| F|  |TAMS 0x0000000618000000, 0x0000000618000000| Untracked 
|  46|0x0000000618400000, 0x0000000618400000, 0x0000000618800000|  0%| F|  |TAMS 0x0000000618400000, 0x0000000618400000| Untracked 
|  47|0x0000000618800000, 0x0000000618800000, 0x0000000618c00000|  0%| F|  |TAMS 0x0000000618800000, 0x0000000618800000| Untracked 
|  48|0x0000000618c00000, 0x0000000618c00000, 0x0000000619000000|  0%| F|  |TAMS 0x0000000618c00000, 0x0000000618c00000| Untracked 
|  49|0x0000000619000000, 0x0000000619000000, 0x0000000619400000|  0%| F|  |TAMS 0x0000000619000000, 0x0000000619000000| Untracked 
|  50|0x0000000619400000, 0x0000000619400000, 0x0000000619800000|  0%| F|  |TAMS 0x0000000619400000, 0x0000000619400000| Untracked 
|  51|0x0000000619800000, 0x0000000619800000, 0x0000000619c00000|  0%| F|  |TAMS 0x0000000619800000, 0x0000000619800000| Untracked 
|  52|0x0000000619c00000, 0x0000000619c00000, 0x000000061a000000|  0%| F|  |TAMS 0x0000000619c00000, 0x0000000619c00000| Untracked 
|  53|0x000000061a000000, 0x000000061a000000, 0x000000061a400000|  0%| F|  |TAMS 0x000000061a000000, 0x000000061a000000| Untracked 
|  54|0x000000061a400000, 0x000000061a400000, 0x000000061a800000|  0%| F|  |TAMS 0x000000061a400000, 0x000000061a400000| Untracked 
|  55|0x000000061a800000, 0x000000061a800000, 0x000000061ac00000|  0%| F|  |TAMS 0x000000061a800000, 0x000000061a800000| Untracked 
|  56|0x000000061ac00000, 0x000000061ac00000, 0x000000061b000000|  0%| F|  |TAMS 0x000000061ac00000, 0x000000061ac00000| Untracked 
|  57|0x000000061b000000, 0x000000061b000000, 0x000000061b400000|  0%| F|  |TAMS 0x000000061b000000, 0x000000061b000000| Untracked 
|  58|0x000000061b400000, 0x000000061b400000, 0x000000061b800000|  0%| F|  |TAMS 0x000000061b400000, 0x000000061b400000| Untracked 
|  59|0x000000061b800000, 0x000000061b800000, 0x000000061bc00000|  0%| F|  |TAMS 0x000000061b800000, 0x000000061b800000| Untracked 
|  60|0x000000061bc00000, 0x000000061bc00000, 0x000000061c000000|  0%| F|  |TAMS 0x000000061bc00000, 0x000000061bc00000| Untracked 
|  61|0x000000061c000000, 0x000000061c000000, 0x000000061c400000|  0%| F|  |TAMS 0x000000061c000000, 0x000000061c000000| Untracked 
|  62|0x000000061c400000, 0x000000061c400000, 0x000000061c800000|  0%| F|  |TAMS 0x000000061c400000, 0x000000061c400000| Untracked 
|  63|0x000000061c800000, 0x000000061c800000, 0x000000061cc00000|  0%| F|  |TAMS 0x000000061c800000, 0x000000061c800000| Untracked 
|  64|0x000000061cc00000, 0x000000061cc00000, 0x000000061d000000|  0%| F|  |TAMS 0x000000061cc00000, 0x000000061cc00000| Untracked 
|  65|0x000000061d000000, 0x000000061d000000, 0x000000061d400000|  0%| F|  |TAMS 0x000000061d000000, 0x000000061d000000| Untracked 
|  66|0x000000061d400000, 0x000000061d400000, 0x000000061d800000|  0%| F|  |TAMS 0x000000061d400000, 0x000000061d400000| Untracked 
|  67|0x000000061d800000, 0x000000061d800000, 0x000000061dc00000|  0%| F|  |TAMS 0x000000061d800000, 0x000000061d800000| Untracked 
|  68|0x000000061dc00000, 0x000000061dc00000, 0x000000061e000000|  0%| F|  |TAMS 0x000000061dc00000, 0x000000061dc00000| Untracked 
|  69|0x000000061e000000, 0x000000061e000000, 0x000000061e400000|  0%| F|  |TAMS 0x000000061e000000, 0x000000061e000000| Untracked 
|  70|0x000000061e400000, 0x000000061e400000, 0x000000061e800000|  0%| F|  |TAMS 0x000000061e400000, 0x000000061e400000| Untracked 
|  71|0x000000061e800000, 0x000000061e800000, 0x000000061ec00000|  0%| F|  |TAMS 0x000000061e800000, 0x000000061e800000| Untracked 
|  72|0x000000061ec00000, 0x000000061ec00000, 0x000000061f000000|  0%| F|  |TAMS 0x000000061ec00000, 0x000000061ec00000| Untracked 
|  73|0x000000061f000000, 0x000000061f000000, 0x000000061f400000|  0%| F|  |TAMS 0x000000061f000000, 0x000000061f000000| Untracked 
|  74|0x000000061f400000, 0x000000061f400000, 0x000000061f800000|  0%| F|  |TAMS 0x000000061f400000, 0x000000061f400000| Untracked 
|  75|0x000000061f800000, 0x000000061f800000, 0x000000061fc00000|  0%| F|  |TAMS 0x000000061f800000, 0x000000061f800000| Untracked 
|  76|0x000000061fc00000, 0x000000061fc00000, 0x0000000620000000|  0%| F|  |TAMS 0x000000061fc00000, 0x000000061fc00000| Untracked 
|  77|0x0000000620000000, 0x0000000620000000, 0x0000000620400000|  0%| F|  |TAMS 0x0000000620000000, 0x0000000620000000| Untracked 
|  78|0x0000000620400000, 0x0000000620400000, 0x0000000620800000|  0%| F|  |TAMS 0x0000000620400000, 0x0000000620400000| Untracked 
|  79|0x0000000620800000, 0x0000000620800000, 0x0000000620c00000|  0%| F|  |TAMS 0x0000000620800000, 0x0000000620800000| Untracked 
|  80|0x0000000620c00000, 0x0000000620c00000, 0x0000000621000000|  0%| F|  |TAMS 0x0000000620c00000, 0x0000000620c00000| Untracked 
|  81|0x0000000621000000, 0x0000000621000000, 0x0000000621400000|  0%| F|  |TAMS 0x0000000621000000, 0x0000000621000000| Untracked 
|  82|0x0000000621400000, 0x0000000621400000, 0x0000000621800000|  0%| F|  |TAMS 0x0000000621400000, 0x0000000621400000| Untracked 
|  83|0x0000000621800000, 0x0000000621800000, 0x0000000621c00000|  0%| F|  |TAMS 0x0000000621800000, 0x0000000621800000| Untracked 
|  84|0x0000000621c00000, 0x0000000621c00000, 0x0000000622000000|  0%| F|  |TAMS 0x0000000621c00000, 0x0000000621c00000| Untracked 
|  85|0x0000000622000000, 0x0000000622000000, 0x0000000622400000|  0%| F|  |TAMS 0x0000000622000000, 0x0000000622000000| Untracked 
|  86|0x0000000622400000, 0x0000000622400000, 0x0000000622800000|  0%| F|  |TAMS 0x0000000622400000, 0x0000000622400000| Untracked 
|  87|0x0000000622800000, 0x0000000622800000, 0x0000000622c00000|  0%| F|  |TAMS 0x0000000622800000, 0x0000000622800000| Untracked 
|  88|0x0000000622c00000, 0x0000000622c00000, 0x0000000623000000|  0%| F|  |TAMS 0x0000000622c00000, 0x0000000622c00000| Untracked 
|  89|0x0000000623000000, 0x0000000623000000, 0x0000000623400000|  0%| F|  |TAMS 0x0000000623000000, 0x0000000623000000| Untracked 
|  90|0x0000000623400000, 0x0000000623400000, 0x0000000623800000|  0%| F|  |TAMS 0x0000000623400000, 0x0000000623400000| Untracked 
|  91|0x0000000623800000, 0x0000000623800000, 0x0000000623c00000|  0%| F|  |TAMS 0x0000000623800000, 0x0000000623800000| Untracked 
|  92|0x0000000623c00000, 0x0000000623c00000, 0x0000000624000000|  0%| F|  |TAMS 0x0000000623c00000, 0x0000000623c00000| Untracked 
|  93|0x0000000624000000, 0x0000000624000000, 0x0000000624400000|  0%| F|  |TAMS 0x0000000624000000, 0x0000000624000000| Untracked 
|  94|0x0000000624400000, 0x0000000624400000, 0x0000000624800000|  0%| F|  |TAMS 0x0000000624400000, 0x0000000624400000| Untracked 
|  95|0x0000000624800000, 0x0000000624800000, 0x0000000624c00000|  0%| F|  |TAMS 0x0000000624800000, 0x0000000624800000| Untracked 
|  96|0x0000000624c00000, 0x0000000624c00000, 0x0000000625000000|  0%| F|  |TAMS 0x0000000624c00000, 0x0000000624c00000| Untracked 
|  97|0x0000000625000000, 0x0000000625000000, 0x0000000625400000|  0%| F|  |TAMS 0x0000000625000000, 0x0000000625000000| Untracked 
|  98|0x0000000625400000, 0x0000000625400000, 0x0000000625800000|  0%| F|  |TAMS 0x0000000625400000, 0x0000000625400000| Untracked 
|  99|0x0000000625800000, 0x0000000625800000, 0x0000000625c00000|  0%| F|  |TAMS 0x0000000625800000, 0x0000000625800000| Untracked 
| 100|0x0000000625c00000, 0x0000000625c00000, 0x0000000626000000|  0%| F|  |TAMS 0x0000000625c00000, 0x0000000625c00000| Untracked 
| 101|0x0000000626000000, 0x0000000626000000, 0x0000000626400000|  0%| F|  |TAMS 0x0000000626000000, 0x0000000626000000| Untracked 
| 102|0x0000000626400000, 0x0000000626400000, 0x0000000626800000|  0%| F|  |TAMS 0x0000000626400000, 0x0000000626400000| Untracked 
| 103|0x0000000626800000, 0x0000000626800000, 0x0000000626c00000|  0%| F|  |TAMS 0x0000000626800000, 0x0000000626800000| Untracked 
| 104|0x0000000626c00000, 0x0000000626c00000, 0x0000000627000000|  0%| F|  |TAMS 0x0000000626c00000, 0x0000000626c00000| Untracked 
| 105|0x0000000627000000, 0x0000000627000000, 0x0000000627400000|  0%| F|  |TAMS 0x0000000627000000, 0x0000000627000000| Untracked 
| 106|0x0000000627400000, 0x0000000627400000, 0x0000000627800000|  0%| F|  |TAMS 0x0000000627400000, 0x0000000627400000| Untracked 
| 107|0x0000000627800000, 0x0000000627800000, 0x0000000627c00000|  0%| F|  |TAMS 0x0000000627800000, 0x0000000627800000| Untracked 
| 108|0x0000000627c00000, 0x0000000627c00000, 0x0000000628000000|  0%| F|  |TAMS 0x0000000627c00000, 0x0000000627c00000| Untracked 
| 109|0x0000000628000000, 0x0000000628000000, 0x0000000628400000|  0%| F|  |TAMS 0x0000000628000000, 0x0000000628000000| Untracked 
| 110|0x0000000628400000, 0x0000000628400000, 0x0000000628800000|  0%| F|  |TAMS 0x0000000628400000, 0x0000000628400000| Untracked 
| 111|0x0000000628800000, 0x0000000628800000, 0x0000000628c00000|  0%| F|  |TAMS 0x0000000628800000, 0x0000000628800000| Untracked 
| 112|0x0000000628c00000, 0x0000000628c00000, 0x0000000629000000|  0%| F|  |TAMS 0x0000000628c00000, 0x0000000628c00000| Untracked 
| 113|0x0000000629000000, 0x0000000629000000, 0x0000000629400000|  0%| F|  |TAMS 0x0000000629000000, 0x0000000629000000| Untracked 
| 114|0x0000000629400000, 0x0000000629400000, 0x0000000629800000|  0%| F|  |TAMS 0x0000000629400000, 0x0000000629400000| Untracked 
| 115|0x0000000629800000, 0x0000000629800000, 0x0000000629c00000|  0%| F|  |TAMS 0x0000000629800000, 0x0000000629800000| Untracked 
| 116|0x0000000629c00000, 0x0000000629c00000, 0x000000062a000000|  0%| F|  |TAMS 0x0000000629c00000, 0x0000000629c00000| Untracked 
| 117|0x000000062a000000, 0x000000062a000000, 0x000000062a400000|  0%| F|  |TAMS 0x000000062a000000, 0x000000062a000000| Untracked 
| 118|0x000000062a400000, 0x000000062a400000, 0x000000062a800000|  0%| F|  |TAMS 0x000000062a400000, 0x000000062a400000| Untracked 
| 119|0x000000062a800000, 0x000000062a800000, 0x000000062ac00000|  0%| F|  |TAMS 0x000000062a800000, 0x000000062a800000| Untracked 
| 120|0x000000062ac00000, 0x000000062ac00000, 0x000000062b000000|  0%| F|  |TAMS 0x000000062ac00000, 0x000000062ac00000| Untracked 
| 121|0x000000062b000000, 0x000000062b000000, 0x000000062b400000|  0%| F|  |TAMS 0x000000062b000000, 0x000000062b000000| Untracked 
| 122|0x000000062b400000, 0x000000062b400800, 0x000000062b800000|  0%| E|  |TAMS 0x000000062b400000, 0x000000062b400000| Complete 
| 123|0x000000062b800000, 0x000000062bc00000, 0x000000062bc00000|100%| E|CS|TAMS 0x000000062b800000, 0x000000062b800000| Complete 
| 124|0x000000062bc00000, 0x000000062c000000, 0x000000062c000000|100%| E|CS|TAMS 0x000000062bc00000, 0x000000062bc00000| Complete 

Card table byte_map: [0x00007f9a26481000,0x00007f9a2741b000] _byte_map_base: 0x00007f9a2341b000

Marking Bits (Prev, Next): (CMBitMap*) 0x00007f9a38056a40, (CMBitMap*) 0x00007f9a38056a80
 Prev Bits: [0x00007f9a1d817000, 0x00007f9a254e7000)
 Next Bits: [0x00007f9a15b47000, 0x00007f9a1d817000)

Polling page: 0x00007f9a40e99000

Metaspace:

Usage:
  Non-class:      7.77 MB used.
      Class:    736.30 KB used.
       Both:      8.49 MB used.

Virtual space:
  Non-class space:       64.00 MB reserved,       7.81 MB ( 12%) committed,  1 nodes.
      Class space:        1.00 GB reserved,     832.00 KB ( <1%) committed,  1 nodes.
             Both:        1.06 GB reserved,       8.62 MB ( <1%) committed. 

Chunk freelists:
   Non-Class:  7.70 MB
       Class:  15.17 MB
        Both:  22.88 MB

MaxMetaspaceSize: unlimited
CompressedClassSpaceSize: 1.00 GB
Initial GC threshold: 21.00 MB
Current GC threshold: 21.00 MB
CDS: off
MetaspaceReclaimPolicy: balanced
 - commit_granule_bytes: 65536.
 - commit_granule_words: 8192.
 - virtual_space_node_default_size: 8388608.
 - enlarge_chunks_in_place: 1.
 - new_chunks_are_fully_committed: 0.
 - uncommit_free_chunks: 1.
 - use_allocation_guard: 0.
 - handle_deallocations: 1.


Internal statistics:

num_allocs_failed_limit: 0.
num_arena_births: 64.
num_arena_deaths: 0.
num_vsnodes_births: 2.
num_vsnodes_deaths: 0.
num_space_committed: 136.
num_space_uncommitted: 0.
num_chunks_returned_to_freelist: 0.
num_chunks_taken_from_freelist: 151.
num_chunk_merges: 0.
num_chunk_splits: 94.
num_chunks_enlarged: 61.
num_inconsistent_stats: 0.

CodeHeap 'non-profiled nmethods': size=119168Kb used=178Kb max_used=178Kb free=118989Kb
 bounds [0x00007f9a30ba0000, 0x00007f9a30e10000, 0x00007f9a38000000]
CodeHeap 'profiled nmethods': size=119164Kb used=993Kb max_used=993Kb free=118170Kb
 bounds [0x00007f9a29000000, 0x00007f9a29270000, 0x00007f9a3045f000]
CodeHeap 'non-nmethods': size=7428Kb used=1571Kb max_used=2699Kb free=5856Kb
 bounds [0x00007f9a3045f000, 0x00007f9a3070f000, 0x00007f9a30ba0000]
 total_blobs=1641 nmethods=641 adapters=914
 compilation: enabled
              stopped_count=0, restarted_count=0
 full_count=0

Compilation events (20 events):
Event: 0.553 Thread 0x00007f9a38207750  628       1       org.lwjgl.system.CustomBuffer::limit (5 bytes)
Event: 0.553 Thread 0x00007f9a38207750 nmethod 628 0x00007f9a30bcaa10 code [0x00007f9a30bcaba0, 0x00007f9a30bcac70]
Event: 0.553 Thread 0x00007f9a38206220  629       4       org.lwjgl.PointerBuffer::get (22 bytes)
Event: 0.554 Thread 0x00007f9a38206220 nmethod 629 0x00007f9a30bcad10 code [0x00007f9a30bcaea0, 0x00007f9a30bcaf78]
Event: 0.769 Thread 0x00007f9a38207750  632       3       org.lwjgl.glfw.GLFW::glfwWindowShouldClose (29 bytes)
Event: 0.769 Thread 0x00007f99d4065d60  634       3       org.lwjgl.opengl.GL11::glClear (5 bytes)
Event: 0.769 Thread 0x00007f99d4064c10  636       3       org.lwjgl.glfw.GLFW::glfwSwapBuffers (21 bytes)
Event: 0.769 Thread 0x00007f99d4065d60 nmethod 634 0x00007f9a290f7290 code [0x00007f9a290f7440, 0x00007f9a290f7540]
Event: 0.769 Thread 0x00007f9a38207750 nmethod 632 0x00007f9a290f7610 code [0x00007f9a290f77e0, 0x00007f9a290f7ad0]
Event: 0.769 Thread 0x00007f99d4064c10 nmethod 636 0x00007f9a290f7c10 code [0x00007f9a290f7de0, 0x00007f9a290f8070]
Event: 0.770 Thread 0x00007f99d4064c10  637       3       org.lwjgl.glfw.GLFW::glfwPollEvents (9 bytes)
Event: 0.770 Thread 0x00007f99d4064c10 nmethod 637 0x00007f9a290f8190 code [0x00007f9a290f8340, 0x00007f9a290f8460]
Event: 4.926 Thread 0x00007f9a38206220  638       4       org.lwjgl.glfw.GLFW::glfwWindowShouldClose (29 bytes)
Event: 4.926 Thread 0x00007f9a38206220 nmethod 638 0x00007f9a30bcbf10 code [0x00007f9a30bcc0a0, 0x00007f9a30bcc168]
Event: 4.926 Thread 0x00007f9a38206220  639       4       org.lwjgl.glfw.GLFW::glfwSwapBuffers (21 bytes)
Event: 4.926 Thread 0x00007f9a38206220 nmethod 639 0x00007f9a30bcc290 code [0x00007f9a30bcc420, 0x00007f9a30bcc4c8]
Event: 4.926 Thread 0x00007f9a38206220  640       4       org.lwjgl.glfw.GLFW::glfwPollEvents (9 bytes)
Event: 4.927 Thread 0x00007f9a38206220 nmethod 640 0x00007f9a30bcc590 code [0x00007f9a30bcc720, 0x00007f9a30bcc7a8]
Event: 5.799 Thread 0x00007f9a38206220  641       4       org.lwjgl.opengl.GL11::glClear (5 bytes)
Event: 5.799 Thread 0x00007f9a38206220 nmethod 641 0x00007f9a30bcc890 code [0x00007f9a30bcca20, 0x00007f9a30bccaa8]

GC Heap History (0 events):
No events

Dll operation events (7 events):
Event: 0.001 Loaded shared library /root/.vscode-server/extensions/redhat.java-1.20.0-linux-x64/jre/17.0.7-linux-x86_64/lib/libjava.so
Event: 0.062 Loaded shared library /root/.vscode-server/extensions/redhat.java-1.20.0-linux-x64/jre/17.0.7-linux-x86_64/lib/libnio.so
Event: 0.069 Loaded shared library /root/.vscode-server/extensions/redhat.java-1.20.0-linux-x64/jre/17.0.7-linux-x86_64/lib/libzip.so
Event: 0.123 Loaded shared library /root/.vscode-server/extensions/redhat.java-1.20.0-linux-x64/jre/17.0.7-linux-x86_64/lib/libjimage.so
Event: 0.131 Loaded shared library /root/.vscode-server/extensions/redhat.java-1.20.0-linux-x64/jre/17.0.7-linux-x86_64/lib/libnet.so
Event: 0.138 Loaded shared library /tmp/lwjgl_root/3.3.2+13/x64/liblwjgl.so
Event: 0.508 Loaded shared library /tmp/lwjgl_root/3.3.2+13/x64/liblwjgl_opengl.so

Deoptimization events (20 events):
Event: 0.206 Thread 0x00007f9a380260d0 DEOPT PACKING pc=0x00007f9a29083f72 sp=0x00007f9a3f7a0850
Event: 0.206 Thread 0x00007f9a380260d0 DEOPT UNPACKING pc=0x00007f9a304b5e2f sp=0x00007f9a3f79fce8 mode 0
Event: 0.206 Thread 0x00007f9a380260d0 DEOPT PACKING pc=0x00007f9a29083f72 sp=0x00007f9a3f7a0850
Event: 0.206 Thread 0x00007f9a380260d0 DEOPT UNPACKING pc=0x00007f9a304b5e2f sp=0x00007f9a3f79fce8 mode 0
Event: 0.206 Thread 0x00007f9a380260d0 DEOPT PACKING pc=0x00007f9a29083f72 sp=0x00007f9a3f7a0850
Event: 0.206 Thread 0x00007f9a380260d0 DEOPT UNPACKING pc=0x00007f9a304b5e2f sp=0x00007f9a3f79fce8 mode 0
Event: 0.206 Thread 0x00007f9a380260d0 DEOPT PACKING pc=0x00007f9a29083f72 sp=0x00007f9a3f7a0850
Event: 0.206 Thread 0x00007f9a380260d0 DEOPT UNPACKING pc=0x00007f9a304b5e2f sp=0x00007f9a3f79fce8 mode 0
Event: 0.206 Thread 0x00007f9a380260d0 DEOPT PACKING pc=0x00007f9a29083f72 sp=0x00007f9a3f7a0850
Event: 0.206 Thread 0x00007f9a380260d0 DEOPT UNPACKING pc=0x00007f9a304b5e2f sp=0x00007f9a3f79fce8 mode 0
Event: 0.207 Thread 0x00007f9a380260d0 DEOPT PACKING pc=0x00007f9a29083f72 sp=0x00007f9a3f7a0850
Event: 0.207 Thread 0x00007f9a380260d0 DEOPT UNPACKING pc=0x00007f9a304b5e2f sp=0x00007f9a3f79fce8 mode 0
Event: 0.533 Thread 0x00007f9a380260d0 Uncommon trap: trap_request=0xffffff54 fr.pc=0x00007f9a30bc9680 relative=0x0000000000000060
Event: 0.533 Thread 0x00007f9a380260d0 Uncommon trap: reason=speculate_null_assert action=make_not_entrant pc=0x00007f9a30bc9680 method=sun.misc.Unsafe.putLong(Ljava/lang/Object;JJ)V @ 7 c2
Event: 0.533 Thread 0x00007f9a380260d0 DEOPT PACKING pc=0x00007f9a30bc9680 sp=0x00007f9a3f7a1480
Event: 0.533 Thread 0x00007f9a380260d0 DEOPT UNPACKING pc=0x00007f9a304b5699 sp=0x00007f9a3f7a1418 mode 2
Event: 17.101 Thread 0x00007f9a380260d0 Uncommon trap: trap_request=0xffffff45 fr.pc=0x00007f9a30bcc10c relative=0x000000000000006c
Event: 17.101 Thread 0x00007f9a380260d0 Uncommon trap: reason=unstable_if action=reinterpret pc=0x00007f9a30bcc10c method=org.lwjgl.glfw.GLFW.glfwWindowShouldClose(J)Z @ 20 c2
Event: 17.101 Thread 0x00007f9a380260d0 DEOPT PACKING pc=0x00007f9a30bcc10c sp=0x00007f9a3f7a18c0
Event: 17.102 Thread 0x00007f9a380260d0 DEOPT UNPACKING pc=0x00007f9a304b5699 sp=0x00007f9a3f7a1870 mode 2

Classes unloaded (0 events):
No events

Classes redefined (0 events):
No events

Internal exceptions (16 events):
Event: 0.101 Thread 0x00007f9a380260d0 Exception <a 'java/lang/NoSuchMethodError'{0x000000062bec6d78}: 'java.lang.Object java.lang.invoke.DirectMethodHandle$Holder.invokeStaticInit(java.lang.Object)'> (0x000000062bec6d78) 
thrown [src/hotspot/share/interpreter/linkResolver.cpp, line 758]
Event: 0.112 Thread 0x00007f9a380260d0 Exception <a 'java/lang/NoSuchMethodError'{0x000000062bf13618}: 'void java.lang.invoke.DirectMethodHandle$Holder.invokeStatic(java.lang.Object, java.lang.Object)'> (0x000000062bf13618) 
thrown [src/hotspot/share/interpreter/linkResolver.cpp, line 758]
Event: 0.113 Thread 0x00007f9a380260d0 Exception <a 'java/lang/NoSuchMethodError'{0x000000062bf18e60}: 'void java.lang.invoke.DirectMethodHandle$Holder.invokeSpecial(java.lang.Object, java.lang.Object, java.lang.Object)'> (0x000000062bf18e60) 
thrown [src/hotspot/share/interpreter/linkResolver.cpp, line 758]
Event: 0.115 Thread 0x00007f9a380260d0 Exception <a 'java/lang/NoSuchMethodError'{0x000000062bf2c1c0}: 'java.lang.Object java.lang.invoke.DirectMethodHandle$Holder.invokeStatic(java.lang.Object, java.lang.Object, int)'> (0x000000062bf2c1c0) 
thrown [src/hotspot/share/interpreter/linkResolver.cpp, line 758]
Event: 0.116 Thread 0x00007f9a380260d0 Exception <a 'java/lang/NoSuchMethodError'{0x000000062bf37f30}: 'void java.lang.invoke.DelegatingMethodHandle$Holder.delegate(java.lang.Object, java.lang.Object, int, java.lang.Object)'> (0x000000062bf37f30) 
thrown [src/hotspot/share/interpreter/linkResolver.cpp, line 758]
Event: 0.117 Thread 0x00007f9a380260d0 Exception <a 'java/lang/NoSuchMethodError'{0x000000062bf3c170}: 'int java.lang.invoke.DirectMethodHandle$Holder.invokeSpecial(java.lang.Object, java.lang.Object, java.lang.Object)'> (0x000000062bf3c170) 
thrown [src/hotspot/share/interpreter/linkResolver.cpp, line 758]
Event: 0.137 Thread 0x00007f9a380260d0 Exception <a 'sun/nio/fs/UnixException'{0x000000062b83d9f8}> (0x000000062b83d9f8) 
thrown [src/hotspot/share/prims/jni.cpp, line 516]
Event: 0.178 Thread 0x00007f9a380260d0 Exception <a 'java/lang/NoSuchMethodError'{0x000000062b910f70}: 'int java.lang.invoke.DirectMethodHandle$Holder.invokeStaticInit(java.lang.Object, java.lang.Object, int, long)'> (0x000000062b910f70) 
thrown [src/hotspot/share/interpreter/linkResolver.cpp, line 758]
Event: 0.179 Thread 0x00007f9a380260d0 Exception <a 'java/lang/NoSuchMethodError'{0x000000062b916838}: 'java.lang.Object java.lang.invoke.DirectMethodHandle$Holder.newInvokeSpecial(java.lang.Object, java.lang.Object, int)'> (0x000000062b916838) 
thrown [src/hotspot/share/interpreter/linkResolver.cpp, line 758]
Event: 0.181 Thread 0x00007f9a380260d0 Exception <a 'java/lang/NoSuchMethodError'{0x000000062b925350}: 'int java.lang.invoke.DirectMethodHandle$Holder.invokeStaticInit(java.lang.Object, java.lang.Object, long, long)'> (0x000000062b925350) 
thrown [src/hotspot/share/interpreter/linkResolver.cpp, line 758]
Event: 0.181 Thread 0x00007f9a380260d0 Exception <a 'java/lang/NoSuchMethodError'{0x000000062b92b460}: 'java.lang.Object java.lang.invoke.DirectMethodHandle$Holder.newInvokeSpecial(java.lang.Object, java.lang.Object, long)'> (0x000000062b92b460) 
thrown [src/hotspot/share/interpreter/linkResolver.cpp, line 758]
Event: 0.182 Thread 0x00007f9a380260d0 Exception <a 'java/lang/NoSuchMethodError'{0x000000062b92f4a8}: 'java.lang.Object java.lang.invoke.Invokers$Holder.linkToTargetMethod(java.lang.Object, long, java.lang.Object)'> (0x000000062b92f4a8) 
thrown [src/hotspot/share/interpreter/linkResolver.cpp, line 758]
Event: 0.183 Thread 0x00007f9a380260d0 Exception <a 'java/lang/NoSuchMethodError'{0x000000062b936bc0}: 'int java.lang.invoke.DirectMethodHandle$Holder.invokeStaticInit(java.lang.Object, java.lang.Object, java.lang.Object, long)'> (0x000000062b936bc0) 
thrown [src/hotspot/share/interpreter/linkResolver.cpp, line 758]
Event: 0.199 Thread 0x00007f9a380260d0 Exception <a 'sun/nio/fs/UnixException'{0x000000062b9db1d0}> (0x000000062b9db1d0) 
thrown [src/hotspot/share/prims/jni.cpp, line 516]
Event: 0.508 Thread 0x00007f9a380260d0 Exception <a 'sun/nio/fs/UnixException'{0x000000062ba635f0}> (0x000000062ba635f0) 
thrown [src/hotspot/share/prims/jni.cpp, line 516]
Event: 0.511 Thread 0x00007f9a380260d0 Exception <a 'sun/nio/fs/UnixException'{0x000000062ba6c388}> (0x000000062ba6c388) 
thrown [src/hotspot/share/prims/jni.cpp, line 516]

VM Operations (4 events):
Event: 0.070 Executing VM operation: HandshakeAllThreads
Event: 0.070 Executing VM operation: HandshakeAllThreads done
Event: 1.070 Executing VM operation: Cleanup
Event: 1.070 Executing VM operation: Cleanup done

Events (20 events):
Event: 0.207 loading class jdk/internal/reflect/UnsafeQualifiedStaticIntegerFieldAccessorImpl done
Event: 0.499 Thread 0x00007f99d41f4160 Thread exited: 0x00007f99d41f4160
Event: 0.507 loading class jdk/internal/misc/ScopedMemoryAccess$Scope
Event: 0.508 loading class jdk/internal/misc/ScopedMemoryAccess$Scope done
Event: 0.532 loading class java/util/function/IntFunction
Event: 0.532 loading class java/util/function/IntFunction done
Event: 4.926 Thread 0x00007f99d4065d60 Thread exited: 0x00007f99d4065d60
Event: 4.926 Thread 0x00007f99d4064c10 Thread exited: 0x00007f99d4064c10
Event: 17.102 loading class java/util/IdentityHashMap$KeyIterator
Event: 17.103 loading class java/util/IdentityHashMap$IdentityHashMapIterator
Event: 17.103 loading class java/util/IdentityHashMap$IdentityHashMapIterator done
Event: 17.103 loading class java/util/IdentityHashMap$KeyIterator done
Event: 17.103 Thread 0x00007f9a380260d0 Thread exited: 0x00007f9a380260d0
Event: 17.103 Protecting memory [0x00007f9a3f6a2000,0x00007f9a3f6a6000] with protection modes 0
Event: 17.103 Thread 0x00007f9a380260d0 Thread added: 0x00007f9a380260d0
Event: 17.103 loading class java/lang/Shutdown
Event: 17.103 loading class java/lang/Shutdown done
Event: 17.103 loading class java/lang/Shutdown$Lock
Event: 17.103 loading class java/lang/Shutdown$Lock done
Event: 17.104 Thread 0x00007f9a380260d0 Thread exited: 0x00007f9a380260d0


Dynamic libraries:
60cc00000-62c000000 rw-p 00000000 00:00 0 
62c000000-800000000 ---p 00000000 00:00 0 
800000000-800020000 rw-p 00000000 00:00 0 
800020000-800040000 rw-p 00000000 00:00 0 
800040000-8000b0000 rw-p 00000000 00:00 0 
8000b0000-8000c0000 ---p 00000000 00:00 0 
8000c0000-8000e0000 rw-p 00000000 00:00 0 
8000e0000-840000000 ---p 00000000 00:00 0 
5636ea69d000-5636ea69e000 r--p 00000000 08:20 32241                      /root/.vscode-server/extensions/redhat.java-1.20.0-linux-x64/jre/17.0.7-linux-x86_64/bin/java
5636ea69e000-5636ea69f000 r-xp 00001000 08:20 32241                      /root/.vscode-server/extensions/redhat.java-1.20.0-linux-x64/jre/17.0.7-linux-x86_64/bin/java
5636ea69f000-5636ea6a0000 r--p 00002000 08:20 32241                      /root/.vscode-server/extensions/redhat.java-1.20.0-linux-x64/jre/17.0.7-linux-x86_64/bin/java
5636ea6a0000-5636ea6a1000 r--p 00002000 08:20 32241                      /root/.vscode-server/extensions/redhat.java-1.20.0-linux-x64/jre/17.0.7-linux-x86_64/bin/java
5636ea6a1000-5636ea6a2000 rw-p 00003000 08:20 32241                      /root/.vscode-server/extensions/redhat.java-1.20.0-linux-x64/jre/17.0.7-linux-x86_64/bin/java
5636eb3f8000-5636eb440000 rw-p 00000000 00:00 0                          [heap]
7f99a0000000-7f99a0021000 rw-p 00000000 00:00 0 
7f99a0021000-7f99a4000000 ---p 00000000 00:00 0 
7f99a710b000-7f99a714e000 r--p 00000000 08:20 3647                       /usr/lib/x86_64-linux-gnu/libGL.so.1.7.0
7f99a714e000-7f99a716e000 r-xp 00043000 08:20 3647                       /usr/lib/x86_64-linux-gnu/libGL.so.1.7.0
7f99a716e000-7f99a7183000 r--p 00063000 08:20 3647                       /usr/lib/x86_64-linux-gnu/libGL.so.1.7.0
7f99a7183000-7f99a7191000 r--p 00077000 08:20 3647                       /usr/lib/x86_64-linux-gnu/libGL.so.1.7.0
7f99a7191000-7f99a7192000 rw-p 00085000 08:20 3647                       /usr/lib/x86_64-linux-gnu/libGL.so.1.7.0
7f99a7192000-7f99a7193000 rw-p 00000000 00:00 0 
7f99a719f000-7f99a71d2000 r--p 00000000 08:20 444491                     /tmp/lwjgl_root/3.3.2+13/x64/liblwjgl_opengl.so
7f99a71d2000-7f99a71e6000 r-xp 00033000 08:20 444491                     /tmp/lwjgl_root/3.3.2+13/x64/liblwjgl_opengl.so
7f99a71e6000-7f99a71f6000 r--p 00047000 08:20 444491                     /tmp/lwjgl_root/3.3.2+13/x64/liblwjgl_opengl.so
7f99a71f6000-7f99a71f7000 r--p 00056000 08:20 444491                     /tmp/lwjgl_root/3.3.2+13/x64/liblwjgl_opengl.so
7f99a71f7000-7f99a71f8000 rw-p 00057000 08:20 444491                     /tmp/lwjgl_root/3.3.2+13/x64/liblwjgl_opengl.so
7f99a7376000-7f99a73d0000 rw-s 00000000 00:01 3                          /SYSV00000000 (deleted)
7f99a8000000-7f99a802a000 rw-p 00000000 00:00 0 
7f99a802a000-7f99ac000000 ---p 00000000 00:00 0 
7f99ac009000-7f99ac00a000 rwxp 00000000 00:00 0 
7f99ac472000-7f99ac473000 ---p 00000000 00:00 0 
7f99ac473000-7f99acc73000 rw-p 00000000 00:00 0 
7f99acc73000-7f99acc74000 ---p 00000000 00:00 0 
7f99acc74000-7f99ad474000 rw-p 00000000 00:00 0 
7f99ad474000-7f99ad475000 ---p 00000000 00:00 0 
7f99ad475000-7f99adc75000 rw-p 00000000 00:00 0 
7f99adc75000-7f99adc76000 ---p 00000000 00:00 0 
7f99adc76000-7f99ae476000 rw-p 00000000 00:00 0 
7f99ae9ee000-7f99ae9ef000 ---p 00000000 00:00 0 
7f99ae9ef000-7f99af1ef000 rw-p 00000000 00:00 0 
7f99af376000-7f99b0765000 r--p 00000000 00:1c 116812115335129235         /usr/lib/wsl/drivers/nv_dispi.inf_amd64_675be35f1ba2315e/libnvwgf2umx.so
7f99b0765000-7f99b23a8000 r-xp 013ef000 00:1c 116812115335129235         /usr/lib/wsl/drivers/nv_dispi.inf_amd64_675be35f1ba2315e/libnvwgf2umx.so
7f99b23a8000-7f99b24b2000 r--p 03032000 00:1c 116812115335129235         /usr/lib/wsl/drivers/nv_dispi.inf_amd64_675be35f1ba2315e/libnvwgf2umx.so
7f99b24b2000-7f99b42db000 rw-p 0313c000 00:1c 116812115335129235         /usr/lib/wsl/drivers/nv_dispi.inf_amd64_675be35f1ba2315e/libnvwgf2umx.so
7f99b42db000-7f99b432c000 rw-p 00000000 00:00 0 
7f99b4942000-7f99b4986000 r--p 00000000 00:1e 20266198323535243          /usr/lib/wsl/lib/libd3d12.so
7f99b4986000-7f99b49ff000 r-xp 00043000 00:1e 20266198323535243          /usr/lib/wsl/lib/libd3d12.so
7f99b49ff000-7f99b4a07000 r--p 000bb000 00:1e 20266198323535243          /usr/lib/wsl/lib/libd3d12.so
7f99b4a07000-7f99b4a09000 rw-p 000c2000 00:1e 20266198323535243          /usr/lib/wsl/lib/libd3d12.so
7f99b4a09000-7f99b4a0c000 rw-p 00000000 00:00 0 
7f99b4a0c000-7f99b4a4f000 r--p 00000000 00:1e 20266198323394879          /usr/lib/wsl/lib/libdxcore.so
7f99b4a4f000-7f99b4ad0000 r-xp 00042000 00:1e 20266198323394879          /usr/lib/wsl/lib/libdxcore.so
7f99b4ad0000-7f99b4ad8000 r--p 000c2000 00:1e 20266198323394879          /usr/lib/wsl/lib/libdxcore.so
7f99b4ad8000-7f99b4ada000 rw-p 000c9000 00:1e 20266198323394879          /usr/lib/wsl/lib/libdxcore.so
7f99b4ada000-7f99b4add000 rw-p 00000000 00:00 0 
7f99b4add000-7f99b4b73000 r--p 00000000 08:20 16268                      /usr/lib/x86_64-linux-gnu/libstdc++.so.6.0.28
7f99b4b73000-7f99b4c64000 r-xp 00096000 08:20 16268                      /usr/lib/x86_64-linux-gnu/libstdc++.so.6.0.28
7f99b4c64000-7f99b4cad000 r--p 00187000 08:20 16268                      /usr/lib/x86_64-linux-gnu/libstdc++.so.6.0.28
7f99b4cad000-7f99b4cae000 ---p 001d0000 08:20 16268                      /usr/lib/x86_64-linux-gnu/libstdc++.so.6.0.28
7f99b4cae000-7f99b4cb9000 r--p 001d0000 08:20 16268                      /usr/lib/x86_64-linux-gnu/libstdc++.so.6.0.28
7f99b4cb9000-7f99b4cbc000 rw-p 001db000 08:20 16268                      /usr/lib/x86_64-linux-gnu/libstdc++.so.6.0.28
7f99b4cbc000-7f99b4cbf000 rw-p 00000000 00:00 0 
7f99b4cbf000-7f99b9ee0000 r-xp 00000000 08:20 7268                       /usr/lib/x86_64-linux-gnu/libLLVM-12.so.1
7f99b9ee0000-7f99ba3f9000 r--p 05220000 08:20 7268                       /usr/lib/x86_64-linux-gnu/libLLVM-12.so.1
7f99ba3f9000-7f99ba400000 rw-p 05739000 08:20 7268                       /usr/lib/x86_64-linux-gnu/libLLVM-12.so.1
7f99ba400000-7f99ba475000 rw-p 00000000 00:00 0 
7f99ba475000-7f99ba60b000 r--p 00000000 08:20 7165                       /usr/lib/x86_64-linux-gnu/dri/swrast_dri.so
7f99ba60b000-7f99bb6b6000 r-xp 00196000 08:20 7165                       /usr/lib/x86_64-linux-gnu/dri/swrast_dri.so
7f99bb6b6000-7f99bbb7c000 r--p 01241000 08:20 7165                       /usr/lib/x86_64-linux-gnu/dri/swrast_dri.so
7f99bbb7c000-7f99bbcaa000 r--p 01706000 08:20 7165                       /usr/lib/x86_64-linux-gnu/dri/swrast_dri.so
7f99bbcaa000-7f99bbde2000 rw-p 01834000 08:20 7165                       /usr/lib/x86_64-linux-gnu/dri/swrast_dri.so
7f99bbde2000-7f99bc000000 rw-p 00000000 00:00 0 
7f99bc000000-7f99bc021000 rw-p 00000000 00:00 0 
7f99bc021000-7f99c0000000 ---p 00000000 00:00 0 
7f99c0000000-7f99c012f000 rw-p 00000000 00:00 0 
7f99c012f000-7f99c4000000 ---p 00000000 00:00 0 
7f99c4000000-7f99c4021000 rw-p 00000000 00:00 0 
7f99c4021000-7f99c8000000 ---p 00000000 00:00 0 
7f99c8000000-7f99c8021000 rw-p 00000000 00:00 0 
7f99c8021000-7f99cc000000 ---p 00000000 00:00 0 
7f99cc000000-7f99cc077000 rw-p 00000000 00:00 0 
7f99cc077000-7f99d0000000 ---p 00000000 00:00 0 
7f99d0000000-7f99d0073000 rw-p 00000000 00:00 0 
7f99d0073000-7f99d4000000 ---p 00000000 00:00 0 
7f99d4000000-7f99d41fa000 rw-p 00000000 00:00 0 
7f99d41fa000-7f99d8000000 ---p 00000000 00:00 0 
7f99d8000000-7f99d8021000 rw-p 00000000 00:00 0 
7f99d8021000-7f99dc000000 ---p 00000000 00:00 0 
7f99dc000000-7f99dc021000 rw-p 00000000 00:00 0 
7f99dc021000-7f99e0000000 ---p 00000000 00:00 0 
7f99e0000000-7f99e022b000 rw-p 00000000 00:00 0 
7f99e022b000-7f99e4000000 ---p 00000000 00:00 0 
7f99e4000000-7f99e4021000 rw-p 00000000 00:00 0 
7f99e4021000-7f99e8000000 ---p 00000000 00:00 0 
7f99e8000000-7f99e8021000 rw-p 00000000 00:00 0 
7f99e8021000-7f99ec000000 ---p 00000000 00:00 0 
7f99ec000000-7f99ec021000 rw-p 00000000 00:00 0 
7f99ec021000-7f99f0000000 ---p 00000000 00:00 0 
7f99f0000000-7f99f0021000 rw-p 00000000 00:00 0 
7f99f0021000-7f99f4000000 ---p 00000000 00:00 0 
7f99f4000000-7f99f4021000 rw-p 00000000 00:00 0 
7f99f4021000-7f99f8000000 ---p 00000000 00:00 0 
7f99f8000000-7f99f8021000 rw-p 00000000 00:00 0 
7f99f8021000-7f99fc000000 ---p 00000000 00:00 0 
7f99fc000000-7f99fc400000 rw-p 00000000 00:00 0 
7f99fc400000-7f99fc480000 rw-p 00000000 00:00 0 
7f99fc480000-7f99fc500000 rw-p 00000000 00:00 0 
7f99fc500000-7f99fc680000 rw-p 00000000 00:00 0 
7f99fc680000-7f99fc700000 ---p 00000000 00:00 0 
7f99fc700000-7f99fc7c0000 rw-p 00000000 00:00 0 
7f99fc7c0000-7f99fc800000 rw-p 00000000 00:00 0 
7f99fc800000-7f99fc850000 rw-p 00000000 00:00 0 
7f99fc850000-7f9a00000000 ---p 00000000 00:00 0 
7f9a00000000-7f9a00021000 rw-p 00000000 00:00 0 
7f9a00021000-7f9a04000000 ---p 00000000 00:00 0 
7f9a040af000-7f9a040bd000 r--p 00000000 08:20 11777                      /usr/lib/x86_64-linux-gnu/libtinfo.so.6.2
7f9a040bd000-7f9a040cc000 r-xp 0000e000 08:20 11777                      /usr/lib/x86_64-linux-gnu/libtinfo.so.6.2
7f9a040cc000-7f9a040da000 r--p 0001d000 08:20 11777                      /usr/lib/x86_64-linux-gnu/libtinfo.so.6.2
7f9a040da000-7f9a040de000 r--p 0002a000 08:20 11777                      /usr/lib/x86_64-linux-gnu/libtinfo.so.6.2
7f9a040de000-7f9a040df000 rw-p 0002e000 08:20 11777                      /usr/lib/x86_64-linux-gnu/libtinfo.so.6.2
7f9a040df000-7f9a040e7000 r--p 00000000 08:20 11177                      /usr/lib/x86_64-linux-gnu/libedit.so.2.0.63
7f9a040e7000-7f9a04102000 r-xp 00008000 08:20 11177                      /usr/lib/x86_64-linux-gnu/libedit.so.2.0.63
7f9a04102000-7f9a04110000 r--p 00023000 08:20 11177                      /usr/lib/x86_64-linux-gnu/libedit.so.2.0.63
7f9a04110000-7f9a04112000 r--p 00030000 08:20 11177                      /usr/lib/x86_64-linux-gnu/libedit.so.2.0.63
7f9a04112000-7f9a04113000 rw-p 00032000 08:20 11177                      /usr/lib/x86_64-linux-gnu/libedit.so.2.0.63
7f9a04113000-7f9a04117000 rw-p 00000000 00:00 0 
7f9a04117000-7f9a04119000 r--p 00000000 08:20 11201                      /usr/lib/x86_64-linux-gnu/libffi.so.7.1.0
7f9a04119000-7f9a0411f000 r-xp 00002000 08:20 11201                      /usr/lib/x86_64-linux-gnu/libffi.so.7.1.0
7f9a0411f000-7f9a04120000 r--p 00008000 08:20 11201                      /usr/lib/x86_64-linux-gnu/libffi.so.7.1.0
7f9a04120000-7f9a04121000 ---p 00009000 08:20 11201                      /usr/lib/x86_64-linux-gnu/libffi.so.7.1.0
7f9a04121000-7f9a04122000 r--p 00009000 08:20 11201                      /usr/lib/x86_64-linux-gnu/libffi.so.7.1.0
7f9a04122000-7f9a04123000 rw-p 0000a000 08:20 11201                      /usr/lib/x86_64-linux-gnu/libffi.so.7.1.0
7f9a04123000-7f9a04126000 r--p 00000000 08:20 15714                      /usr/lib/x86_64-linux-gnu/libgcc_s.so.1
7f9a04126000-7f9a04138000 r-xp 00003000 08:20 15714                      /usr/lib/x86_64-linux-gnu/libgcc_s.so.1
7f9a04138000-7f9a0413c000 r--p 00015000 08:20 15714                      /usr/lib/x86_64-linux-gnu/libgcc_s.so.1
7f9a0413c000-7f9a0413d000 r--p 00018000 08:20 15714                      /usr/lib/x86_64-linux-gnu/libgcc_s.so.1
7f9a0413d000-7f9a0413e000 rw-p 00019000 08:20 15714                      /usr/lib/x86_64-linux-gnu/libgcc_s.so.1
7f9a0413e000-7f9a0414d000 r--p 00000000 08:20 11603                      /usr/lib/x86_64-linux-gnu/libvulkan.so.1.2.131
7f9a0414d000-7f9a0417f000 r-xp 0000f000 08:20 11603                      /usr/lib/x86_64-linux-gnu/libvulkan.so.1.2.131
7f9a0417f000-7f9a04192000 r--p 00041000 08:20 11603                      /usr/lib/x86_64-linux-gnu/libvulkan.so.1.2.131
7f9a04192000-7f9a04193000 r--p 00053000 08:20 11603                      /usr/lib/x86_64-linux-gnu/libvulkan.so.1.2.131
7f9a04193000-7f9a04194000 rw-p 00054000 08:20 11603                      /usr/lib/x86_64-linux-gnu/libvulkan.so.1.2.131
7f9a04194000-7f9a04196000 r--p 00000000 08:20 6884                       /usr/lib/x86_64-linux-gnu/libdrm_nouveau.so.2.0.0
7f9a04196000-7f9a0419b000 r-xp 00002000 08:20 6884                       /usr/lib/x86_64-linux-gnu/libdrm_nouveau.so.2.0.0
7f9a0419b000-7f9a0419d000 r--p 00007000 08:20 6884                       /usr/lib/x86_64-linux-gnu/libdrm_nouveau.so.2.0.0
7f9a0419d000-7f9a0419e000 r--p 00008000 08:20 6884                       /usr/lib/x86_64-linux-gnu/libdrm_nouveau.so.2.0.0
7f9a0419e000-7f9a0419f000 rw-p 00009000 08:20 6884                       /usr/lib/x86_64-linux-gnu/libdrm_nouveau.so.2.0.0
7f9a0419f000-7f9a041a2000 r--p 00000000 08:20 6837                       /usr/lib/x86_64-linux-gnu/libdrm_amdgpu.so.1.0.0
7f9a041a2000-7f9a041a7000 r-xp 00003000 08:20 6837                       /usr/lib/x86_64-linux-gnu/libdrm_amdgpu.so.1.0.0
7f9a041a7000-7f9a041a9000 r--p 00008000 08:20 6837                       /usr/lib/x86_64-linux-gnu/libdrm_amdgpu.so.1.0.0
7f9a041a9000-7f9a041aa000 r--p 00009000 08:20 6837                       /usr/lib/x86_64-linux-gnu/libdrm_amdgpu.so.1.0.0
7f9a041aa000-7f9a041ab000 rw-p 0000a000 08:20 6837                       /usr/lib/x86_64-linux-gnu/libdrm_amdgpu.so.1.0.0
7f9a041ab000-7f9a041ae000 r--p 00000000 08:20 11182                      /usr/lib/x86_64-linux-gnu/libelf-0.176.so
7f9a041ae000-7f9a041c0000 r-xp 00003000 08:20 11182                      /usr/lib/x86_64-linux-gnu/libelf-0.176.so
7f9a041c0000-7f9a041c5000 r--p 00015000 08:20 11182                      /usr/lib/x86_64-linux-gnu/libelf-0.176.so
7f9a041c5000-7f9a041c6000 r--p 00019000 08:20 11182                      /usr/lib/x86_64-linux-gnu/libelf-0.176.so
7f9a041c6000-7f9a041c7000 rw-p 0001a000 08:20 11182                      /usr/lib/x86_64-linux-gnu/libelf-0.176.so
7f9a041c7000-7f9a041c9000 r--p 00000000 08:20 6917                       /usr/lib/x86_64-linux-gnu/libdrm_radeon.so.1.0.1
7f9a041c9000-7f9a041d0000 r-xp 00002000 08:20 6917                       /usr/lib/x86_64-linux-gnu/libdrm_radeon.so.1.0.1
7f9a041d0000-7f9a041d4000 r--p 00009000 08:20 6917                       /usr/lib/x86_64-linux-gnu/libdrm_radeon.so.1.0.1
7f9a041d4000-7f9a041d5000 r--p 0000c000 08:20 6917                       /usr/lib/x86_64-linux-gnu/libdrm_radeon.so.1.0.1
7f9a041d5000-7f9a041d6000 rw-p 0000d000 08:20 6917                       /usr/lib/x86_64-linux-gnu/libdrm_radeon.so.1.0.1
7f9a041d6000-7f9a041d9000 r--p 00000000 08:20 7300                       /usr/lib/x86_64-linux-gnu/libsensors.so.5.0.0
7f9a041d9000-7f9a041e0000 r-xp 00003000 08:20 7300                       /usr/lib/x86_64-linux-gnu/libsensors.so.5.0.0
7f9a041e0000-7f9a041e5000 r--p 0000a000 08:20 7300                       /usr/lib/x86_64-linux-gnu/libsensors.so.5.0.0
7f9a041e5000-7f9a041e6000 r--p 0000e000 08:20 7300                       /usr/lib/x86_64-linux-gnu/libsensors.so.5.0.0
7f9a041e6000-7f9a041e7000 rw-p 0000f000 08:20 7300                       /usr/lib/x86_64-linux-gnu/libsensors.so.5.0.0
7f9a041e7000-7f9a041eb000 r--p 00000000 08:20 10564                      /usr/lib/x86_64-linux-gnu/libzstd.so.1.4.4
7f9a041eb000-7f9a0427d000 r-xp 00004000 08:20 10564                      /usr/lib/x86_64-linux-gnu/libzstd.so.1.4.4
7f9a0427d000-7f9a0428e000 r--p 00096000 08:20 10564                      /usr/lib/x86_64-linux-gnu/libzstd.so.1.4.4
7f9a0428e000-7f9a0428f000 r--p 000a6000 08:20 10564                      /usr/lib/x86_64-linux-gnu/libzstd.so.1.4.4
7f9a0428f000-7f9a04290000 rw-p 000a7000 08:20 10564                      /usr/lib/x86_64-linux-gnu/libzstd.so.1.4.4
7f9a04290000-7f9a04293000 r--p 00000000 08:20 7075                       /usr/lib/x86_64-linux-gnu/libxcb-xfixes.so.0.0.0
7f9a04293000-7f9a04296000 r-xp 00003000 08:20 7075                       /usr/lib/x86_64-linux-gnu/libxcb-xfixes.so.0.0.0
7f9a04296000-7f9a04297000 r--p 00006000 08:20 7075                       /usr/lib/x86_64-linux-gnu/libxcb-xfixes.so.0.0.0
7f9a04297000-7f9a04298000 ---p 00007000 08:20 7075                       /usr/lib/x86_64-linux-gnu/libxcb-xfixes.so.0.0.0
7f9a04298000-7f9a04299000 r--p 00007000 08:20 7075                       /usr/lib/x86_64-linux-gnu/libxcb-xfixes.so.0.0.0
7f9a04299000-7f9a0429a000 rw-p 00008000 08:20 7075                       /usr/lib/x86_64-linux-gnu/libxcb-xfixes.so.0.0.0
7f9a0429a000-7f9a0429b000 r-xp 00000000 08:20 11639                      /usr/lib/x86_64-linux-gnu/libxshmfence.so.1.0.0
7f9a0429b000-7f9a0449a000 ---p 00001000 08:20 11639                      /usr/lib/x86_64-linux-gnu/libxshmfence.so.1.0.0
7f9a0449a000-7f9a0449b000 r--p 00000000 08:20 11639                      /usr/lib/x86_64-linux-gnu/libxshmfence.so.1.0.0
7f9a0449b000-7f9a0449c000 rw-p 00001000 08:20 11639                      /usr/lib/x86_64-linux-gnu/libxshmfence.so.1.0.0
7f9a0449c000-7f9a0449f000 r--p 00000000 08:20 11625                      /usr/lib/x86_64-linux-gnu/libxcb-sync.so.1.0.0
7f9a0449f000-7f9a044a2000 r-xp 00003000 08:20 11625                      /usr/lib/x86_64-linux-gnu/libxcb-sync.so.1.0.0
7f9a044a2000-7f9a044a3000 r--p 00006000 08:20 11625                      /usr/lib/x86_64-linux-gnu/libxcb-sync.so.1.0.0
7f9a044a3000-7f9a044a4000 ---p 00007000 08:20 11625                      /usr/lib/x86_64-linux-gnu/libxcb-sync.so.1.0.0
7f9a044a4000-7f9a044a5000 r--p 00007000 08:20 11625                      /usr/lib/x86_64-linux-gnu/libxcb-sync.so.1.0.0
7f9a044a5000-7f9a044a6000 rw-p 00008000 08:20 11625                      /usr/lib/x86_64-linux-gnu/libxcb-sync.so.1.0.0
7f9a044a6000-7f9a044a7000 r--p 00000000 08:20 11619                      /usr/lib/x86_64-linux-gnu/libxcb-present.so.0.0.0
7f9a044a7000-7f9a044a8000 r-xp 00001000 08:20 11619                      /usr/lib/x86_64-linux-gnu/libxcb-present.so.0.0.0
7f9a044a8000-7f9a044a9000 r--p 00002000 08:20 11619                      /usr/lib/x86_64-linux-gnu/libxcb-present.so.0.0.0
7f9a044a9000-7f9a044aa000 r--p 00002000 08:20 11619                      /usr/lib/x86_64-linux-gnu/libxcb-present.so.0.0.0
7f9a044aa000-7f9a044ab000 rw-p 00003000 08:20 11619                      /usr/lib/x86_64-linux-gnu/libxcb-present.so.0.0.0
7f9a044ab000-7f9a044ad000 r--p 00000000 08:20 11615                      /usr/lib/x86_64-linux-gnu/libxcb-dri3.so.0.0.0
7f9a044ad000-7f9a044ae000 r-xp 00002000 08:20 11615                      /usr/lib/x86_64-linux-gnu/libxcb-dri3.so.0.0.0
7f9a044ae000-7f9a044af000 r--p 00003000 08:20 11615                      /usr/lib/x86_64-linux-gnu/libxcb-dri3.so.0.0.0
7f9a044af000-7f9a044b0000 r--p 00003000 08:20 11615                      /usr/lib/x86_64-linux-gnu/libxcb-dri3.so.0.0.0
7f9a044b0000-7f9a044b1000 rw-p 00004000 08:20 11615                      /usr/lib/x86_64-linux-gnu/libxcb-dri3.so.0.0.0
7f9a044b1000-7f9a044b5000 r--p 00000000 08:20 18253                      /usr/lib/x86_64-linux-gnu/libexpat.so.1.6.11
7f9a044b5000-7f9a044d1000 r-xp 00004000 08:20 18253                      /usr/lib/x86_64-linux-gnu/libexpat.so.1.6.11
7f9a044d1000-7f9a044db000 r--p 00020000 08:20 18253                      /usr/lib/x86_64-linux-gnu/libexpat.so.1.6.11
7f9a044db000-7f9a044dc000 ---p 0002a000 08:20 18253                      /usr/lib/x86_64-linux-gnu/libexpat.so.1.6.11
7f9a044dc000-7f9a044de000 r--p 0002a000 08:20 18253                      /usr/lib/x86_64-linux-gnu/libexpat.so.1.6.11
7f9a044de000-7f9a044df000 rw-p 0002c000 08:20 18253                      /usr/lib/x86_64-linux-gnu/libexpat.so.1.6.11
7f9a044df000-7f9a044e0000 r--p 00000000 08:20 7050                       /usr/lib/x86_64-linux-gnu/libxcb-shm.so.0.0.0
7f9a044e0000-7f9a044e1000 r-xp 00001000 08:20 7050                       /usr/lib/x86_64-linux-gnu/libxcb-shm.so.0.0.0
7f9a044e1000-7f9a044e2000 r--p 00002000 08:20 7050                       /usr/lib/x86_64-linux-gnu/libxcb-shm.so.0.0.0
7f9a044e2000-7f9a044e3000 r--p 00002000 08:20 7050                       /usr/lib/x86_64-linux-gnu/libxcb-shm.so.0.0.0
7f9a044e3000-7f9a044e4000 rw-p 00003000 08:20 7050                       /usr/lib/x86_64-linux-gnu/libxcb-shm.so.0.0.0
7f9a044e4000-7f9a044e6000 r--p 00000000 08:20 11613                      /usr/lib/x86_64-linux-gnu/libxcb-dri2.so.0.0.0
7f9a044e6000-7f9a044e8000 r-xp 00002000 08:20 11613                      /usr/lib/x86_64-linux-gnu/libxcb-dri2.so.0.0.0
7f9a044e8000-7f9a044e9000 r--p 00004000 08:20 11613                      /usr/lib/x86_64-linux-gnu/libxcb-dri2.so.0.0.0
7f9a044e9000-7f9a044ea000 r--p 00004000 08:20 11613                      /usr/lib/x86_64-linux-gnu/libxcb-dri2.so.0.0.0
7f9a044ea000-7f9a044eb000 rw-p 00005000 08:20 11613                      /usr/lib/x86_64-linux-gnu/libxcb-dri2.so.0.0.0
7f9a044eb000-7f9a044f6000 r--p 00000000 08:20 11617                      /usr/lib/x86_64-linux-gnu/libxcb-glx.so.0.0.0
7f9a044f6000-7f9a044ff000 r-xp 0000b000 08:20 11617                      /usr/lib/x86_64-linux-gnu/libxcb-glx.so.0.0.0
7f9a044ff000-7f9a04504000 r--p 00014000 08:20 11617                      /usr/lib/x86_64-linux-gnu/libxcb-glx.so.0.0.0
7f9a04504000-7f9a04505000 ---p 00019000 08:20 11617                      /usr/lib/x86_64-linux-gnu/libxcb-glx.so.0.0.0
7f9a04505000-7f9a04507000 r--p 00019000 08:20 11617                      /usr/lib/x86_64-linux-gnu/libxcb-glx.so.0.0.0
7f9a04507000-7f9a04508000 rw-p 0001b000 08:20 11617                      /usr/lib/x86_64-linux-gnu/libxcb-glx.so.0.0.0
7f9a04508000-7f9a0450d000 r--p 00000000 08:20 19124                      /usr/lib/x86_64-linux-gnu/libdrm.so.2.4.0
7f9a0450d000-7f9a04518000 r-xp 00005000 08:20 19124                      /usr/lib/x86_64-linux-gnu/libdrm.so.2.4.0
7f9a04518000-7f9a0451c000 r--p 00010000 08:20 19124                      /usr/lib/x86_64-linux-gnu/libdrm.so.2.4.0
7f9a0451c000-7f9a0451d000 r--p 00013000 08:20 19124                      /usr/lib/x86_64-linux-gnu/libdrm.so.2.4.0
7f9a0451d000-7f9a0451e000 rw-p 00014000 08:20 19124                      /usr/lib/x86_64-linux-gnu/libdrm.so.2.4.0
7f9a0451e000-7f9a0452b000 r--p 00000000 08:20 7199                       /usr/lib/x86_64-linux-gnu/libglapi.so.0.0.0
7f9a0452b000-7f9a04539000 r-xp 0000d000 08:20 7199                       /usr/lib/x86_64-linux-gnu/libglapi.so.0.0.0
7f9a04539000-7f9a04552000 r--p 0001b000 08:20 7199                       /usr/lib/x86_64-linux-gnu/libglapi.so.0.0.0
7f9a04552000-7f9a04553000 ---p 00034000 08:20 7199                       /usr/lib/x86_64-linux-gnu/libglapi.so.0.0.0
7f9a04553000-7f9a04557000 r--p 00034000 08:20 7199                       /usr/lib/x86_64-linux-gnu/libglapi.so.0.0.0
7f9a04557000-7f9a04558000 rw-p 00038000 08:20 7199                       /usr/lib/x86_64-linux-gnu/libglapi.so.0.0.0
7f9a04558000-7f9a04559000 rw-p 00000000 00:00 0 
7f9a04559000-7f9a04572000 r--p 00000000 08:20 7111                       /usr/lib/x86_64-linux-gnu/libGLX_mesa.so.0.0.0
7f9a04572000-7f9a045b6000 r-xp 00019000 08:20 7111                       /usr/lib/x86_64-linux-gnu/libGLX_mesa.so.0.0.0
7f9a045b6000-7f9a045cd000 r--p 0005d000 08:20 7111                       /usr/lib/x86_64-linux-gnu/libGLX_mesa.so.0.0.0
7f9a045cd000-7f9a045d0000 r--p 00073000 08:20 7111                       /usr/lib/x86_64-linux-gnu/libGLX_mesa.so.0.0.0
7f9a045d0000-7f9a045d1000 rw-p 00076000 08:20 7111                       /usr/lib/x86_64-linux-gnu/libGLX_mesa.so.0.0.0
7f9a045d1000-7f9a045d2000 rw-p 00000000 00:00 0 
7f9a045d2000-7f9a04612000 r--p 00000000 08:20 3793                       /usr/lib/x86_64-linux-gnu/libGLdispatch.so.0.0.0
7f9a04612000-7f9a04651000 r-xp 00040000 08:20 3793                       /usr/lib/x86_64-linux-gnu/libGLdispatch.so.0.0.0
7f9a04651000-7f9a04665000 r--p 0007f000 08:20 3793                       /usr/lib/x86_64-linux-gnu/libGLdispatch.so.0.0.0
7f9a04665000-7f9a04681000 r--p 00092000 08:20 3793                       /usr/lib/x86_64-linux-gnu/libGLdispatch.so.0.0.0
7f9a04681000-7f9a04682000 rw-p 000ae000 08:20 3793                       /usr/lib/x86_64-linux-gnu/libGLdispatch.so.0.0.0
7f9a04682000-7f9a0468a000 rw-p 00000000 00:00 0 
7f9a0468a000-7f9a0468d000 r--p 00000000 08:20 3717                       /usr/lib/x86_64-linux-gnu/libGLX.so.0.0.0
7f9a0468d000-7f9a046a8000 r-xp 00003000 08:20 3717                       /usr/lib/x86_64-linux-gnu/libGLX.so.0.0.0
7f9a046a8000-7f9a046ac000 r--p 0001e000 08:20 3717                       /usr/lib/x86_64-linux-gnu/libGLX.so.0.0.0
7f9a046ac000-7f9a046ad000 r--p 00021000 08:20 3717                       /usr/lib/x86_64-linux-gnu/libGLX.so.0.0.0
7f9a046ad000-7f9a046ae000 rw-p 00022000 08:20 3717                       /usr/lib/x86_64-linux-gnu/libGLX.so.0.0.0
7f9a046ae000-7f9a046be000 rw-p 00000000 00:00 0 
7f9a046be000-7f9a046bf000 r--p 00000000 08:20 21227                      /usr/lib/x86_64-linux-gnu/libX11-xcb.so.1.0.0
7f9a046bf000-7f9a046c0000 r-xp 00001000 08:20 21227                      /usr/lib/x86_64-linux-gnu/libX11-xcb.so.1.0.0
7f9a046c0000-7f9a046c1000 r--p 00002000 08:20 21227                      /usr/lib/x86_64-linux-gnu/libX11-xcb.so.1.0.0
7f9a046c1000-7f9a046c2000 r--p 00002000 08:20 21227                      /usr/lib/x86_64-linux-gnu/libX11-xcb.so.1.0.0
7f9a046c2000-7f9a046c3000 rw-p 00003000 08:20 21227                      /usr/lib/x86_64-linux-gnu/libX11-xcb.so.1.0.0
7f9a046c3000-7f9a046c4000 r--p 00000000 08:20 11047                      /usr/lib/x86_64-linux-gnu/libXinerama.so.1.0.0
7f9a046c4000-7f9a046c5000 r-xp 00001000 08:20 11047                      /usr/lib/x86_64-linux-gnu/libXinerama.so.1.0.0
7f9a046c5000-7f9a046c6000 r--p 00002000 08:20 11047                      /usr/lib/x86_64-linux-gnu/libXinerama.so.1.0.0
7f9a046c6000-7f9a046c7000 r--p 00002000 08:20 11047                      /usr/lib/x86_64-linux-gnu/libXinerama.so.1.0.0
7f9a046c7000-7f9a046c8000 rw-p 00003000 08:20 11047                      /usr/lib/x86_64-linux-gnu/libXinerama.so.1.0.0
7f9a046c8000-7f9a046ca000 r--p 00000000 08:20 11041                      /usr/lib/x86_64-linux-gnu/libXfixes.so.3.1.0
7f9a046ca000-7f9a046cd000 r-xp 00002000 08:20 11041                      /usr/lib/x86_64-linux-gnu/libXfixes.so.3.1.0
7f9a046cd000-7f9a046ce000 r--p 00005000 08:20 11041                      /usr/lib/x86_64-linux-gnu/libXfixes.so.3.1.0
7f9a046ce000-7f9a046cf000 r--p 00005000 08:20 11041                      /usr/lib/x86_64-linux-gnu/libXfixes.so.3.1.0
7f9a046cf000-7f9a046d0000 rw-p 00006000 08:20 11041                      /usr/lib/x86_64-linux-gnu/libXfixes.so.3.1.0
7f9a046d0000-7f9a046d3000 r--p 00000000 08:20 377593                     /usr/lib/x86_64-linux-gnu/libXcursor.so.1.0.2
7f9a046d3000-7f9a046d9000 r-xp 00003000 08:20 377593                     /usr/lib/x86_64-linux-gnu/libXcursor.so.1.0.2
7f9a046d9000-7f9a046db000 r--p 00009000 08:20 377593                     /usr/lib/x86_64-linux-gnu/libXcursor.so.1.0.2
7f9a046db000-7f9a046dc000 r--p 0000a000 08:20 377593                     /usr/lib/x86_64-linux-gnu/libXcursor.so.1.0.2
7f9a046dc000-7f9a046dd000 rw-p 0000b000 08:20 377593                     /usr/lib/x86_64-linux-gnu/libXcursor.so.1.0.2
7f9a046dd000-7f9a046e6000 r-xp 00000000 08:20 11057                      /usr/lib/x86_64-linux-gnu/libXrender.so.1.3.0
7f9a046e6000-7f9a048e5000 ---p 00009000 08:20 11057                      /usr/lib/x86_64-linux-gnu/libXrender.so.1.3.0
7f9a048e5000-7f9a048e6000 r--p 00008000 08:20 11057                      /usr/lib/x86_64-linux-gnu/libXrender.so.1.3.0
7f9a048e6000-7f9a048e7000 rw-p 00009000 08:20 11057                      /usr/lib/x86_64-linux-gnu/libXrender.so.1.3.0
7f9a048e7000-7f9a048e9000 r--p 00000000 08:20 11055                      /usr/lib/x86_64-linux-gnu/libXrandr.so.2.2.0
7f9a048e9000-7f9a048f0000 r-xp 00002000 08:20 11055                      /usr/lib/x86_64-linux-gnu/libXrandr.so.2.2.0
7f9a048f0000-7f9a048f2000 r--p 00009000 08:20 11055                      /usr/lib/x86_64-linux-gnu/libXrandr.so.2.2.0
7f9a048f2000-7f9a048f3000 r--p 0000a000 08:20 11055                      /usr/lib/x86_64-linux-gnu/libXrandr.so.2.2.0
7f9a048f3000-7f9a048f4000 rw-p 0000b000 08:20 11055                      /usr/lib/x86_64-linux-gnu/libXrandr.so.2.2.0
7f9a048f4000-7f9a048f6000 r--p 00000000 08:20 11045                      /usr/lib/x86_64-linux-gnu/libXi.so.6.1.0
7f9a048f6000-7f9a04901000 r-xp 00002000 08:20 11045                      /usr/lib/x86_64-linux-gnu/libXi.so.6.1.0
7f9a04901000-7f9a04904000 r--p 0000d000 08:20 11045                      /usr/lib/x86_64-linux-gnu/libXi.so.6.1.0
7f9a04904000-7f9a04905000 r--p 0000f000 08:20 11045                      /usr/lib/x86_64-linux-gnu/libXi.so.6.1.0
7f9a04905000-7f9a04906000 rw-p 00010000 08:20 11045                      /usr/lib/x86_64-linux-gnu/libXi.so.6.1.0
7f9a04906000-7f9a0490a000 r--p 00000000 08:20 11039                      /usr/lib/x86_64-linux-gnu/libXext.so.6.4.0
7f9a0490a000-7f9a04915000 r-xp 00004000 08:20 11039                      /usr/lib/x86_64-linux-gnu/libXext.so.6.4.0
7f9a04915000-7f9a04919000 r--p 0000f000 08:20 11039                      /usr/lib/x86_64-linux-gnu/libXext.so.6.4.0
7f9a04919000-7f9a0491a000 r--p 00012000 08:20 11039                      /usr/lib/x86_64-linux-gnu/libXext.so.6.4.0
7f9a0491a000-7f9a0491b000 rw-p 00013000 08:20 11039                      /usr/lib/x86_64-linux-gnu/libXext.so.6.4.0
7f9a0491b000-7f9a0491f000 r--p 00000000 08:20 11112                      /usr/lib/x86_64-linux-gnu/libbsd.so.0.10.0
7f9a0491f000-7f9a0492e000 r-xp 00004000 08:20 11112                      /usr/lib/x86_64-linux-gnu/libbsd.so.0.10.0
7f9a0492e000-7f9a04931000 r--p 00013000 08:20 11112                      /usr/lib/x86_64-linux-gnu/libbsd.so.0.10.0
7f9a04931000-7f9a04932000 ---p 00016000 08:20 11112                      /usr/lib/x86_64-linux-gnu/libbsd.so.0.10.0
7f9a04932000-7f9a04933000 r--p 00016000 08:20 11112                      /usr/lib/x86_64-linux-gnu/libbsd.so.0.10.0
7f9a04933000-7f9a04934000 rw-p 00017000 08:20 11112                      /usr/lib/x86_64-linux-gnu/libbsd.so.0.10.0
7f9a04934000-7f9a04935000 rw-p 00000000 00:00 0 
7f9a04935000-7f9a04940000 r--p 00000000 08:20 11627                      /usr/lib/x86_64-linux-gnu/libxcb.so.1.1.0
7f9a04940000-7f9a04954000 r-xp 0000b000 08:20 11627                      /usr/lib/x86_64-linux-gnu/libxcb.so.1.1.0
7f9a04954000-7f9a0495d000 r--p 0001f000 08:20 11627                      /usr/lib/x86_64-linux-gnu/libxcb.so.1.1.0
7f9a0495d000-7f9a0495e000 r--p 00027000 08:20 11627                      /usr/lib/x86_64-linux-gnu/libxcb.so.1.1.0
7f9a0495e000-7f9a0495f000 rw-p 00028000 08:20 11627                      /usr/lib/x86_64-linux-gnu/libxcb.so.1.1.0
7f9a0495f000-7f9a04977000 r--p 00000000 08:20 9650                       /usr/lib/x86_64-linux-gnu/libX11.so.6.3.0
7f9a04977000-7f9a04a02000 r-xp 00018000 08:20 9650                       /usr/lib/x86_64-linux-gnu/libX11.so.6.3.0
7f9a04a02000-7f9a04a96000 r--p 000a3000 08:20 9650                       /usr/lib/x86_64-linux-gnu/libX11.so.6.3.0
7f9a04a96000-7f9a04a97000 ---p 00137000 08:20 9650                       /usr/lib/x86_64-linux-gnu/libX11.so.6.3.0
7f9a04a97000-7f9a04a98000 r--p 00137000 08:20 9650                       /usr/lib/x86_64-linux-gnu/libX11.so.6.3.0
7f9a04a98000-7f9a04a9c000 rw-p 00138000 08:20 9650                       /usr/lib/x86_64-linux-gnu/libX11.so.6.3.0
7f9a04a9c000-7f9a04aaa000 r--p 00000000 08:20 444490                     /tmp/lwjgl_root/3.3.2+13/x64/libglfw.so
7f9a04aaa000-7f9a04ac8000 r-xp 0000e000 08:20 444490                     /tmp/lwjgl_root/3.3.2+13/x64/libglfw.so
7f9a04ac8000-7f9a04afb000 r--p 0002c000 08:20 444490                     /tmp/lwjgl_root/3.3.2+13/x64/libglfw.so
7f9a04afb000-7f9a04afc000 ---p 0005f000 08:20 444490                     /tmp/lwjgl_root/3.3.2+13/x64/libglfw.so
7f9a04afc000-7f9a04aff000 r--p 0005f000 08:20 444490                     /tmp/lwjgl_root/3.3.2+13/x64/libglfw.so
7f9a04aff000-7f9a04b02000 rw-p 00062000 08:20 444490                     /tmp/lwjgl_root/3.3.2+13/x64/libglfw.so
7f9a04b02000-7f9a04b25000 rw-p 00000000 00:00 0 
7f9a04b25000-7f9a04b29000 ---p 00000000 00:00 0 
7f9a04b29000-7f9a04c26000 rw-p 00000000 00:00 0 
7f9a04c26000-7f9a04c4f000 r--p 00000000 08:20 444488                     /tmp/lwjgl_root/3.3.2+13/x64/liblwjgl.so
7f9a04c4f000-7f9a04c80000 r-xp 00029000 08:20 444488                     /tmp/lwjgl_root/3.3.2+13/x64/liblwjgl.so
7f9a04c80000-7f9a04c99000 r--p 0005a000 08:20 444488                     /tmp/lwjgl_root/3.3.2+13/x64/liblwjgl.so
7f9a04c99000-7f9a04c9a000 r--p 00072000 08:20 444488                     /tmp/lwjgl_root/3.3.2+13/x64/liblwjgl.so
7f9a04c9a000-7f9a04c9b000 rw-p 00073000 08:20 444488                     /tmp/lwjgl_root/3.3.2+13/x64/liblwjgl.so
7f9a04c9b000-7f9a04ccc000 rw-p 00000000 00:00 0 
7f9a04ccc000-7f9a04cd0000 r--p 00000000 08:20 39212                      /root/.vscode-server/extensions/redhat.java-1.20.0-linux-x64/jre/17.0.7-linux-x86_64/lib/libnet.so
7f9a04cd0000-7f9a04cde000 r-xp 00004000 08:20 39212                      /root/.vscode-server/extensions/redhat.java-1.20.0-linux-x64/jre/17.0.7-linux-x86_64/lib/libnet.so
7f9a04cde000-7f9a04ce2000 r--p 00012000 08:20 39212                      /root/.vscode-server/extensions/redhat.java-1.20.0-linux-x64/jre/17.0.7-linux-x86_64/lib/libnet.so
7f9a04ce2000-7f9a04ce3000 r--p 00015000 08:20 39212                      /root/.vscode-server/extensions/redhat.java-1.20.0-linux-x64/jre/17.0.7-linux-x86_64/lib/libnet.so
7f9a04ce3000-7f9a04ce4000 rw-p 00016000 08:20 39212                      /root/.vscode-server/extensions/redhat.java-1.20.0-linux-x64/jre/17.0.7-linux-x86_64/lib/libnet.so
7f9a04ce4000-7f9a04ce8000 ---p 00000000 00:00 0 
7f9a04ce8000-7f9a04de5000 rw-p 00000000 00:00 0 
7f9a04de5000-7f9a04de6000 ---p 00000000 00:00 0 
7f9a04de6000-7f9a04ee7000 rw-p 00000000 00:00 0 
7f9a04ee7000-7f9a04eeb000 ---p 00000000 00:00 0 
7f9a04eeb000-7f9a04fe8000 rw-p 00000000 00:00 0 
7f9a04fe8000-7f9a04fec000 ---p 00000000 00:00 0 
7f9a04fec000-7f9a050e9000 rw-p 00000000 00:00 0 
7f9a050e9000-7f9a050ed000 ---p 00000000 00:00 0 
7f9a050ed000-7f9a051ea000 rw-p 00000000 00:00 0 
7f9a051ea000-7f9a051ee000 ---p 00000000 00:00 0 
7f9a051ee000-7f9a052eb000 rw-p 00000000 00:00 0 
7f9a052eb000-7f9a052ef000 ---p 00000000 00:00 0 
7f9a052ef000-7f9a053ec000 rw-p 00000000 00:00 0 
7f9a053ec000-7f9a053f0000 ---p 00000000 00:00 0 
7f9a053f0000-7f9a054ed000 rw-p 00000000 00:00 0 
7f9a054ed000-7f9a054f1000 ---p 00000000 00:00 0 
7f9a054f1000-7f9a055ee000 rw-p 00000000 00:00 0 
7f9a055ee000-7f9a055f2000 ---p 00000000 00:00 0 
7f9a055f2000-7f9a056ef000 rw-p 00000000 00:00 0 
7f9a056ef000-7f9a056f3000 ---p 00000000 00:00 0 
7f9a056f3000-7f9a057f0000 rw-p 00000000 00:00 0 
7f9a057f0000-7f9a05822000 r--p 00000000 08:20 20356                      /usr/lib/locale/C.UTF-8/LC_CTYPE
7f9a05822000-7f9a05995000 r--p 00000000 08:20 20355                      /usr/lib/locale/C.UTF-8/LC_COLLATE
7f9a05995000-7f9a05c7b000 r--p 00000000 08:20 4069                       /usr/lib/locale/locale-archive
7f9a05c7b000-7f9a05c7f000 ---p 00000000 00:00 0 
7f9a05c7f000-7f9a05d7c000 rw-p 00000000 00:00 0 
7f9a05d7c000-7f9a05d80000 ---p 00000000 00:00 0 
7f9a05d80000-7f9a05e7d000 rw-p 00000000 00:00 0 
7f9a05e7d000-7f9a05e7e000 ---p 00000000 00:00 0 
7f9a05e7e000-7f9a08000000 rw-p 00000000 00:00 0 
7f9a08000000-7f9a08021000 rw-p 00000000 00:00 0 
7f9a08021000-7f9a0c000000 ---p 00000000 00:00 0 
7f9a0c000000-7f9a0c021000 rw-p 00000000 00:00 0 
7f9a0c021000-7f9a10000000 ---p 00000000 00:00 0 
7f9a10000000-7f9a10021000 rw-p 00000000 00:00 0 
7f9a10021000-7f9a14000000 ---p 00000000 00:00 0 
7f9a14003000-7f9a14004000 r--p 00000000 08:20 11067                      /usr/lib/x86_64-linux-gnu/libXxf86vm.so.1.0.0
7f9a14004000-7f9a14007000 r-xp 00001000 08:20 11067                      /usr/lib/x86_64-linux-gnu/libXxf86vm.so.1.0.0
7f9a14007000-7f9a14008000 r--p 00004000 08:20 11067                      /usr/lib/x86_64-linux-gnu/libXxf86vm.so.1.0.0
7f9a14008000-7f9a14009000 r--p 00004000 08:20 11067                      /usr/lib/x86_64-linux-gnu/libXxf86vm.so.1.0.0
7f9a14009000-7f9a1400a000 rw-p 00005000 08:20 11067                      /usr/lib/x86_64-linux-gnu/libXxf86vm.so.1.0.0
7f9a1400a000-7f9a1400c000 r--p 00000000 08:20 11037                      /usr/lib/x86_64-linux-gnu/libXdmcp.so.6.0.0
7f9a1400c000-7f9a1400e000 r-xp 00002000 08:20 11037                      /usr/lib/x86_64-linux-gnu/libXdmcp.so.6.0.0
7f9a1400e000-7f9a14010000 r--p 00004000 08:20 11037                      /usr/lib/x86_64-linux-gnu/libXdmcp.so.6.0.0
7f9a14010000-7f9a14011000 r--p 00005000 08:20 11037                      /usr/lib/x86_64-linux-gnu/libXdmcp.so.6.0.0
7f9a14011000-7f9a14012000 rw-p 00006000 08:20 11037                      /usr/lib/x86_64-linux-gnu/libXdmcp.so.6.0.0
7f9a14012000-7f9a140ae000 rw-p 00000000 00:00 0 
7f9a140ae000-7f9a140af000 ---p 00000000 00:00 0 
7f9a140af000-7f9a141b0000 rw-p 00000000 00:00 0 
7f9a141b0000-7f9a141b1000 ---p 00000000 00:00 0 
7f9a141b1000-7f9a156c6000 rw-p 00000000 00:00 0 
7f9a156c6000-7f9a156c7000 ---p 00000000 00:00 0 
7f9a156c7000-7f9a157c8000 rw-p 00000000 00:00 0 
7f9a157c8000-7f9a157c9000 ---p 00000000 00:00 0 
7f9a157c9000-7f9a158ca000 rw-p 00000000 00:00 0 
7f9a158ca000-7f9a158cb000 ---p 00000000 00:00 0 
7f9a158cb000-7f9a16317000 rw-p 00000000 00:00 0 
7f9a16317000-7f9a1d817000 ---p 00000000 00:00 0 
7f9a1d817000-7f9a1dfe7000 rw-p 00000000 00:00 0 
7f9a1dfe7000-7f9a254e7000 ---p 00000000 00:00 0 
7f9a254e7000-7f9a255e1000 rw-p 00000000 00:00 0 
7f9a255e1000-7f9a26481000 ---p 00000000 00:00 0 
7f9a26481000-7f9a2657b000 rw-p 00000000 00:00 0 
7f9a2657b000-7f9a2741b000 ---p 00000000 00:00 0 
7f9a2741b000-7f9a27515000 rw-p 00000000 00:00 0 
7f9a27515000-7f9a283b5000 ---p 00000000 00:00 0 
7f9a283b5000-7f9a29000000 rw-p 00000000 00:00 0 
7f9a29000000-7f9a29270000 rwxp 00000000 00:00 0 
7f9a29270000-7f9a3045f000 ---p 00000000 00:00 0 
7f9a3045f000-7f9a3070f000 rwxp 00000000 00:00 0 
7f9a3070f000-7f9a30ba0000 ---p 00000000 00:00 0 
7f9a30ba0000-7f9a30e10000 rwxp 00000000 00:00 0 
7f9a30e10000-7f9a38000000 ---p 00000000 00:00 0 
7f9a38000000-7f9a38bb6000 rw-p 00000000 00:00 0 
7f9a38bb6000-7f9a3c000000 ---p 00000000 00:00 0 
7f9a3c001000-7f9a3c002000 r--p 00000000 08:20 11028                      /usr/lib/x86_64-linux-gnu/libXau.so.6.0.0
7f9a3c002000-7f9a3c004000 r-xp 00001000 08:20 11028                      /usr/lib/x86_64-linux-gnu/libXau.so.6.0.0
7f9a3c004000-7f9a3c005000 r--p 00003000 08:20 11028                      /usr/lib/x86_64-linux-gnu/libXau.so.6.0.0
7f9a3c005000-7f9a3c006000 r--p 00003000 08:20 11028                      /usr/lib/x86_64-linux-gnu/libXau.so.6.0.0
7f9a3c006000-7f9a3c007000 rw-p 00004000 08:20 11028                      /usr/lib/x86_64-linux-gnu/libXau.so.6.0.0
7f9a3c013000-7f9a3c014000 rw-p 00000000 00:00 0 
7f9a3c014000-7f9a3c015000 r-xp 00058000 08:20 444488                     /tmp/lwjgl_root/3.3.2+13/x64/liblwjgl.so
7f9a3c015000-7f9a3c016000 rw-p 00000000 00:00 0 
7f9a3c016000-7f9a3c01d000 r--p 00000000 08:20 39218                      /root/.vscode-server/extensions/redhat.java-1.20.0-linux-x64/jre/17.0.7-linux-x86_64/lib/libnio.so
7f9a3c01d000-7f9a3c026000 r-xp 00007000 08:20 39218                      /root/.vscode-server/extensions/redhat.java-1.20.0-linux-x64/jre/17.0.7-linux-x86_64/lib/libnio.so
7f9a3c026000-7f9a3c02a000 r--p 00010000 08:20 39218                      /root/.vscode-server/extensions/redhat.java-1.20.0-linux-x64/jre/17.0.7-linux-x86_64/lib/libnio.so
7f9a3c02a000-7f9a3c02b000 ---p 00014000 08:20 39218                      /root/.vscode-server/extensions/redhat.java-1.20.0-linux-x64/jre/17.0.7-linux-x86_64/lib/libnio.so
7f9a3c02b000-7f9a3c02c000 r--p 00014000 08:20 39218                      /root/.vscode-server/extensions/redhat.java-1.20.0-linux-x64/jre/17.0.7-linux-x86_64/lib/libnio.so
7f9a3c02c000-7f9a3c02d000 rw-p 00015000 08:20 39218                      /root/.vscode-server/extensions/redhat.java-1.20.0-linux-x64/jre/17.0.7-linux-x86_64/lib/libnio.so
7f9a3c02d000-7f9a3c02e000 r--p 00000000 08:20 20362                      /usr/lib/locale/C.UTF-8/LC_NUMERIC
7f9a3c02e000-7f9a3c02f000 r--p 00000000 08:20 20365                      /usr/lib/locale/C.UTF-8/LC_TIME
7f9a3c02f000-7f9a3c030000 r--p 00000000 08:20 20360                      /usr/lib/locale/C.UTF-8/LC_MONETARY
7f9a3c030000-7f9a3c031000 r--p 00000000 08:20 20359                      /usr/lib/locale/C.UTF-8/LC_MESSAGES/SYS_LC_MESSAGES
7f9a3c031000-7f9a3c032000 r--p 00000000 08:20 20363                      /usr/lib/locale/C.UTF-8/LC_PAPER
7f9a3c032000-7f9a3c033000 r--p 00000000 08:20 20361                      /usr/lib/locale/C.UTF-8/LC_NAME
7f9a3c033000-7f9a3c03a000 r--s 00000000 08:20 40715                      /usr/lib/x86_64-linux-gnu/gconv/gconv-modules.cache
7f9a3c03a000-7f9a3c847000 rw-p 00000000 00:00 0 
7f9a3c847000-7f9a3c92b000 ---p 00000000 00:00 0 
7f9a3c92b000-7f9a3c930000 rw-p 00000000 00:00 0 
7f9a3c930000-7f9a3ca14000 ---p 00000000 00:00 0 
7f9a3ca14000-7f9a3ca1a000 rw-p 00000000 00:00 0 
7f9a3ca1a000-7f9a3ca23000 ---p 00000000 00:00 0 
7f9a3ca23000-7f9a3ca30000 r--p 00000000 08:20 36265                      /root/.vscode-server/extensions/redhat.java-1.20.0-linux-x64/jre/17.0.7-linux-x86_64/lib/libjava.so
7f9a3ca30000-7f9a3ca42000 r-xp 0000d000 08:20 36265                      /root/.vscode-server/extensions/redhat.java-1.20.0-linux-x64/jre/17.0.7-linux-x86_64/lib/libjava.so
7f9a3ca42000-7f9a3ca48000 r--p 0001f000 08:20 36265                      /root/.vscode-server/extensions/redhat.java-1.20.0-linux-x64/jre/17.0.7-linux-x86_64/lib/libjava.so
7f9a3ca48000-7f9a3ca49000 ---p 00025000 08:20 36265                      /root/.vscode-server/extensions/redhat.java-1.20.0-linux-x64/jre/17.0.7-linux-x86_64/lib/libjava.so
7f9a3ca49000-7f9a3ca4a000 r--p 00025000 08:20 36265                      /root/.vscode-server/extensions/redhat.java-1.20.0-linux-x64/jre/17.0.7-linux-x86_64/lib/libjava.so
7f9a3ca4a000-7f9a3ca4b000 rw-p 00026000 08:20 36265                      /root/.vscode-server/extensions/redhat.java-1.20.0-linux-x64/jre/17.0.7-linux-x86_64/lib/libjava.so
7f9a3ca4b000-7f9a3ca4c000 rw-p 00000000 00:00 0 
7f9a3ca4c000-7f9a3ca4f000 r--p 00000000 08:20 37895                      /usr/lib/x86_64-linux-gnu/libnss_files-2.31.so
7f9a3ca4f000-7f9a3ca56000 r-xp 00003000 08:20 37895                      /usr/lib/x86_64-linux-gnu/libnss_files-2.31.so
7f9a3ca56000-7f9a3ca58000 r--p 0000a000 08:20 37895                      /usr/lib/x86_64-linux-gnu/libnss_files-2.31.so
7f9a3ca58000-7f9a3ca59000 r--p 0000b000 08:20 37895                      /usr/lib/x86_64-linux-gnu/libnss_files-2.31.so
7f9a3ca59000-7f9a3ca5a000 rw-p 0000c000 08:20 37895                      /usr/lib/x86_64-linux-gnu/libnss_files-2.31.so
7f9a3ca5a000-7f9a3ca60000 rw-p 00000000 00:00 0 
7f9a3ca60000-7f9a3ca61000 r--p 00000000 08:20 20354                      /usr/lib/locale/C.UTF-8/LC_ADDRESS
7f9a3ca61000-7f9a3ca62000 r--p 00000000 08:20 20364                      /usr/lib/locale/C.UTF-8/LC_TELEPHONE
7f9a3ca62000-7f9a3ca64000 r--p 00000000 08:20 39581                      /root/.vscode-server/extensions/redhat.java-1.20.0-linux-x64/jre/17.0.7-linux-x86_64/lib/libzip.so
7f9a3ca64000-7f9a3ca68000 r-xp 00002000 08:20 39581                      /root/.vscode-server/extensions/redhat.java-1.20.0-linux-x64/jre/17.0.7-linux-x86_64/lib/libzip.so
7f9a3ca68000-7f9a3ca6a000 r--p 00006000 08:20 39581                      /root/.vscode-server/extensions/redhat.java-1.20.0-linux-x64/jre/17.0.7-linux-x86_64/lib/libzip.so
7f9a3ca6a000-7f9a3ca6b000 r--p 00007000 08:20 39581                      /root/.vscode-server/extensions/redhat.java-1.20.0-linux-x64/jre/17.0.7-linux-x86_64/lib/libzip.so
7f9a3ca6b000-7f9a3ca6c000 rw-p 00008000 08:20 39581                      /root/.vscode-server/extensions/redhat.java-1.20.0-linux-x64/jre/17.0.7-linux-x86_64/lib/libzip.so
7f9a3ca6c000-7f9a3f682000 r--s 00000000 08:20 39595                      /root/.vscode-server/extensions/redhat.java-1.20.0-linux-x64/jre/17.0.7-linux-x86_64/lib/modules
7f9a3f682000-7f9a3f686000 r--p 00000000 08:20 38935                      /root/.vscode-server/extensions/redhat.java-1.20.0-linux-x64/jre/17.0.7-linux-x86_64/lib/libjimage.so
7f9a3f686000-7f9a3f699000 r-xp 00004000 08:20 38935                      /root/.vscode-server/extensions/redhat.java-1.20.0-linux-x64/jre/17.0.7-linux-x86_64/lib/libjimage.so
7f9a3f699000-7f9a3f69f000 r--p 00017000 08:20 38935                      /root/.vscode-server/extensions/redhat.java-1.20.0-linux-x64/jre/17.0.7-linux-x86_64/lib/libjimage.so
7f9a3f69f000-7f9a3f6a1000 r--p 0001c000 08:20 38935                      /root/.vscode-server/extensions/redhat.java-1.20.0-linux-x64/jre/17.0.7-linux-x86_64/lib/libjimage.so
7f9a3f6a1000-7f9a3f6a2000 rw-p 0001e000 08:20 38935                      /root/.vscode-server/extensions/redhat.java-1.20.0-linux-x64/jre/17.0.7-linux-x86_64/lib/libjimage.so
7f9a3f6a2000-7f9a3f6a6000 ---p 00000000 00:00 0 
7f9a3f6a6000-7f9a3f7a3000 rw-p 00000000 00:00 0 
7f9a3f7a3000-7f9a3f7b0000 r--p 00000000 08:20 37094                      /usr/lib/x86_64-linux-gnu/libm-2.31.so
7f9a3f7b0000-7f9a3f857000 r-xp 0000d000 08:20 37094                      /usr/lib/x86_64-linux-gnu/libm-2.31.so
7f9a3f857000-7f9a3f8f0000 r--p 000b4000 08:20 37094                      /usr/lib/x86_64-linux-gnu/libm-2.31.so
7f9a3f8f0000-7f9a3f8f1000 r--p 0014c000 08:20 37094                      /usr/lib/x86_64-linux-gnu/libm-2.31.so
7f9a3f8f1000-7f9a3f8f2000 rw-p 0014d000 08:20 37094                      /usr/lib/x86_64-linux-gnu/libm-2.31.so
7f9a3f8f2000-7f9a3f8f4000 r--p 00000000 08:20 38548                      /usr/lib/x86_64-linux-gnu/librt-2.31.so
7f9a3f8f4000-7f9a3f8f8000 r-xp 00002000 08:20 38548                      /usr/lib/x86_64-linux-gnu/librt-2.31.so
7f9a3f8f8000-7f9a3f8fa000 r--p 00006000 08:20 38548                      /usr/lib/x86_64-linux-gnu/librt-2.31.so
7f9a3f8fa000-7f9a3f8fb000 r--p 00007000 08:20 38548                      /usr/lib/x86_64-linux-gnu/librt-2.31.so
7f9a3f8fb000-7f9a3f8fc000 rw-p 00008000 08:20 38548                      /usr/lib/x86_64-linux-gnu/librt-2.31.so
7f9a3f8fc000-7f9a3fb4e000 r--p 00000000 08:20 371620                     /root/.vscode-server/extensions/redhat.java-1.20.0-linux-x64/jre/17.0.7-linux-x86_64/lib/server/libjvm.so
7f9a3fb4e000-7f9a4086e000 r-xp 00252000 08:20 371620                     /root/.vscode-server/extensions/redhat.java-1.20.0-linux-x64/jre/17.0.7-linux-x86_64/lib/server/libjvm.so
7f9a4086e000-7f9a40afa000 r--p 00f72000 08:20 371620                     /root/.vscode-server/extensions/redhat.java-1.20.0-linux-x64/jre/17.0.7-linux-x86_64/lib/server/libjvm.so
7f9a40afa000-7f9a40afb000 ---p 011fe000 08:20 371620                     /root/.vscode-server/extensions/redhat.java-1.20.0-linux-x64/jre/17.0.7-linux-x86_64/lib/server/libjvm.so
7f9a40afb000-7f9a40bb4000 r--p 011fe000 08:20 371620                     /root/.vscode-server/extensions/redhat.java-1.20.0-linux-x64/jre/17.0.7-linux-x86_64/lib/server/libjvm.so
7f9a40bb4000-7f9a40be9000 rw-p 012b7000 08:20 371620                     /root/.vscode-server/extensions/redhat.java-1.20.0-linux-x64/jre/17.0.7-linux-x86_64/lib/server/libjvm.so
7f9a40be9000-7f9a40c45000 rw-p 00000000 00:00 0 
7f9a40c45000-7f9a40c67000 r--p 00000000 08:20 37092                      /usr/lib/x86_64-linux-gnu/libc-2.31.so
7f9a40c67000-7f9a40ddf000 r-xp 00022000 08:20 37092                      /usr/lib/x86_64-linux-gnu/libc-2.31.so
7f9a40ddf000-7f9a40e2d000 r--p 0019a000 08:20 37092                      /usr/lib/x86_64-linux-gnu/libc-2.31.so
7f9a40e2d000-7f9a40e31000 r--p 001e7000 08:20 37092                      /usr/lib/x86_64-linux-gnu/libc-2.31.so
7f9a40e31000-7f9a40e33000 rw-p 001eb000 08:20 37092                      /usr/lib/x86_64-linux-gnu/libc-2.31.so
7f9a40e33000-7f9a40e37000 rw-p 00000000 00:00 0 
7f9a40e37000-7f9a40e38000 r--p 00000000 08:20 37093                      /usr/lib/x86_64-linux-gnu/libdl-2.31.so
7f9a40e38000-7f9a40e3a000 r-xp 00001000 08:20 37093                      /usr/lib/x86_64-linux-gnu/libdl-2.31.so
7f9a40e3a000-7f9a40e3b000 r--p 00003000 08:20 37093                      /usr/lib/x86_64-linux-gnu/libdl-2.31.so
7f9a40e3b000-7f9a40e3c000 r--p 00003000 08:20 37093                      /usr/lib/x86_64-linux-gnu/libdl-2.31.so
7f9a40e3c000-7f9a40e3d000 rw-p 00004000 08:20 37093                      /usr/lib/x86_64-linux-gnu/libdl-2.31.so
7f9a40e3d000-7f9a40e43000 r--p 00000000 08:20 38546                      /usr/lib/x86_64-linux-gnu/libpthread-2.31.so
7f9a40e43000-7f9a40e54000 r-xp 00006000 08:20 38546                      /usr/lib/x86_64-linux-gnu/libpthread-2.31.so
7f9a40e54000-7f9a40e5a000 r--p 00017000 08:20 38546                      /usr/lib/x86_64-linux-gnu/libpthread-2.31.so
7f9a40e5a000-7f9a40e5b000 r--p 0001c000 08:20 38546                      /usr/lib/x86_64-linux-gnu/libpthread-2.31.so
7f9a40e5b000-7f9a40e5c000 rw-p 0001d000 08:20 38546                      /usr/lib/x86_64-linux-gnu/libpthread-2.31.so
7f9a40e5c000-7f9a40e60000 rw-p 00000000 00:00 0 
7f9a40e60000-7f9a40e63000 r--p 00000000 08:20 38992                      /root/.vscode-server/extensions/redhat.java-1.20.0-linux-x64/jre/17.0.7-linux-x86_64/lib/libjli.so
7f9a40e63000-7f9a40e6d000 r-xp 00003000 08:20 38992                      /root/.vscode-server/extensions/redhat.java-1.20.0-linux-x64/jre/17.0.7-linux-x86_64/lib/libjli.so
7f9a40e6d000-7f9a40e70000 r--p 0000d000 08:20 38992                      /root/.vscode-server/extensions/redhat.java-1.20.0-linux-x64/jre/17.0.7-linux-x86_64/lib/libjli.so
7f9a40e70000-7f9a40e71000 ---p 00010000 08:20 38992                      /root/.vscode-server/extensions/redhat.java-1.20.0-linux-x64/jre/17.0.7-linux-x86_64/lib/libjli.so
7f9a40e71000-7f9a40e72000 r--p 00010000 08:20 38992                      /root/.vscode-server/extensions/redhat.java-1.20.0-linux-x64/jre/17.0.7-linux-x86_64/lib/libjli.so
7f9a40e72000-7f9a40e73000 rw-p 00011000 08:20 38992                      /root/.vscode-server/extensions/redhat.java-1.20.0-linux-x64/jre/17.0.7-linux-x86_64/lib/libjli.so
7f9a40e73000-7f9a40e75000 r--p 00000000 08:20 24278                      /usr/lib/x86_64-linux-gnu/libz.so.1.2.11
7f9a40e75000-7f9a40e86000 r-xp 00002000 08:20 24278                      /usr/lib/x86_64-linux-gnu/libz.so.1.2.11
7f9a40e86000-7f9a40e8c000 r--p 00013000 08:20 24278                      /usr/lib/x86_64-linux-gnu/libz.so.1.2.11
7f9a40e8c000-7f9a40e8d000 ---p 00019000 08:20 24278                      /usr/lib/x86_64-linux-gnu/libz.so.1.2.11
7f9a40e8d000-7f9a40e8e000 r--p 00019000 08:20 24278                      /usr/lib/x86_64-linux-gnu/libz.so.1.2.11
7f9a40e8e000-7f9a40e8f000 rw-p 0001a000 08:20 24278                      /usr/lib/x86_64-linux-gnu/libz.so.1.2.11
7f9a40e8f000-7f9a40e90000 r--p 00000000 08:20 20358                      /usr/lib/locale/C.UTF-8/LC_MEASUREMENT
7f9a40e90000-7f9a40e91000 r--p 00000000 08:20 20357                      /usr/lib/locale/C.UTF-8/LC_IDENTIFICATION
7f9a40e91000-7f9a40e99000 rw-s 00000000 08:20 444474                     /tmp/hsperfdata_root/14625 (deleted)
7f9a40e99000-7f9a40e9a000 ---p 00000000 00:00 0 
7f9a40e9a000-7f9a40e9b000 r--p 00000000 00:00 0 
7f9a40e9b000-7f9a40e9d000 rw-p 00000000 00:00 0 
7f9a40e9d000-7f9a40e9e000 r--p 00000000 08:20 21193                      /usr/lib/x86_64-linux-gnu/ld-2.31.so
7f9a40e9e000-7f9a40ec1000 r-xp 00001000 08:20 21193                      /usr/lib/x86_64-linux-gnu/ld-2.31.so
7f9a40ec1000-7f9a40ec9000 r--p 00024000 08:20 21193                      /usr/lib/x86_64-linux-gnu/ld-2.31.so
7f9a40ec9000-7f9a40eca000 ---p 00000000 00:00 0 
7f9a40eca000-7f9a40ecb000 r--p 0002c000 08:20 21193                      /usr/lib/x86_64-linux-gnu/ld-2.31.so
7f9a40ecb000-7f9a40ecc000 rw-p 0002d000 08:20 21193                      /usr/lib/x86_64-linux-gnu/ld-2.31.so
7f9a40ecc000-7f9a40ecd000 rw-p 00000000 00:00 0 
7ffdf2976000-7ffdf2998000 rw-p 00000000 00:00 0                          [stack]
7ffdf29cd000-7ffdf29d1000 r--p 00000000 00:00 0                          [vvar]
7ffdf29d1000-7ffdf29d3000 r-xp 00000000 00:00 0                          [vdso]


VM Arguments:
jvm_args: -XX:+ShowCodeDetailsInExceptionMessages 
java_command: mirage.App
java_class_path (initial): /root/dev/java/mirage/engine/target/classes:/root/.m2/repository/org/lwjgl/lwjgl/3.3.2/lwjgl-3.3.2.jar:/root/.m2/repository/org/lwjgl/lwjgl-glfw/3.3.2/lwjgl-glfw-3.3.2.jar:/root/.m2/repository/org/lwjgl/lwjgl-openal/3.3.2/lwjgl-openal-3.3.2.jar:/root/.m2/repository/org/lwjgl/lwjgl-opengl/3.3.2/lwjgl-opengl-3.3.2.jar:/root/.m2/repository/org/lwjgl/lwjgl-stb/3.3.2/lwjgl-stb-3.3.2.jar:/root/.m2/repository/org/lwjgl/lwjgl/3.3.2/lwjgl-3.3.2-natives-linux.jar:/root/.m2/repository/org/lwjgl/lwjgl-glfw/3.3.2/lwjgl-glfw-3.3.2-natives-linux.jar:/root/.m2/repository/org/lwjgl/lwjgl-openal/3.3.2/lwjgl-openal-3.3.2-natives-linux.jar:/root/.m2/repository/org/lwjgl/lwjgl-opengl/3.3.2/lwjgl-opengl-3.3.2-natives-linux.jar:/root/.m2/repository/org/lwjgl/lwjgl-stb/3.3.2/lwjgl-stb-3.3.2-natives-linux.jar
Launcher Type: SUN_STANDARD

[Global flags]
     intx CICompilerCount                          = 12                                        {product} {ergonomic}
     uint ConcGCThreads                            = 5                                         {product} {ergonomic}
     uint G1ConcRefinementThreads                  = 20                                        {product} {ergonomic}
   size_t G1HeapRegionSize                         = 4194304                                   {product} {ergonomic}
    uintx GCDrainStackTargetSize                   = 64                                        {product} {ergonomic}
   size_t InitialHeapSize                          = 524288000                                 {product} {ergonomic}
   size_t MarkStackSize                            = 4194304                                   {product} {ergonomic}
   size_t MaxHeapSize                              = 8376025088                                {product} {ergonomic}
   size_t MaxNewSize                               = 5024776192                                {product} {ergonomic}
   size_t MinHeapDeltaBytes                        = 4194304                                   {product} {ergonomic}
   size_t MinHeapSize                              = 8388608                                   {product} {ergonomic}
    uintx NonNMethodCodeHeapSize                   = 7602480                                {pd product} {ergonomic}
    uintx NonProfiledCodeHeapSize                  = 122027880                              {pd product} {ergonomic}
    uintx ProfiledCodeHeapSize                     = 122027880                              {pd product} {ergonomic}
    uintx ReservedCodeCacheSize                    = 251658240                              {pd product} {ergonomic}
     bool SegmentedCodeCache                       = true                                      {product} {ergonomic}
     bool ShowCodeDetailsInExceptionMessages       = true                                   {manageable} {command line}
   size_t SoftMaxHeapSize                          = 8376025088                             {manageable} {ergonomic}
     bool UseCompressedClassPointers               = true                           {product lp64_product} {ergonomic}
     bool UseCompressedOops                        = true                           {product lp64_product} {ergonomic}
     bool UseG1GC                                  = true                                      {product} {ergonomic}

Logging:
Log output configuration:
 #0: stdout all=off uptime,level,tags
 #1: stderr all=off uptime,level,tags

Environment Variables:
JAVA_HOME=/root/.sdkman/candidates/java/current
PATH=/root/.vscode-server/bin/695af097c7bd098fbf017ce3ac85e09bbc5dda06/bin/remote-cli:/root/.sdkman/candidates/maven/current/bin:/root/.sdkman/candidates/java/current/bin:/root/.nvm/versions/node/v18.3.0/bin:/root/.cargo/bin:/usr/local/sbin:/usr/local/bin:/usr/sbin:/usr/bin:/sbin:/bin:/usr/games:/usr/local/games:/usr/lib/wsl/lib:/mnt/d/Oculus/Support/oculus-runtime:/mnt/c/Program Files/Common Files/Oracle/Java/javapath:/mnt/c/Windows/system32:/mnt/c/Windows:/mnt/c/Windows/System32/Wbem:/mnt/c/Windows/System32/WindowsPowerShell/v1.0/:/mnt/c/Windows/System32/OpenSSH/:/mnt/c/Program Files/Microsoft VS Code/bin:/mnt/c/Program Files (x86)/NVIDIA Corporation/PhysX/Common:/mnt/c/Program Files/NVIDIA Corporation/NVIDIA NvDLISR:/mnt/c/Program Files/Go/bin:/mnt/c/Program Files/WIDCOMM/Bluetooth Software/:/mnt/c/Program Files/WIDCOMM/Bluetooth Software/syswow64:/mnt/c/Program Files/dotnet/:/mnt/f/Program Files/Git/cmd:/mnt/d/msys64/mingw64/bin:/mnt/d/Program Files/CMake/bin:/mnt/c/Users/jaree/AppData/Local/Microsoft/WindowsApps:/mnt/c/Users/jaree/go/bin:/mnt/c/Users/jaree/AppData/Local/GitHubDesktop/bin:/usr/local/go/bin
SHELL=/usr/bin/zsh
DISPLAY=:0
HOSTTYPE=x86_64
LANG=C.UTF-8
TERM=xterm-256color

Active Locale:
LC_ALL=C.UTF-8
LC_COLLATE=C.UTF-8
LC_CTYPE=C.UTF-8
LC_MESSAGES=C.UTF-8
LC_MONETARY=C.UTF-8
LC_NUMERIC=C.UTF-8
LC_TIME=C.UTF-8

Signal Handlers:
   SIGSEGV: crash_handler in libjvm.so, mask=11100100010111111101111111111110, flags=SA_RESTART|SA_SIGINFO, unblocked
    SIGBUS: crash_handler in libjvm.so, mask=11100100010111111101111111111110, flags=SA_RESTART|SA_SIGINFO, unblocked
    SIGFPE: crash_handler in libjvm.so, mask=11100100010111111101111111111110, flags=SA_RESTART|SA_SIGINFO, unblocked
   SIGPIPE: javaSignalHandler in libjvm.so, mask=11100100010111111101111111111110, flags=SA_RESTART|SA_SIGINFO, blocked
  *** Handler was modified!
  *** Expected: 0x00007f9a380156e0, mask=00001000000000011111110011010111, flags=SA_RESTART|SA_SIGINFO
   SIGXFSZ: javaSignalHandler in libjvm.so, mask=11100100010111111101111111111110, flags=SA_RESTART|SA_SIGINFO, blocked
  *** Handler was modified!
  *** Expected: 0x00007f9a380158c0, mask=00001000000000011111110011010111, flags=SA_RESTART|SA_SIGINFO
    SIGILL: crash_handler in libjvm.so, mask=11100100010111111101111111111110, flags=SA_RESTART|SA_SIGINFO, unblocked
   SIGUSR2: SR_handler in libjvm.so, mask=00000000000000000000000000000000, flags=SA_RESTART|SA_SIGINFO, blocked
  *** Handler was modified!
  *** Expected: 0x00007f9a38015820, mask=00001000000000011111110011010111, flags=SA_RESTART|SA_SIGINFO
    SIGHUP: UserHandler in libjvm.so, mask=11100100010111111101111111111110, flags=SA_RESTART|SA_SIGINFO, blocked
    SIGINT: UserHandler in libjvm.so, mask=11100100010111111101111111111110, flags=SA_RESTART|SA_SIGINFO, blocked
   SIGTERM: UserHandler in libjvm.so, mask=11100100010111111101111111111110, flags=SA_RESTART|SA_SIGINFO, blocked
   SIGQUIT: UserHandler in libjvm.so, mask=11100100010111111101111111111110, flags=SA_RESTART|SA_SIGINFO, blocked
   SIGTRAP: crash_handler in libjvm.so, mask=11100100010111111101111111111110, flags=SA_RESTART|SA_SIGINFO, unblocked


---------------  S Y S T E M  ---------------

OS:
DISTRIB_ID=Ubuntu
DISTRIB_RELEASE=20.04
DISTRIB_CODENAME=focal
DISTRIB_DESCRIPTION="Ubuntu 20.04.6 LTS"
uname: Linux 5.15.90.1-microsoft-standard-WSL2 #1 SMP Fri Jan 27 02:56:13 UTC 2023 x86_64
OS uptime: 0 days 3:08 hours
libc: glibc 2.31 NPTL 2.31 
rlimit (soft/hard): STACK 8192k/infinity , CORE 0k/infinity , NPROC 127721/127721 , NOFILE 1048576/1048576 , AS infinity/infinity , CPU infinity/infinity , DATA infinity/infinity , FSIZE infinity/infinity , MEMLOCK 65536k/65536k
load average: 0.20 0.28 0.56

/proc/meminfo:
MemTotal:       32703132 kB
MemFree:        23504968 kB
MemAvailable:   24930552 kB
Buffers:          174464 kB
Cached:          1573556 kB
SwapCached:            0 kB
Active:           722796 kB
Inactive:        7860128 kB
Active(anon):       2008 kB
Inactive(anon):  6837272 kB
Active(file):     720788 kB
Inactive(file):  1022856 kB
Unevictable:           0 kB
Mlocked:               0 kB
SwapTotal:       8388608 kB
SwapFree:        8388608 kB
Dirty:                24 kB
Writeback:           104 kB
AnonPages:       6683904 kB
Mapped:           452784 kB
Shmem:              4376 kB
KReclaimable:      83496 kB
Slab:             210868 kB
SReclaimable:      83496 kB
SUnreclaim:       127372 kB
KernelStack:       29440 kB
PageTables:        38900 kB
NFS_Unstable:          0 kB
Bounce:                0 kB
WritebackTmp:          0 kB
CommitLimit:    24740172 kB
Committed_AS:    6811244 kB
VmallocTotal:   34359738367 kB
VmallocUsed:       51856 kB
VmallocChunk:          0 kB
Percpu:             8704 kB
AnonHugePages:   5513216 kB
ShmemHugePages:        0 kB
ShmemPmdMapped:        0 kB
FileHugePages:         0 kB
FilePmdMapped:         0 kB
HugePages_Total:       0
HugePages_Free:        0
HugePages_Rsvd:        0
HugePages_Surp:        0
Hugepagesize:       2048 kB
Hugetlb:               0 kB
DirectMap4k:       19456 kB
DirectMap2M:     4007936 kB
DirectMap1G:    37748736 kB

/sys/kernel/mm/transparent_hugepage/enabled: [always] madvise never
/sys/kernel/mm/transparent_hugepage/defrag (defrag/compaction efforts parameter): always defer defer+madvise [madvise] never

Process Memory:
Virtual Size: 11786392K (peak: 11860800K)
Resident Set Size: 145620K (peak: 145620K) (anon: 59748K, file: 85512K, shmem: 360K)
Swapped out: 0K
C-Heap outstanding allocations: 59685K, retained: 6870K
glibc malloc tunables: (default)

/proc/sys/kernel/threads-max (system-wide limit on the number of threads): 255442
/proc/sys/vm/max_map_count (maximum number of memory map areas a process may have): 65530
/proc/sys/kernel/pid_max (system-wide limit on number of process identifiers): 32768

container (cgroup) information:
container_type: cgroupv1
cpu_cpuset_cpus: 0-27
cpu_memory_nodes: 0
active_processor_count: 28
cpu_quota: no quota
cpu_period: 100000
cpu_shares: no shares
memory_limit_in_bytes: unlimited
memory_and_swap_limit_in_bytes: unlimited
memory_soft_limit_in_bytes: unlimited
memory_usage_in_bytes: 8432220 k
memory_max_usage_in_bytes: unlimited
kernel_memory_usage_in_bytes: unlimited
kernel_memory_max_usage_in_bytes: unlimited
kernel_memory_limit_in_bytes: unlimited
maximum number of tasks: not supported
current number of tasks: not supported

Hyper-V virtualization detected
Steal ticks since vm start: 0
Steal ticks percentage since vm start:  0.000

CPU: total 28 (initial active 28) (16 cores per cpu, 2 threads per core) family 6 model 85 stepping 4 microcode 0xffffffff, cx8, cmov, fxsr, ht, mmx, 3dnowpref, sse, sse2, sse3, ssse3, sse4.1, sse4.2, popcnt, lzcnt, tsc, tscinvbit, avx, avx2, aes, erms, clmul, bmi1, bmi2, rtm, adx, fma, vzeroupper, clflush, clflushopt, clwb, hv
CPU Model and flags from /proc/cpuinfo:
model name	: Intel(R) Core(TM) i9-9940X CPU @ 3.30GHz
flags		: fpu vme de pse tsc msr pae mce cx8 apic sep mtrr pge mca cmov pat pse36 clflush mmx fxsr sse sse2 ss ht syscall nx pdpe1gb rdtscp lm constant_tsc arch_perfmon rep_good nopl xtopology tsc_reliable nonstop_tsc cpuid pni pclmulqdq vmx ssse3 fma cx16 pdcm pcid sse4_1 sse4_2 x2apic movbe popcnt tsc_deadline_timer aes xsave avx f16c rdrand hypervisor lahf_lm abm 3dnowprefetch invpcid_single pti ssbd ibrs ibpb stibp tpr_shadow vnmi ept vpid ept_ad fsgsbase tsc_adjust bmi1 hle avx2 smep bmi2 erms invpcid rtm avx512f avx512dq rdseed adx smap clflushopt clwb avx512cd avx512bw avx512vl xsaveopt xsavec xgetbv1 xsaves flush_l1d arch_capabilities

Online cpus: 0-27
Offline cpus: 
BIOS frequency limitation: <Not Available>
Frequency switch latency (ns): <Not Available>
Available cpu frequencies: <Not Available>
Current governor: <Not Available>
Core performance/turbo boost: <Not Available>

Memory: 4k page, physical 32703132k(23504968k free), swap 8388608k(8388608k free)
Page Sizes: 4k

vm_info: OpenJDK 64-Bit Server VM (17.0.7+7) for linux-amd64 JRE (17.0.7+7), built on Apr 18 2023 00:00:00 by "temurin" with gcc 10.3.0

END.
